ARM GAS  C:\Users\indya\AppData\Local\Temp\ccy2BUdy.s 			page 1


   1              		.syntax unified
   2              		.cpu cortex-m3
   3              		.fpu softvfp
   4              		.eabi_attribute 20, 1
   5              		.eabi_attribute 21, 1
   6              		.eabi_attribute 23, 3
   7              		.eabi_attribute 24, 1
   8              		.eabi_attribute 25, 1
   9              		.eabi_attribute 26, 1
  10              		.eabi_attribute 30, 1
  11              		.eabi_attribute 34, 1
  12              		.eabi_attribute 18, 4
  13              		.thumb
  14              		.syntax unified
  15              		.file	"cymetadata.c"
  16              		.text
  17              	.Ltext0:
  18              		.cfi_sections	.debug_frame
  19              		.global	cy_metadata
  20              		.global	cy_meta_flashprotect
  21              		.global	cy_meta_wonvl
  22              		.global	cy_meta_custnvl
  23              		.global	cy_meta_configecc
  24              		.section	.cyconfigecc,"a",%progbits
  25              		.align	2
  26              		.type	cy_meta_configecc, %object
  27              		.size	cy_meta_configecc, 868
  28              	cy_meta_configecc:
  29 0000 02       		.byte	2
  30 0001 4F       		.byte	79
  31 0002 00       		.byte	0
  32 0003 40       		.byte	64
  33 0004 03       		.byte	3
  34 0005 65       		.byte	101
  35 0006 00       		.byte	0
  36 0007 40       		.byte	64
  37 0008 04       		.byte	4
  38 0009 04       		.byte	4
  39 000a 01       		.byte	1
  40 000b 40       		.byte	64
  41 000c 02       		.byte	2
  42 000d 05       		.byte	5
  43 000e 01       		.byte	1
  44 000f 40       		.byte	64
  45 0010 03       		.byte	3
  46 0011 15       		.byte	21
  47 0012 01       		.byte	1
  48 0013 40       		.byte	64
  49 0014 01       		.byte	1
  50 0015 17       		.byte	23
  51 0016 01       		.byte	1
  52 0017 40       		.byte	64
  53 0018 0F       		.byte	15
  54 0019 18       		.byte	24
  55 001a 01       		.byte	1
  56 001b 40       		.byte	64
  57 001c 36       		.byte	54
ARM GAS  C:\Users\indya\AppData\Local\Temp\ccy2BUdy.s 			page 2


  58 001d 19       		.byte	25
  59 001e 01       		.byte	1
  60 001f 40       		.byte	64
  61 0020 68       		.byte	104
  62 0021 1A       		.byte	26
  63 0022 01       		.byte	1
  64 0023 40       		.byte	64
  65 0024 52       		.byte	82
  66 0025 1B       		.byte	27
  67 0026 01       		.byte	1
  68 0027 40       		.byte	64
  69 0028 06       		.byte	6
  70 0029 42       		.byte	66
  71 002a 01       		.byte	1
  72 002b 40       		.byte	64
  73 002c 01       		.byte	1
  74 002d 43       		.byte	67
  75 002e 01       		.byte	1
  76 002f 40       		.byte	64
  77 0030 03       		.byte	3
  78 0031 48       		.byte	72
  79 0032 01       		.byte	1
  80 0033 40       		.byte	64
  81 0034 10       		.byte	16
  82 0035 49       		.byte	73
  83 0036 01       		.byte	1
  84 0037 40       		.byte	64
  85 0038 08       		.byte	8
  86 0039 4C       		.byte	76
  87 003a 01       		.byte	1
  88 003b 40       		.byte	64
  89 003c 0D       		.byte	13
  90 003d 4D       		.byte	77
  91 003e 01       		.byte	1
  92 003f 40       		.byte	64
  93 0040 02       		.byte	2
  94 0041 50       		.byte	80
  95 0042 01       		.byte	1
  96 0043 40       		.byte	64
  97 0044 01       		.byte	1
  98 0045 51       		.byte	81
  99 0046 01       		.byte	1
 100 0047 40       		.byte	64
 101 0048 01       		.byte	1
 102 0049 10       		.byte	16
 103 004a 0A       		.byte	10
 104 004b 4B       		.byte	75
 105 004c 88       		.byte	-120
 106 004d 72       		.byte	114
 107 004e 8A       		.byte	-118
 108 004f 0F       		.byte	15
 109 0050 8B       		.byte	-117
 110 0051 38       		.byte	56
 111 0052 39       		.byte	57
 112 0053 08       		.byte	8
 113 0054 3F       		.byte	63
 114 0055 04       		.byte	4
ARM GAS  C:\Users\indya\AppData\Local\Temp\ccy2BUdy.s 			page 3


 115 0056 59       		.byte	89
 116 0057 04       		.byte	4
 117 0058 5F       		.byte	95
 118 0059 01       		.byte	1
 119 005a 23       		.byte	35
 120 005b 10       		.byte	16
 121 005c 87       		.byte	-121
 122 005d 10       		.byte	16
 123 005e E0       		.byte	-32
 124 005f 08       		.byte	8
 125 0060 E4       		.byte	-28
 126 0061 01       		.byte	1
 127 0062 EA       		.byte	-22
 128 0063 09       		.byte	9
 129 0064 E2       		.byte	-30
 130 0065 01       		.byte	1
 131 0066 80       		.byte	-128
 132 0067 02       		.byte	2
 133 0068 82       		.byte	-126
 134 0069 0C       		.byte	12
 135 006a 84       		.byte	-124
 136 006b 04       		.byte	4
 137 006c 86       		.byte	-122
 138 006d 02       		.byte	2
 139 006e 94       		.byte	-108
 140 006f 08       		.byte	8
 141 0070 96       		.byte	-106
 142 0071 02       		.byte	2
 143 0072 A4       		.byte	-92
 144 0073 0F       		.byte	15
 145 0074 A8       		.byte	-88
 146 0075 0F       		.byte	15
 147 0076 AC       		.byte	-84
 148 0077 01       		.byte	1
 149 0078 B0       		.byte	-80
 150 0079 0E       		.byte	14
 151 007a B4       		.byte	-76
 152 007b 01       		.byte	1
 153 007c BB       		.byte	-69
 154 007d 80       		.byte	-128
 155 007e D8       		.byte	-40
 156 007f 04       		.byte	4
 157 0080 D9       		.byte	-39
 158 0081 04       		.byte	4
 159 0082 DF       		.byte	-33
 160 0083 01       		.byte	1
 161 0084 01       		.byte	1
 162 0085 0A       		.byte	10
 163 0086 04       		.byte	4
 164 0087 11       		.byte	17
 165 0088 05       		.byte	5
 166 0089 08       		.byte	8
 167 008a 06       		.byte	6
 168 008b 40       		.byte	64
 169 008c 07       		.byte	7
 170 008d 01       		.byte	1
 171 008e 08       		.byte	8
ARM GAS  C:\Users\indya\AppData\Local\Temp\ccy2BUdy.s 			page 4


 172 008f 04       		.byte	4
 173 0090 0D       		.byte	13
 174 0091 20       		.byte	32
 175 0092 0E       		.byte	14
 176 0093 40       		.byte	64
 177 0094 0F       		.byte	15
 178 0095 22       		.byte	34
 179 0096 10       		.byte	16
 180 0097 2A       		.byte	42
 181 0098 15       		.byte	21
 182 0099 01       		.byte	1
 183 009a 17       		.byte	23
 184 009b 24       		.byte	36
 185 009c 19       		.byte	25
 186 009d 02       		.byte	2
 187 009e 1B       		.byte	27
 188 009f 11       		.byte	17
 189 00a0 1C       		.byte	28
 190 00a1 14       		.byte	20
 191 00a2 1D       		.byte	29
 192 00a3 08       		.byte	8
 193 00a4 1E       		.byte	30
 194 00a5 42       		.byte	66
 195 00a6 1F       		.byte	31
 196 00a7 08       		.byte	8
 197 00a8 20       		.byte	32
 198 00a9 01       		.byte	1
 199 00aa 25       		.byte	37
 200 00ab 10       		.byte	16
 201 00ac 26       		.byte	38
 202 00ad 4A       		.byte	74
 203 00ae 2C       		.byte	44
 204 00af 40       		.byte	64
 205 00b0 2F       		.byte	47
 206 00b1 2A       		.byte	42
 207 00b2 35       		.byte	53
 208 00b3 08       		.byte	8
 209 00b4 36       		.byte	54
 210 00b5 82       		.byte	-126
 211 00b6 37       		.byte	55
 212 00b7 20       		.byte	32
 213 00b8 3E       		.byte	62
 214 00b9 4A       		.byte	74
 215 00ba 3F       		.byte	63
 216 00bb 20       		.byte	32
 217 00bc 44       		.byte	68
 218 00bd 44       		.byte	68
 219 00be 45       		.byte	69
 220 00bf 28       		.byte	40
 221 00c0 46       		.byte	70
 222 00c1 40       		.byte	64
 223 00c2 47       		.byte	71
 224 00c3 40       		.byte	64
 225 00c4 4D       		.byte	77
 226 00c5 04       		.byte	4
 227 00c6 4E       		.byte	78
 228 00c7 02       		.byte	2
ARM GAS  C:\Users\indya\AppData\Local\Temp\ccy2BUdy.s 			page 5


 229 00c8 4F       		.byte	79
 230 00c9 20       		.byte	32
 231 00ca 57       		.byte	87
 232 00cb 20       		.byte	32
 233 00cc 5C       		.byte	92
 234 00cd 04       		.byte	4
 235 00ce 6C       		.byte	108
 236 00cf 2A       		.byte	42
 237 00d0 6E       		.byte	110
 238 00d1 14       		.byte	20
 239 00d2 76       		.byte	118
 240 00d3 0A       		.byte	10
 241 00d4 77       		.byte	119
 242 00d5 25       		.byte	37
 243 00d6 89       		.byte	-119
 244 00d7 01       		.byte	1
 245 00d8 8A       		.byte	-118
 246 00d9 08       		.byte	8
 247 00da 8B       		.byte	-117
 248 00db 02       		.byte	2
 249 00dc C0       		.byte	-64
 250 00dd FC       		.byte	-4
 251 00de C2       		.byte	-62
 252 00df F4       		.byte	-12
 253 00e0 C4       		.byte	-60
 254 00e1 77       		.byte	119
 255 00e2 CA       		.byte	-54
 256 00e3 F0       		.byte	-16
 257 00e4 CC       		.byte	-52
 258 00e5 F0       		.byte	-16
 259 00e6 CE       		.byte	-50
 260 00e7 F0       		.byte	-16
 261 00e8 D0       		.byte	-48
 262 00e9 D0       		.byte	-48
 263 00ea D2       		.byte	-46
 264 00eb 30       		.byte	48
 265 00ec D6       		.byte	-42
 266 00ed 40       		.byte	64
 267 00ee E2       		.byte	-30
 268 00ef 01       		.byte	1
 269 00f0 00       		.byte	0
 270 00f1 0C       		.byte	12
 271 00f2 02       		.byte	2
 272 00f3 71       		.byte	113
 273 00f4 04       		.byte	4
 274 00f5 14       		.byte	20
 275 00f6 05       		.byte	5
 276 00f7 03       		.byte	3
 277 00f8 07       		.byte	7
 278 00f9 14       		.byte	20
 279 00fa 0B       		.byte	11
 280 00fb 15       		.byte	21
 281 00fc 0C       		.byte	12
 282 00fd 10       		.byte	16
 283 00fe 0E       		.byte	14
 284 00ff AC       		.byte	-84
 285 0100 0F       		.byte	15
ARM GAS  C:\Users\indya\AppData\Local\Temp\ccy2BUdy.s 			page 6


 286 0101 08       		.byte	8
 287 0102 10       		.byte	16
 288 0103 09       		.byte	9
 289 0104 11       		.byte	17
 290 0105 13       		.byte	19
 291 0106 12       		.byte	18
 292 0107 D0       		.byte	-48
 293 0108 13       		.byte	19
 294 0109 0C       		.byte	12
 295 010a 15       		.byte	21
 296 010b 0A       		.byte	10
 297 010c 16       		.byte	22
 298 010d 03       		.byte	3
 299 010e 17       		.byte	23
 300 010f 14       		.byte	20
 301 0110 18       		.byte	24
 302 0111 DC       		.byte	-36
 303 0112 19       		.byte	25
 304 0113 20       		.byte	32
 305 0114 1A       		.byte	26
 306 0115 22       		.byte	34
 307 0116 1D       		.byte	29
 308 0117 40       		.byte	64
 309 0118 21       		.byte	33
 310 0119 13       		.byte	19
 311 011a 23       		.byte	35
 312 011b 04       		.byte	4
 313 011c 26       		.byte	38
 314 011d 20       		.byte	32
 315 011e 2C       		.byte	44
 316 011f 10       		.byte	16
 317 0120 2E       		.byte	46
 318 0121 40       		.byte	64
 319 0122 31       		.byte	49
 320 0123 0F       		.byte	15
 321 0124 32       		.byte	50
 322 0125 1F       		.byte	31
 323 0126 33       		.byte	51
 324 0127 40       		.byte	64
 325 0128 35       		.byte	53
 326 0129 10       		.byte	16
 327 012a 36       		.byte	54
 328 012b E0       		.byte	-32
 329 012c 37       		.byte	55
 330 012d 20       		.byte	32
 331 012e 3A       		.byte	58
 332 012f 80       		.byte	-128
 333 0130 3B       		.byte	59
 334 0131 02       		.byte	2
 335 0132 3F       		.byte	63
 336 0133 54       		.byte	84
 337 0134 40       		.byte	64
 338 0135 52       		.byte	82
 339 0136 41       		.byte	65
 340 0137 01       		.byte	1
 341 0138 45       		.byte	69
 342 0139 EB       		.byte	-21
ARM GAS  C:\Users\indya\AppData\Local\Temp\ccy2BUdy.s 			page 7


 343 013a 47       		.byte	71
 344 013b 0C       		.byte	12
 345 013c 48       		.byte	72
 346 013d 13       		.byte	19
 347 013e 49       		.byte	73
 348 013f FF       		.byte	-1
 349 0140 4A       		.byte	74
 350 0141 FF       		.byte	-1
 351 0142 4B       		.byte	75
 352 0143 FF       		.byte	-1
 353 0144 4E       		.byte	78
 354 0145 F0       		.byte	-16
 355 0146 4F       		.byte	79
 356 0147 44       		.byte	68
 357 0148 50       		.byte	80
 358 0149 0C       		.byte	12
 359 014a 54       		.byte	84
 360 014b 01       		.byte	1
 361 014c 58       		.byte	88
 362 014d 04       		.byte	4
 363 014e 59       		.byte	89
 364 014f 04       		.byte	4
 365 0150 5A       		.byte	90
 366 0151 04       		.byte	4
 367 0152 5B       		.byte	91
 368 0153 04       		.byte	4
 369 0154 5F       		.byte	95
 370 0155 01       		.byte	1
 371 0156 66       		.byte	102
 372 0157 C0       		.byte	-64
 373 0158 6A       		.byte	106
 374 0159 40       		.byte	64
 375 015a 6B       		.byte	107
 376 015b 02       		.byte	2
 377 015c 82       		.byte	-126
 378 015d 08       		.byte	8
 379 015e 84       		.byte	-124
 380 015f 2C       		.byte	44
 381 0160 85       		.byte	-123
 382 0161 18       		.byte	24
 383 0162 86       		.byte	-122
 384 0163 43       		.byte	67
 385 0164 89       		.byte	-119
 386 0165 18       		.byte	24
 387 0166 8C       		.byte	-116
 388 0167 71       		.byte	113
 389 0168 8E       		.byte	-114
 390 0169 0E       		.byte	14
 391 016a 92       		.byte	-110
 392 016b 0C       		.byte	12
 393 016c 93       		.byte	-109
 394 016d 02       		.byte	2
 395 016e 95       		.byte	-107
 396 016f 10       		.byte	16
 397 0170 97       		.byte	-105
 398 0171 0C       		.byte	12
 399 0172 99       		.byte	-103
ARM GAS  C:\Users\indya\AppData\Local\Temp\ccy2BUdy.s 			page 8


 400 0173 08       		.byte	8
 401 0174 9B       		.byte	-101
 402 0175 15       		.byte	21
 403 0176 9F       		.byte	-97
 404 0177 20       		.byte	32
 405 0178 A0       		.byte	-96
 406 0179 71       		.byte	113
 407 017a A2       		.byte	-94
 408 017b 06       		.byte	6
 409 017c A4       		.byte	-92
 410 017d 80       		.byte	-128
 411 017e A6       		.byte	-90
 412 017f 13       		.byte	19
 413 0180 A7       		.byte	-89
 414 0181 20       		.byte	32
 415 0182 B0       		.byte	-80
 416 0183 C0       		.byte	-64
 417 0184 B1       		.byte	-79
 418 0185 06       		.byte	6
 419 0186 B2       		.byte	-78
 420 0187 0F       		.byte	15
 421 0188 B3       		.byte	-77
 422 0189 20       		.byte	32
 423 018a B4       		.byte	-76
 424 018b 30       		.byte	48
 425 018c B5       		.byte	-75
 426 018d 18       		.byte	24
 427 018e B7       		.byte	-73
 428 018f 01       		.byte	1
 429 0190 B8       		.byte	-72
 430 0191 22       		.byte	34
 431 0192 BA       		.byte	-70
 432 0193 08       		.byte	8
 433 0194 BE       		.byte	-66
 434 0195 10       		.byte	16
 435 0196 BF       		.byte	-65
 436 0197 05       		.byte	5
 437 0198 C0       		.byte	-64
 438 0199 02       		.byte	2
 439 019a C6       		.byte	-58
 440 019b 04       		.byte	4
 441 019c C9       		.byte	-55
 442 019d FF       		.byte	-1
 443 019e CA       		.byte	-54
 444 019f 07       		.byte	7
 445 01a0 CB       		.byte	-53
 446 01a1 FF       		.byte	-1
 447 01a2 CC       		.byte	-52
 448 01a3 40       		.byte	64
 449 01a4 CD       		.byte	-51
 450 01a5 20       		.byte	32
 451 01a6 CE       		.byte	-50
 452 01a7 F0       		.byte	-16
 453 01a8 CF       		.byte	-49
 454 01a9 05       		.byte	5
 455 01aa D0       		.byte	-48
 456 01ab 08       		.byte	8
ARM GAS  C:\Users\indya\AppData\Local\Temp\ccy2BUdy.s 			page 9


 457 01ac D4       		.byte	-44
 458 01ad 18       		.byte	24
 459 01ae D8       		.byte	-40
 460 01af 04       		.byte	4
 461 01b0 D9       		.byte	-39
 462 01b1 04       		.byte	4
 463 01b2 DA       		.byte	-38
 464 01b3 04       		.byte	4
 465 01b4 DB       		.byte	-37
 466 01b5 04       		.byte	4
 467 01b6 DF       		.byte	-33
 468 01b7 01       		.byte	1
 469 01b8 E0       		.byte	-32
 470 01b9 40       		.byte	64
 471 01ba E1       		.byte	-31
 472 01bb A8       		.byte	-88
 473 01bc E2       		.byte	-30
 474 01bd 40       		.byte	64
 475 01be E3       		.byte	-29
 476 01bf 20       		.byte	32
 477 01c0 02       		.byte	2
 478 01c1 22       		.byte	34
 479 01c2 03       		.byte	3
 480 01c3 80       		.byte	-128
 481 01c4 05       		.byte	5
 482 01c5 84       		.byte	-124
 483 01c6 06       		.byte	6
 484 01c7 40       		.byte	64
 485 01c8 09       		.byte	9
 486 01c9 02       		.byte	2
 487 01ca 0A       		.byte	10
 488 01cb 20       		.byte	32
 489 01cc 0B       		.byte	11
 490 01cd 08       		.byte	8
 491 01ce 0D       		.byte	13
 492 01cf 02       		.byte	2
 493 01d0 11       		.byte	17
 494 01d1 80       		.byte	-128
 495 01d2 12       		.byte	18
 496 01d3 10       		.byte	16
 497 01d4 15       		.byte	21
 498 01d5 02       		.byte	2
 499 01d6 16       		.byte	22
 500 01d7 10       		.byte	16
 501 01d8 19       		.byte	25
 502 01d9 80       		.byte	-128
 503 01da 1A       		.byte	26
 504 01db 20       		.byte	32
 505 01dc 1B       		.byte	27
 506 01dd 80       		.byte	-128
 507 01de 1C       		.byte	28
 508 01df 40       		.byte	64
 509 01e0 1D       		.byte	29
 510 01e1 26       		.byte	38
 511 01e2 1F       		.byte	31
 512 01e3 04       		.byte	4
 513 01e4 20       		.byte	32
ARM GAS  C:\Users\indya\AppData\Local\Temp\ccy2BUdy.s 			page 10


 514 01e5 04       		.byte	4
 515 01e6 21       		.byte	33
 516 01e7 41       		.byte	65
 517 01e8 22       		.byte	34
 518 01e9 06       		.byte	6
 519 01ea 25       		.byte	37
 520 01eb 08       		.byte	8
 521 01ec 26       		.byte	38
 522 01ed 80       		.byte	-128
 523 01ee 27       		.byte	39
 524 01ef 44       		.byte	68
 525 01f0 2B       		.byte	43
 526 01f1 80       		.byte	-128
 527 01f2 2D       		.byte	45
 528 01f3 04       		.byte	4
 529 01f4 30       		.byte	48
 530 01f5 80       		.byte	-128
 531 01f6 31       		.byte	49
 532 01f7 04       		.byte	4
 533 01f8 32       		.byte	50
 534 01f9 12       		.byte	18
 535 01fa 34       		.byte	52
 536 01fb 04       		.byte	4
 537 01fc 35       		.byte	53
 538 01fd 02       		.byte	2
 539 01fe 36       		.byte	54
 540 01ff 50       		.byte	80
 541 0200 37       		.byte	55
 542 0201 04       		.byte	4
 543 0202 38       		.byte	56
 544 0203 48       		.byte	72
 545 0204 3A       		.byte	58
 546 0205 10       		.byte	16
 547 0206 3E       		.byte	62
 548 0207 14       		.byte	20
 549 0208 43       		.byte	67
 550 0209 A0       		.byte	-96
 551 020a 45       		.byte	69
 552 020b 28       		.byte	40
 553 020c 46       		.byte	70
 554 020d 20       		.byte	32
 555 020e 48       		.byte	72
 556 020f 80       		.byte	-128
 557 0210 49       		.byte	73
 558 0211 01       		.byte	1
 559 0212 4A       		.byte	74
 560 0213 22       		.byte	34
 561 0214 50       		.byte	80
 562 0215 04       		.byte	4
 563 0216 55       		.byte	85
 564 0217 40       		.byte	64
 565 0218 56       		.byte	86
 566 0219 50       		.byte	80
 567 021a 57       		.byte	87
 568 021b 20       		.byte	32
 569 021c 59       		.byte	89
 570 021d 21       		.byte	33
ARM GAS  C:\Users\indya\AppData\Local\Temp\ccy2BUdy.s 			page 11


 571 021e 5A       		.byte	90
 572 021f 48       		.byte	72
 573 0220 5E       		.byte	94
 574 0221 02       		.byte	2
 575 0222 66       		.byte	102
 576 0223 20       		.byte	32
 577 0224 67       		.byte	103
 578 0225 01       		.byte	1
 579 0226 80       		.byte	-128
 580 0227 04       		.byte	4
 581 0228 81       		.byte	-127
 582 0229 40       		.byte	64
 583 022a 82       		.byte	-126
 584 022b 40       		.byte	64
 585 022c 89       		.byte	-119
 586 022d 08       		.byte	8
 587 022e 8A       		.byte	-118
 588 022f 10       		.byte	16
 589 0230 8C       		.byte	-116
 590 0231 04       		.byte	4
 591 0232 8D       		.byte	-115
 592 0233 20       		.byte	32
 593 0234 91       		.byte	-111
 594 0235 04       		.byte	4
 595 0236 92       		.byte	-110
 596 0237 14       		.byte	20
 597 0238 93       		.byte	-109
 598 0239 01       		.byte	1
 599 023a 99       		.byte	-103
 600 023b 02       		.byte	2
 601 023c 9C       		.byte	-100
 602 023d 04       		.byte	4
 603 023e 9D       		.byte	-99
 604 023f 08       		.byte	8
 605 0240 9F       		.byte	-97
 606 0241 40       		.byte	64
 607 0242 A2       		.byte	-94
 608 0243 41       		.byte	65
 609 0244 A6       		.byte	-90
 610 0245 80       		.byte	-128
 611 0246 B5       		.byte	-75
 612 0247 10       		.byte	16
 613 0248 B7       		.byte	-73
 614 0249 01       		.byte	1
 615 024a C0       		.byte	-64
 616 024b BD       		.byte	-67
 617 024c C2       		.byte	-62
 618 024d 1E       		.byte	30
 619 024e C4       		.byte	-60
 620 024f 35       		.byte	53
 621 0250 CA       		.byte	-54
 622 0251 41       		.byte	65
 623 0252 CC       		.byte	-52
 624 0253 FF       		.byte	-1
 625 0254 CE       		.byte	-50
 626 0255 6E       		.byte	110
 627 0256 D0       		.byte	-48
ARM GAS  C:\Users\indya\AppData\Local\Temp\ccy2BUdy.s 			page 12


 628 0257 2C       		.byte	44
 629 0258 D2       		.byte	-46
 630 0259 08       		.byte	8
 631 025a D6       		.byte	-42
 632 025b 8F       		.byte	-113
 633 025c D8       		.byte	-40
 634 025d 30       		.byte	48
 635 025e E0       		.byte	-32
 636 025f 09       		.byte	9
 637 0260 E4       		.byte	-28
 638 0261 01       		.byte	1
 639 0262 EA       		.byte	-22
 640 0263 09       		.byte	9
 641 0264 3E       		.byte	62
 642 0265 10       		.byte	16
 643 0266 5B       		.byte	91
 644 0267 08       		.byte	8
 645 0268 87       		.byte	-121
 646 0269 08       		.byte	8
 647 026a CE       		.byte	-50
 648 026b 20       		.byte	32
 649 026c D6       		.byte	-42
 650 026d 40       		.byte	64
 651 026e E2       		.byte	-30
 652 026f 10       		.byte	16
 653 0270 96       		.byte	-106
 654 0271 10       		.byte	16
 655 0272 80       		.byte	-128
 656 0273 08       		.byte	8
 657 0274 96       		.byte	-106
 658 0275 10       		.byte	16
 659 0276 E2       		.byte	-30
 660 0277 80       		.byte	-128
 661 0278 12       		.byte	18
 662 0279 20       		.byte	32
 663 027a 16       		.byte	22
 664 027b 40       		.byte	64
 665 027c 70       		.byte	112
 666 027d 08       		.byte	8
 667 027e 7F       		.byte	127
 668 027f 02       		.byte	2
 669 0280 82       		.byte	-126
 670 0281 20       		.byte	32
 671 0282 86       		.byte	-122
 672 0283 40       		.byte	64
 673 0284 A0       		.byte	-96
 674 0285 08       		.byte	8
 675 0286 A3       		.byte	-93
 676 0287 02       		.byte	2
 677 0288 AA       		.byte	-86
 678 0289 10       		.byte	16
 679 028a AF       		.byte	-81
 680 028b 02       		.byte	2
 681 028c C4       		.byte	-60
 682 028d 30       		.byte	48
 683 028e DC       		.byte	-36
 684 028f 80       		.byte	-128
ARM GAS  C:\Users\indya\AppData\Local\Temp\ccy2BUdy.s 			page 13


 685 0290 DE       		.byte	-34
 686 0291 20       		.byte	32
 687 0292 E0       		.byte	-32
 688 0293 10       		.byte	16
 689 0294 E4       		.byte	-28
 690 0295 80       		.byte	-128
 691 0296 EA       		.byte	-22
 692 0297 90       		.byte	-112
 693 0298 10       		.byte	16
 694 0299 20       		.byte	32
 695 029a 13       		.byte	19
 696 029b 20       		.byte	32
 697 029c 15       		.byte	21
 698 029d 08       		.byte	8
 699 029e 7B       		.byte	123
 700 029f 10       		.byte	16
 701 02a0 7F       		.byte	127
 702 02a1 40       		.byte	64
 703 02a2 80       		.byte	-128
 704 02a3 20       		.byte	32
 705 02a4 C4       		.byte	-60
 706 02a5 0E       		.byte	14
 707 02a6 DE       		.byte	-34
 708 02a7 03       		.byte	3
 709 02a8 10       		.byte	16
 710 02a9 40       		.byte	64
 711 02aa 71       		.byte	113
 712 02ab 02       		.byte	2
 713 02ac 81       		.byte	-127
 714 02ad 02       		.byte	2
 715 02ae 83       		.byte	-125
 716 02af 10       		.byte	16
 717 02b0 87       		.byte	-121
 718 02b1 40       		.byte	64
 719 02b2 88       		.byte	-120
 720 02b3 40       		.byte	64
 721 02b4 97       		.byte	-105
 722 02b5 80       		.byte	-128
 723 02b6 A7       		.byte	-89
 724 02b7 10       		.byte	16
 725 02b8 AB       		.byte	-85
 726 02b9 20       		.byte	32
 727 02ba AD       		.byte	-83
 728 02bb 04       		.byte	4
 729 02bc C4       		.byte	-60
 730 02bd 08       		.byte	8
 731 02be DC       		.byte	-36
 732 02bf 01       		.byte	1
 733 02c0 E2       		.byte	-30
 734 02c1 01       		.byte	1
 735 02c2 10       		.byte	16
 736 02c3 01       		.byte	1
 737 02c4 1C       		.byte	28
 738 02c5 01       		.byte	1
 739 02c6 03       		.byte	3
 740 02c7 C0       		.byte	-64
 741 02c8 02       		.byte	2
ARM GAS  C:\Users\indya\AppData\Local\Temp\ccy2BUdy.s 			page 14


 742 02c9 80       		.byte	-128
 743 02ca 00       		.byte	0
 744 02cb 00       		.byte	0
 745 02cc 43       		.byte	67
 746 02cd 00       		.byte	0
 747 02ce 00       		.byte	0
 748 02cf 00       		.byte	0
 749 02d0 FF       		.byte	-1
 750 02d1 10       		.byte	16
 751 02d2 00       		.byte	0
 752 02d3 00       		.byte	0
 753 02d4 41       		.byte	65
 754 02d5 08       		.byte	8
 755 02d6 00       		.byte	0
 756 02d7 00       		.byte	0
 757 02d8 F3       		.byte	-13
 758 02d9 00       		.byte	0
 759 02da 0C       		.byte	12
 760 02db 23       		.byte	35
 761 02dc 08       		.byte	8
 762 02dd 1C       		.byte	28
 763 02de 00       		.byte	0
 764 02df 61       		.byte	97
 765 02e0 1F       		.byte	31
 766 02e1 00       		.byte	0
 767 02e2 E0       		.byte	-32
 768 02e3 80       		.byte	-128
 769 02e4 00       		.byte	0
 770 02e5 04       		.byte	4
 771 02e6 E3       		.byte	-29
 772 02e7 00       		.byte	0
 773 02e8 82       		.byte	-126
 774 02e9 18       		.byte	24
 775 02ea 00       		.byte	0
 776 02eb 00       		.byte	0
 777 02ec C3       		.byte	-61
 778 02ed 00       		.byte	0
 779 02ee 00       		.byte	0
 780 02ef 04       		.byte	4
 781 02f0 1C       		.byte	28
 782 02f1 7F       		.byte	127
 783 02f2 E3       		.byte	-29
 784 02f3 00       		.byte	0
 785 02f4 04       		.byte	4
 786 02f5 00       		.byte	0
 787 02f6 00       		.byte	0
 788 02f7 80       		.byte	-128
 789 02f8 0C       		.byte	12
 790 02f9 67       		.byte	103
 791 02fa 00       		.byte	0
 792 02fb 18       		.byte	24
 793 02fc 00       		.byte	0
 794 02fd 3C       		.byte	60
 795 02fe 00       		.byte	0
 796 02ff 42       		.byte	66
 797 0300 2C       		.byte	44
 798 0301 38       		.byte	56
ARM GAS  C:\Users\indya\AppData\Local\Temp\ccy2BUdy.s 			page 15


 799 0302 0F       		.byte	15
 800 0303 1F       		.byte	31
 801 0304 10       		.byte	16
 802 0305 80       		.byte	-128
 803 0306 C0       		.byte	-64
 804 0307 40       		.byte	64
 805 0308 00       		.byte	0
 806 0309 80       		.byte	-128
 807 030a 0A       		.byte	10
 808 030b 08       		.byte	8
 809 030c 00       		.byte	0
 810 030d 00       		.byte	0
 811 030e 10       		.byte	16
 812 030f 10       		.byte	16
 813 0310 36       		.byte	54
 814 0311 04       		.byte	4
 815 0312 05       		.byte	5
 816 0313 00       		.byte	0
 817 0314 01       		.byte	1
 818 0315 0E       		.byte	14
 819 0316 C0       		.byte	-64
 820 0317 00       		.byte	0
 821 0318 09       		.byte	9
 822 0319 FF       		.byte	-1
 823 031a FF       		.byte	-1
 824 031b FF       		.byte	-1
 825 031c 62       		.byte	98
 826 031d A0       		.byte	-96
 827 031e F0       		.byte	-16
 828 031f 41       		.byte	65
 829 0320 0C       		.byte	12
 830 0321 00       		.byte	0
 831 0322 00       		.byte	0
 832 0323 00       		.byte	0
 833 0324 00       		.byte	0
 834 0325 00       		.byte	0
 835 0326 02       		.byte	2
 836 0327 12       		.byte	18
 837 0328 04       		.byte	4
 838 0329 04       		.byte	4
 839 032a 04       		.byte	4
 840 032b 04       		.byte	4
 841 032c 00       		.byte	0
 842 032d 00       		.byte	0
 843 032e 00       		.byte	0
 844 032f 01       		.byte	1
 845 0330 00       		.byte	0
 846 0331 00       		.byte	0
 847 0332 00       		.byte	0
 848 0333 00       		.byte	0
 849 0334 00       		.byte	0
 850 0335 00       		.byte	0
 851 0336 40       		.byte	64
 852 0337 02       		.byte	2
 853 0338 00       		.byte	0
 854 0339 10       		.byte	16
 855 033a 30       		.byte	48
ARM GAS  C:\Users\indya\AppData\Local\Temp\ccy2BUdy.s 			page 16


 856 033b 10       		.byte	16
 857 033c 00       		.byte	0
 858 033d 10       		.byte	16
 859 033e 10       		.byte	16
 860 033f 12       		.byte	18
 861 0340 00       		.byte	0
 862 0341 00       		.byte	0
 863 0342 00       		.byte	0
 864 0343 00       		.byte	0
 865 0344 00       		.byte	0
 866 0345 00       		.byte	0
 867 0346 00       		.byte	0
 868 0347 00       		.byte	0
 869 0348 00       		.byte	0
 870 0349 00       		.byte	0
 871 034a 00       		.byte	0
 872 034b 00       		.byte	0
 873 034c 00       		.byte	0
 874 034d 00       		.byte	0
 875 034e 00       		.byte	0
 876 034f 00       		.byte	0
 877 0350 83       		.byte	-125
 878 0351 00       		.byte	0
 879 0352 40       		.byte	64
 880 0353 80       		.byte	-128
 881 0354 83       		.byte	-125
 882 0355 00       		.byte	0
 883 0356 83       		.byte	-125
 884 0357 00       		.byte	0
 885 0358 00       		.byte	0
 886 0359 00       		.byte	0
 887 035a 00       		.byte	0
 888 035b 00       		.byte	0
 889 035c 00       		.byte	0
 890 035d 0B       		.byte	11
 891 035e 0B       		.byte	11
 892 035f 00       		.byte	0
 893 0360 00       		.byte	0
 894 0361 00       		.byte	0
 895 0362 00       		.byte	0
 896 0363 00       		.byte	0
 897              		.section	.cywolatch,"a",%progbits
 898              		.align	2
 899              		.type	cy_meta_wonvl, %object
 900              		.size	cy_meta_wonvl, 4
 901              	cy_meta_wonvl:
 902 0000 BC       		.byte	-68
 903 0001 90       		.byte	-112
 904 0002 AC       		.byte	-84
 905 0003 AF       		.byte	-81
 906              		.section	.cycustnvl,"a",%progbits
 907              		.align	2
 908              		.type	cy_meta_custnvl, %object
 909              		.size	cy_meta_custnvl, 4
 910              	cy_meta_custnvl:
 911 0000 00       		.byte	0
 912 0001 00       		.byte	0
ARM GAS  C:\Users\indya\AppData\Local\Temp\ccy2BUdy.s 			page 17


 913 0002 40       		.byte	64
 914 0003 05       		.byte	5
 915              		.section	.cymeta,"a",%progbits
 916              		.align	2
 917              		.type	cy_metadata, %object
 918              		.size	cy_metadata, 12
 919              	cy_metadata:
 920 0000 00       		.byte	0
 921 0001 01       		.byte	1
 922 0002 2E       		.byte	46
 923 0003 16       		.byte	22
 924 0004 10       		.byte	16
 925 0005 69       		.byte	105
 926 0006 00       		.byte	0
 927 0007 01       		.byte	1
 928 0008 00       		.byte	0
 929 0009 00       		.byte	0
 930 000a 00       		.byte	0
 931 000b 00       		.byte	0
 932              		.section	.cyflashprotect,"a",%progbits
 933              		.align	2
 934              		.type	cy_meta_flashprotect, %object
 935              		.size	cy_meta_flashprotect, 256
 936              	cy_meta_flashprotect:
 937 0000 00000000 		.space	256
 937      00000000 
 937      00000000 
 937      00000000 
 937      00000000 
 938              		.text
 939              	.Letext0:
 940              		.file 1 "c:\\program files (x86)\\cypress\\psoc creator\\4.3\\psoc creator\\import\\gnu\\arm\\5.4.
 941              		.file 2 "c:\\program files (x86)\\cypress\\psoc creator\\4.3\\psoc creator\\import\\gnu\\arm\\5.4.
 942              		.file 3 "Generated_Source\\PSoC5\\cymetadata.c"
 943              		.section	.debug_info,"",%progbits
 944              	.Ldebug_info0:
 945 0000 31010000 		.4byte	0x131
 946 0004 0400     		.2byte	0x4
 947 0006 00000000 		.4byte	.Ldebug_abbrev0
 948 000a 04       		.byte	0x4
 949 000b 01       		.uleb128 0x1
 950 000c 60000000 		.4byte	.LASF17
 951 0010 0C       		.byte	0xc
 952 0011 BA010000 		.4byte	.LASF18
 953 0015 0A000000 		.4byte	.LASF19
 954 0019 00000000 		.4byte	.Ldebug_line0
 955 001d 02       		.uleb128 0x2
 956 001e 01       		.byte	0x1
 957 001f 06       		.byte	0x6
 958 0020 AE010000 		.4byte	.LASF0
 959 0024 03       		.uleb128 0x3
 960 0025 00000000 		.4byte	.LASF9
 961 0029 01       		.byte	0x1
 962 002a 1D       		.byte	0x1d
 963 002b 2F000000 		.4byte	0x2f
 964 002f 02       		.uleb128 0x2
 965 0030 01       		.byte	0x1
ARM GAS  C:\Users\indya\AppData\Local\Temp\ccy2BUdy.s 			page 18


 966 0031 08       		.byte	0x8
 967 0032 52000000 		.4byte	.LASF1
 968 0036 02       		.uleb128 0x2
 969 0037 02       		.byte	0x2
 970 0038 05       		.byte	0x5
 971 0039 9B010000 		.4byte	.LASF2
 972 003d 02       		.uleb128 0x2
 973 003e 02       		.byte	0x2
 974 003f 07       		.byte	0x7
 975 0040 00010000 		.4byte	.LASF3
 976 0044 02       		.uleb128 0x2
 977 0045 04       		.byte	0x4
 978 0046 05       		.byte	0x5
 979 0047 A5010000 		.4byte	.LASF4
 980 004b 02       		.uleb128 0x2
 981 004c 04       		.byte	0x4
 982 004d 07       		.byte	0x7
 983 004e EE000000 		.4byte	.LASF5
 984 0052 02       		.uleb128 0x2
 985 0053 08       		.byte	0x8
 986 0054 05       		.byte	0x5
 987 0055 8D010000 		.4byte	.LASF6
 988 0059 02       		.uleb128 0x2
 989 005a 08       		.byte	0x8
 990 005b 07       		.byte	0x7
 991 005c 42010000 		.4byte	.LASF7
 992 0060 04       		.uleb128 0x4
 993 0061 04       		.byte	0x4
 994 0062 05       		.byte	0x5
 995 0063 696E7400 		.ascii	"int\000"
 996 0067 02       		.uleb128 0x2
 997 0068 04       		.byte	0x4
 998 0069 07       		.byte	0x7
 999 006a 35010000 		.4byte	.LASF8
 1000 006e 03       		.uleb128 0x3
 1001 006f 59010000 		.4byte	.LASF10
 1002 0073 02       		.byte	0x2
 1003 0074 18       		.byte	0x18
 1004 0075 24000000 		.4byte	0x24
 1005 0079 05       		.uleb128 0x5
 1006 007a 91000000 		.4byte	0x91
 1007 007e 8A000000 		.4byte	0x8a
 1008 0082 06       		.uleb128 0x6
 1009 0083 8A000000 		.4byte	0x8a
 1010 0087 6303     		.2byte	0x363
 1011 0089 00       		.byte	0
 1012 008a 02       		.uleb128 0x2
 1013 008b 04       		.byte	0x4
 1014 008c 07       		.byte	0x7
 1015 008d 84010000 		.4byte	.LASF11
 1016 0091 07       		.uleb128 0x7
 1017 0092 6E000000 		.4byte	0x6e
 1018 0096 08       		.uleb128 0x8
 1019 0097 23010000 		.4byte	.LASF12
 1020 009b 03       		.byte	0x3
 1021 009c 1F       		.byte	0x1f
 1022 009d A7000000 		.4byte	0xa7
ARM GAS  C:\Users\indya\AppData\Local\Temp\ccy2BUdy.s 			page 19


 1023 00a1 05       		.uleb128 0x5
 1024 00a2 03       		.byte	0x3
 1025 00a3 00000000 		.4byte	cy_meta_configecc
 1026 00a7 07       		.uleb128 0x7
 1027 00a8 79000000 		.4byte	0x79
 1028 00ac 05       		.uleb128 0x5
 1029 00ad 91000000 		.4byte	0x91
 1030 00b1 BC000000 		.4byte	0xbc
 1031 00b5 09       		.uleb128 0x9
 1032 00b6 8A000000 		.4byte	0x8a
 1033 00ba 03       		.byte	0x3
 1034 00bb 00       		.byte	0
 1035 00bc 08       		.uleb128 0x8
 1036 00bd 13010000 		.4byte	.LASF13
 1037 00c1 03       		.byte	0x3
 1038 00c2 99       		.byte	0x99
 1039 00c3 CD000000 		.4byte	0xcd
 1040 00c7 05       		.uleb128 0x5
 1041 00c8 03       		.byte	0x3
 1042 00c9 00000000 		.4byte	cy_meta_custnvl
 1043 00cd 07       		.uleb128 0x7
 1044 00ce AC000000 		.4byte	0xac
 1045 00d2 08       		.uleb128 0x8
 1046 00d3 76010000 		.4byte	.LASF14
 1047 00d7 03       		.byte	0x3
 1048 00d8 A7       		.byte	0xa7
 1049 00d9 E3000000 		.4byte	0xe3
 1050 00dd 05       		.uleb128 0x5
 1051 00de 03       		.byte	0x3
 1052 00df 00000000 		.4byte	cy_meta_wonvl
 1053 00e3 07       		.uleb128 0x7
 1054 00e4 AC000000 		.4byte	0xac
 1055 00e8 05       		.uleb128 0x5
 1056 00e9 91000000 		.4byte	0x91
 1057 00ed F8000000 		.4byte	0xf8
 1058 00f1 09       		.uleb128 0x9
 1059 00f2 8A000000 		.4byte	0x8a
 1060 00f6 FF       		.byte	0xff
 1061 00f7 00       		.byte	0
 1062 00f8 08       		.uleb128 0x8
 1063 00f9 61010000 		.4byte	.LASF15
 1064 00fd 03       		.byte	0x3
 1065 00fe B5       		.byte	0xb5
 1066 00ff 09010000 		.4byte	0x109
 1067 0103 05       		.uleb128 0x5
 1068 0104 03       		.byte	0x3
 1069 0105 00000000 		.4byte	cy_meta_flashprotect
 1070 0109 07       		.uleb128 0x7
 1071 010a E8000000 		.4byte	0xe8
 1072 010e 05       		.uleb128 0x5
 1073 010f 91000000 		.4byte	0x91
 1074 0113 1E010000 		.4byte	0x11e
 1075 0117 09       		.uleb128 0x9
 1076 0118 8A000000 		.4byte	0x8a
 1077 011c 0B       		.byte	0xb
 1078 011d 00       		.byte	0
 1079 011e 08       		.uleb128 0x8
ARM GAS  C:\Users\indya\AppData\Local\Temp\ccy2BUdy.s 			page 20


 1080 011f 46000000 		.4byte	.LASF16
 1081 0123 03       		.byte	0x3
 1082 0124 E2       		.byte	0xe2
 1083 0125 2F010000 		.4byte	0x12f
 1084 0129 05       		.uleb128 0x5
 1085 012a 03       		.byte	0x3
 1086 012b 00000000 		.4byte	cy_metadata
 1087 012f 07       		.uleb128 0x7
 1088 0130 0E010000 		.4byte	0x10e
 1089 0134 00       		.byte	0
 1090              		.section	.debug_abbrev,"",%progbits
 1091              	.Ldebug_abbrev0:
 1092 0000 01       		.uleb128 0x1
 1093 0001 11       		.uleb128 0x11
 1094 0002 01       		.byte	0x1
 1095 0003 25       		.uleb128 0x25
 1096 0004 0E       		.uleb128 0xe
 1097 0005 13       		.uleb128 0x13
 1098 0006 0B       		.uleb128 0xb
 1099 0007 03       		.uleb128 0x3
 1100 0008 0E       		.uleb128 0xe
 1101 0009 1B       		.uleb128 0x1b
 1102 000a 0E       		.uleb128 0xe
 1103 000b 10       		.uleb128 0x10
 1104 000c 17       		.uleb128 0x17
 1105 000d 00       		.byte	0
 1106 000e 00       		.byte	0
 1107 000f 02       		.uleb128 0x2
 1108 0010 24       		.uleb128 0x24
 1109 0011 00       		.byte	0
 1110 0012 0B       		.uleb128 0xb
 1111 0013 0B       		.uleb128 0xb
 1112 0014 3E       		.uleb128 0x3e
 1113 0015 0B       		.uleb128 0xb
 1114 0016 03       		.uleb128 0x3
 1115 0017 0E       		.uleb128 0xe
 1116 0018 00       		.byte	0
 1117 0019 00       		.byte	0
 1118 001a 03       		.uleb128 0x3
 1119 001b 16       		.uleb128 0x16
 1120 001c 00       		.byte	0
 1121 001d 03       		.uleb128 0x3
 1122 001e 0E       		.uleb128 0xe
 1123 001f 3A       		.uleb128 0x3a
 1124 0020 0B       		.uleb128 0xb
 1125 0021 3B       		.uleb128 0x3b
 1126 0022 0B       		.uleb128 0xb
 1127 0023 49       		.uleb128 0x49
 1128 0024 13       		.uleb128 0x13
 1129 0025 00       		.byte	0
 1130 0026 00       		.byte	0
 1131 0027 04       		.uleb128 0x4
 1132 0028 24       		.uleb128 0x24
 1133 0029 00       		.byte	0
 1134 002a 0B       		.uleb128 0xb
 1135 002b 0B       		.uleb128 0xb
 1136 002c 3E       		.uleb128 0x3e
ARM GAS  C:\Users\indya\AppData\Local\Temp\ccy2BUdy.s 			page 21


 1137 002d 0B       		.uleb128 0xb
 1138 002e 03       		.uleb128 0x3
 1139 002f 08       		.uleb128 0x8
 1140 0030 00       		.byte	0
 1141 0031 00       		.byte	0
 1142 0032 05       		.uleb128 0x5
 1143 0033 01       		.uleb128 0x1
 1144 0034 01       		.byte	0x1
 1145 0035 49       		.uleb128 0x49
 1146 0036 13       		.uleb128 0x13
 1147 0037 01       		.uleb128 0x1
 1148 0038 13       		.uleb128 0x13
 1149 0039 00       		.byte	0
 1150 003a 00       		.byte	0
 1151 003b 06       		.uleb128 0x6
 1152 003c 21       		.uleb128 0x21
 1153 003d 00       		.byte	0
 1154 003e 49       		.uleb128 0x49
 1155 003f 13       		.uleb128 0x13
 1156 0040 2F       		.uleb128 0x2f
 1157 0041 05       		.uleb128 0x5
 1158 0042 00       		.byte	0
 1159 0043 00       		.byte	0
 1160 0044 07       		.uleb128 0x7
 1161 0045 26       		.uleb128 0x26
 1162 0046 00       		.byte	0
 1163 0047 49       		.uleb128 0x49
 1164 0048 13       		.uleb128 0x13
 1165 0049 00       		.byte	0
 1166 004a 00       		.byte	0
 1167 004b 08       		.uleb128 0x8
 1168 004c 34       		.uleb128 0x34
 1169 004d 00       		.byte	0
 1170 004e 03       		.uleb128 0x3
 1171 004f 0E       		.uleb128 0xe
 1172 0050 3A       		.uleb128 0x3a
 1173 0051 0B       		.uleb128 0xb
 1174 0052 3B       		.uleb128 0x3b
 1175 0053 0B       		.uleb128 0xb
 1176 0054 49       		.uleb128 0x49
 1177 0055 13       		.uleb128 0x13
 1178 0056 3F       		.uleb128 0x3f
 1179 0057 19       		.uleb128 0x19
 1180 0058 02       		.uleb128 0x2
 1181 0059 18       		.uleb128 0x18
 1182 005a 00       		.byte	0
 1183 005b 00       		.byte	0
 1184 005c 09       		.uleb128 0x9
 1185 005d 21       		.uleb128 0x21
 1186 005e 00       		.byte	0
 1187 005f 49       		.uleb128 0x49
 1188 0060 13       		.uleb128 0x13
 1189 0061 2F       		.uleb128 0x2f
 1190 0062 0B       		.uleb128 0xb
 1191 0063 00       		.byte	0
 1192 0064 00       		.byte	0
 1193 0065 00       		.byte	0
ARM GAS  C:\Users\indya\AppData\Local\Temp\ccy2BUdy.s 			page 22


 1194              		.section	.debug_aranges,"",%progbits
 1195 0000 14000000 		.4byte	0x14
 1196 0004 0200     		.2byte	0x2
 1197 0006 00000000 		.4byte	.Ldebug_info0
 1198 000a 04       		.byte	0x4
 1199 000b 00       		.byte	0
 1200 000c 0000     		.2byte	0
 1201 000e 0000     		.2byte	0
 1202 0010 00000000 		.4byte	0
 1203 0014 00000000 		.4byte	0
 1204              		.section	.debug_line,"",%progbits
 1205              	.Ldebug_line0:
 1206 0000 3D010000 		.section	.debug_str,"MS",%progbits,1
 1206      02003701 
 1206      00000201 
 1206      FB0E0D00 
 1206      01010101 
 1207              	.LASF9:
 1208 0000 5F5F7569 		.ascii	"__uint8_t\000"
 1208      6E74385F 
 1208      7400
 1209              	.LASF19:
 1210 000a 433A5C55 		.ascii	"C:\\Users\\indya\\Desktop\\PSoC_03\\AY1920_II_HW_05"
 1210      73657273 
 1210      5C696E64 
 1210      79615C44 
 1210      65736B74 
 1211 0038 5F50524F 		.ascii	"_PROJ_2.cydsn\000"
 1211      4A5F322E 
 1211      63796473 
 1211      6E00
 1212              	.LASF16:
 1213 0046 63795F6D 		.ascii	"cy_metadata\000"
 1213      65746164 
 1213      61746100 
 1214              	.LASF1:
 1215 0052 756E7369 		.ascii	"unsigned char\000"
 1215      676E6564 
 1215      20636861 
 1215      7200
 1216              	.LASF17:
 1217 0060 474E5520 		.ascii	"GNU C11 5.4.1 20160609 (release) [ARM/embedded-5-br"
 1217      43313120 
 1217      352E342E 
 1217      31203230 
 1217      31363036 
 1218 0093 616E6368 		.ascii	"anch revision 237715] -mcpu=cortex-m3 -mthumb -g -O"
 1218      20726576 
 1218      6973696F 
 1218      6E203233 
 1218      37373135 
 1219 00c6 67202D66 		.ascii	"g -ffunction-sections -ffat-lto-objects\000"
 1219      66756E63 
 1219      74696F6E 
 1219      2D736563 
 1219      74696F6E 
 1220              	.LASF5:
ARM GAS  C:\Users\indya\AppData\Local\Temp\ccy2BUdy.s 			page 23


 1221 00ee 6C6F6E67 		.ascii	"long unsigned int\000"
 1221      20756E73 
 1221      69676E65 
 1221      6420696E 
 1221      7400
 1222              	.LASF3:
 1223 0100 73686F72 		.ascii	"short unsigned int\000"
 1223      7420756E 
 1223      7369676E 
 1223      65642069 
 1223      6E7400
 1224              	.LASF13:
 1225 0113 63795F6D 		.ascii	"cy_meta_custnvl\000"
 1225      6574615F 
 1225      63757374 
 1225      6E766C00 
 1226              	.LASF12:
 1227 0123 63795F6D 		.ascii	"cy_meta_configecc\000"
 1227      6574615F 
 1227      636F6E66 
 1227      69676563 
 1227      6300
 1228              	.LASF8:
 1229 0135 756E7369 		.ascii	"unsigned int\000"
 1229      676E6564 
 1229      20696E74 
 1229      00
 1230              	.LASF7:
 1231 0142 6C6F6E67 		.ascii	"long long unsigned int\000"
 1231      206C6F6E 
 1231      6720756E 
 1231      7369676E 
 1231      65642069 
 1232              	.LASF10:
 1233 0159 75696E74 		.ascii	"uint8_t\000"
 1233      385F7400 
 1234              	.LASF15:
 1235 0161 63795F6D 		.ascii	"cy_meta_flashprotect\000"
 1235      6574615F 
 1235      666C6173 
 1235      6870726F 
 1235      74656374 
 1236              	.LASF14:
 1237 0176 63795F6D 		.ascii	"cy_meta_wonvl\000"
 1237      6574615F 
 1237      776F6E76 
 1237      6C00
 1238              	.LASF11:
 1239 0184 73697A65 		.ascii	"sizetype\000"
 1239      74797065 
 1239      00
 1240              	.LASF6:
 1241 018d 6C6F6E67 		.ascii	"long long int\000"
 1241      206C6F6E 
 1241      6720696E 
 1241      7400
 1242              	.LASF2:
ARM GAS  C:\Users\indya\AppData\Local\Temp\ccy2BUdy.s 			page 24


 1243 019b 73686F72 		.ascii	"short int\000"
 1243      7420696E 
 1243      7400
 1244              	.LASF4:
 1245 01a5 6C6F6E67 		.ascii	"long int\000"
 1245      20696E74 
 1245      00
 1246              	.LASF0:
 1247 01ae 7369676E 		.ascii	"signed char\000"
 1247      65642063 
 1247      68617200 
 1248              	.LASF18:
 1249 01ba 47656E65 		.ascii	"Generated_Source\\PSoC5\\cymetadata.c\000"
 1249      72617465 
 1249      645F536F 
 1249      75726365 
 1249      5C50536F 
 1250              		.ident	"GCC: (GNU Tools for ARM Embedded Processors) 5.4.1 20160609 (release) [ARM/embedded-5-bran
