ARM GAS  C:\Users\indya\AppData\Local\Temp\ccZ28gxg.s 			page 1


   1              		.syntax unified
   2              		.cpu cortex-m3
   3              		.fpu softvfp
   4              		.eabi_attribute 20, 1
   5              		.eabi_attribute 21, 1
   6              		.eabi_attribute 23, 3
   7              		.eabi_attribute 24, 1
   8              		.eabi_attribute 25, 1
   9              		.eabi_attribute 26, 1
  10              		.eabi_attribute 30, 1
  11              		.eabi_attribute 34, 1
  12              		.eabi_attribute 18, 4
  13              		.thumb
  14              		.syntax unified
  15              		.file	"InterruptRoutines.c"
  16              		.text
  17              	.Ltext0:
  18              		.cfi_sections	.debug_frame
  19              		.section	.text.custom_ISR_TIMER,"ax",%progbits
  20              		.align	2
  21              		.global	custom_ISR_TIMER
  22              		.thumb
  23              		.thumb_func
  24              		.type	custom_ISR_TIMER, %function
  25              	custom_ISR_TIMER:
  26              	.LFB63:
  27              		.file 1 "InterruptRoutines.c"
   1:InterruptRoutines.c **** /* ========================================
   2:InterruptRoutines.c ****  *
   3:InterruptRoutines.c ****  * Copyright YOUR COMPANY, THE YEAR
   4:InterruptRoutines.c ****  * All Rights Reserved
   5:InterruptRoutines.c ****  * UNPUBLISHED, LICENSED SOFTWARE.
   6:InterruptRoutines.c ****  *
   7:InterruptRoutines.c ****  * CONFIDENTIAL AND PROPRIETARY INFORMATION
   8:InterruptRoutines.c ****  * WHICH IS THE PROPERTY OF your company.
   9:InterruptRoutines.c ****  *
  10:InterruptRoutines.c ****  * ========================================
  11:InterruptRoutines.c **** */
  12:InterruptRoutines.c **** 
  13:InterruptRoutines.c **** #include "InterruptRoutines.h"
  14:InterruptRoutines.c **** #include "project.h"
  15:InterruptRoutines.c **** 
  16:InterruptRoutines.c **** 
  17:InterruptRoutines.c **** CY_ISR(custom_ISR_TIMER)
  18:InterruptRoutines.c **** {
  28              		.loc 1 18 0
  29              		.cfi_startproc
  30              		@ args = 0, pretend = 0, frame = 0
  31              		@ frame_needed = 0, uses_anonymous_args = 0
  32 0000 08B5     		push	{r3, lr}
  33              		.cfi_def_cfa_offset 8
  34              		.cfi_offset 3, -8
  35              		.cfi_offset 14, -4
  19:InterruptRoutines.c ****     Timer_ReadStatusRegister();
  36              		.loc 1 19 0
  37 0002 FFF7FEFF 		bl	Timer_ReadStatusRegister
  38              	.LVL0:
ARM GAS  C:\Users\indya\AppData\Local\Temp\ccZ28gxg.s 			page 2


  20:InterruptRoutines.c ****     
  21:InterruptRoutines.c ****     timer_flag=1;   
  39              		.loc 1 21 0
  40 0006 0122     		movs	r2, #1
  41 0008 014B     		ldr	r3, .L3
  42 000a 1A70     		strb	r2, [r3]
  43 000c 08BD     		pop	{r3, pc}
  44              	.L4:
  45 000e 00BF     		.align	2
  46              	.L3:
  47 0010 00000000 		.word	timer_flag
  48              		.cfi_endproc
  49              	.LFE63:
  50              		.size	custom_ISR_TIMER, .-custom_ISR_TIMER
  51              		.comm	timer_flag,1,1
  52              		.text
  53              	.Letext0:
  54              		.file 2 "c:\\program files (x86)\\cypress\\psoc creator\\4.3\\psoc creator\\import\\gnu\\arm\\5.4.
  55              		.file 3 "c:\\program files (x86)\\cypress\\psoc creator\\4.3\\psoc creator\\import\\gnu\\arm\\5.4.
  56              		.file 4 "InterruptRoutines.h"
  57              		.file 5 "Generated_Source\\PSoC5/core_cm3.h"
  58              		.file 6 "Generated_Source\\PSoC5/Timer.h"
  59              		.section	.debug_info,"",%progbits
  60              	.Ldebug_info0:
  61 0000 08010000 		.4byte	0x108
  62 0004 0400     		.2byte	0x4
  63 0006 00000000 		.4byte	.Ldebug_abbrev0
  64 000a 04       		.byte	0x4
  65 000b 01       		.uleb128 0x1
  66 000c 2E000000 		.4byte	.LASF20
  67 0010 0C       		.byte	0xc
  68 0011 FD000000 		.4byte	.LASF21
  69 0015 AA010000 		.4byte	.LASF22
  70 0019 00000000 		.4byte	.Ldebug_ranges0+0
  71 001d 00000000 		.4byte	0
  72 0021 00000000 		.4byte	.Ldebug_line0
  73 0025 02       		.uleb128 0x2
  74 0026 01       		.byte	0x1
  75 0027 06       		.byte	0x6
  76 0028 70010000 		.4byte	.LASF0
  77 002c 03       		.uleb128 0x3
  78 002d 27010000 		.4byte	.LASF4
  79 0031 02       		.byte	0x2
  80 0032 1D       		.byte	0x1d
  81 0033 37000000 		.4byte	0x37
  82 0037 02       		.uleb128 0x2
  83 0038 01       		.byte	0x1
  84 0039 08       		.byte	0x8
  85 003a 19010000 		.4byte	.LASF1
  86 003e 02       		.uleb128 0x2
  87 003f 02       		.byte	0x2
  88 0040 05       		.byte	0x5
  89 0041 98010000 		.4byte	.LASF2
  90 0045 02       		.uleb128 0x2
  91 0046 02       		.byte	0x2
  92 0047 07       		.byte	0x7
  93 0048 0E000000 		.4byte	.LASF3
ARM GAS  C:\Users\indya\AppData\Local\Temp\ccZ28gxg.s 			page 3


  94 004c 03       		.uleb128 0x3
  95 004d 88010000 		.4byte	.LASF5
  96 0051 02       		.byte	0x2
  97 0052 3F       		.byte	0x3f
  98 0053 57000000 		.4byte	0x57
  99 0057 02       		.uleb128 0x2
 100 0058 04       		.byte	0x4
 101 0059 05       		.byte	0x5
 102 005a 36010000 		.4byte	.LASF6
 103 005e 02       		.uleb128 0x2
 104 005f 04       		.byte	0x4
 105 0060 07       		.byte	0x7
 106 0061 4A010000 		.4byte	.LASF7
 107 0065 02       		.uleb128 0x2
 108 0066 08       		.byte	0x8
 109 0067 05       		.byte	0x5
 110 0068 00000000 		.4byte	.LASF8
 111 006c 02       		.uleb128 0x2
 112 006d 08       		.byte	0x8
 113 006e 07       		.byte	0x7
 114 006f D5000000 		.4byte	.LASF9
 115 0073 04       		.uleb128 0x4
 116 0074 04       		.byte	0x4
 117 0075 05       		.byte	0x5
 118 0076 696E7400 		.ascii	"int\000"
 119 007a 02       		.uleb128 0x2
 120 007b 04       		.byte	0x4
 121 007c 07       		.byte	0x7
 122 007d 21000000 		.4byte	.LASF10
 123 0081 03       		.uleb128 0x3
 124 0082 11010000 		.4byte	.LASF11
 125 0086 03       		.byte	0x3
 126 0087 18       		.byte	0x18
 127 0088 2C000000 		.4byte	0x2c
 128 008c 03       		.uleb128 0x3
 129 008d A2010000 		.4byte	.LASF12
 130 0091 03       		.byte	0x3
 131 0092 2C       		.byte	0x2c
 132 0093 4C000000 		.4byte	0x4c
 133 0097 02       		.uleb128 0x2
 134 0098 04       		.byte	0x4
 135 0099 04       		.byte	0x4
 136 009a 92010000 		.4byte	.LASF13
 137 009e 02       		.uleb128 0x2
 138 009f 08       		.byte	0x8
 139 00a0 04       		.byte	0x4
 140 00a1 5C010000 		.4byte	.LASF14
 141 00a5 02       		.uleb128 0x2
 142 00a6 01       		.byte	0x1
 143 00a7 08       		.byte	0x8
 144 00a8 31010000 		.4byte	.LASF15
 145 00ac 02       		.uleb128 0x2
 146 00ad 08       		.byte	0x8
 147 00ae 04       		.byte	0x4
 148 00af 7C010000 		.4byte	.LASF16
 149 00b3 02       		.uleb128 0x2
 150 00b4 04       		.byte	0x4
ARM GAS  C:\Users\indya\AppData\Local\Temp\ccZ28gxg.s 			page 4


 151 00b5 07       		.byte	0x7
 152 00b6 E6010000 		.4byte	.LASF17
 153 00ba 05       		.uleb128 0x5
 154 00bb 81000000 		.4byte	0x81
 155 00bf 06       		.uleb128 0x6
 156 00c0 EC000000 		.4byte	.LASF23
 157 00c4 01       		.byte	0x1
 158 00c5 11       		.byte	0x11
 159 00c6 00000000 		.4byte	.LFB63
 160 00ca 14000000 		.4byte	.LFE63-.LFB63
 161 00ce 01       		.uleb128 0x1
 162 00cf 9C       		.byte	0x9c
 163 00d0 DE000000 		.4byte	0xde
 164 00d4 07       		.uleb128 0x7
 165 00d5 06000000 		.4byte	.LVL0
 166 00d9 00010000 		.4byte	0x100
 167 00dd 00       		.byte	0
 168 00de 08       		.uleb128 0x8
 169 00df 3F010000 		.4byte	.LASF18
 170 00e3 04       		.byte	0x4
 171 00e4 13       		.byte	0x13
 172 00e5 BA000000 		.4byte	0xba
 173 00e9 05       		.uleb128 0x5
 174 00ea 03       		.byte	0x3
 175 00eb 00000000 		.4byte	timer_flag
 176 00ef 09       		.uleb128 0x9
 177 00f0 63010000 		.4byte	.LASF19
 178 00f4 05       		.byte	0x5
 179 00f5 1207     		.2byte	0x712
 180 00f7 FB000000 		.4byte	0xfb
 181 00fb 05       		.uleb128 0x5
 182 00fc 8C000000 		.4byte	0x8c
 183 0100 0A       		.uleb128 0xa
 184 0101 BC000000 		.4byte	.LASF24
 185 0105 BC000000 		.4byte	.LASF24
 186 0109 06       		.byte	0x6
 187 010a 5E       		.byte	0x5e
 188 010b 00       		.byte	0
 189              		.section	.debug_abbrev,"",%progbits
 190              	.Ldebug_abbrev0:
 191 0000 01       		.uleb128 0x1
 192 0001 11       		.uleb128 0x11
 193 0002 01       		.byte	0x1
 194 0003 25       		.uleb128 0x25
 195 0004 0E       		.uleb128 0xe
 196 0005 13       		.uleb128 0x13
 197 0006 0B       		.uleb128 0xb
 198 0007 03       		.uleb128 0x3
 199 0008 0E       		.uleb128 0xe
 200 0009 1B       		.uleb128 0x1b
 201 000a 0E       		.uleb128 0xe
 202 000b 55       		.uleb128 0x55
 203 000c 17       		.uleb128 0x17
 204 000d 11       		.uleb128 0x11
 205 000e 01       		.uleb128 0x1
 206 000f 10       		.uleb128 0x10
 207 0010 17       		.uleb128 0x17
ARM GAS  C:\Users\indya\AppData\Local\Temp\ccZ28gxg.s 			page 5


 208 0011 00       		.byte	0
 209 0012 00       		.byte	0
 210 0013 02       		.uleb128 0x2
 211 0014 24       		.uleb128 0x24
 212 0015 00       		.byte	0
 213 0016 0B       		.uleb128 0xb
 214 0017 0B       		.uleb128 0xb
 215 0018 3E       		.uleb128 0x3e
 216 0019 0B       		.uleb128 0xb
 217 001a 03       		.uleb128 0x3
 218 001b 0E       		.uleb128 0xe
 219 001c 00       		.byte	0
 220 001d 00       		.byte	0
 221 001e 03       		.uleb128 0x3
 222 001f 16       		.uleb128 0x16
 223 0020 00       		.byte	0
 224 0021 03       		.uleb128 0x3
 225 0022 0E       		.uleb128 0xe
 226 0023 3A       		.uleb128 0x3a
 227 0024 0B       		.uleb128 0xb
 228 0025 3B       		.uleb128 0x3b
 229 0026 0B       		.uleb128 0xb
 230 0027 49       		.uleb128 0x49
 231 0028 13       		.uleb128 0x13
 232 0029 00       		.byte	0
 233 002a 00       		.byte	0
 234 002b 04       		.uleb128 0x4
 235 002c 24       		.uleb128 0x24
 236 002d 00       		.byte	0
 237 002e 0B       		.uleb128 0xb
 238 002f 0B       		.uleb128 0xb
 239 0030 3E       		.uleb128 0x3e
 240 0031 0B       		.uleb128 0xb
 241 0032 03       		.uleb128 0x3
 242 0033 08       		.uleb128 0x8
 243 0034 00       		.byte	0
 244 0035 00       		.byte	0
 245 0036 05       		.uleb128 0x5
 246 0037 35       		.uleb128 0x35
 247 0038 00       		.byte	0
 248 0039 49       		.uleb128 0x49
 249 003a 13       		.uleb128 0x13
 250 003b 00       		.byte	0
 251 003c 00       		.byte	0
 252 003d 06       		.uleb128 0x6
 253 003e 2E       		.uleb128 0x2e
 254 003f 01       		.byte	0x1
 255 0040 3F       		.uleb128 0x3f
 256 0041 19       		.uleb128 0x19
 257 0042 03       		.uleb128 0x3
 258 0043 0E       		.uleb128 0xe
 259 0044 3A       		.uleb128 0x3a
 260 0045 0B       		.uleb128 0xb
 261 0046 3B       		.uleb128 0x3b
 262 0047 0B       		.uleb128 0xb
 263 0048 27       		.uleb128 0x27
 264 0049 19       		.uleb128 0x19
ARM GAS  C:\Users\indya\AppData\Local\Temp\ccZ28gxg.s 			page 6


 265 004a 11       		.uleb128 0x11
 266 004b 01       		.uleb128 0x1
 267 004c 12       		.uleb128 0x12
 268 004d 06       		.uleb128 0x6
 269 004e 40       		.uleb128 0x40
 270 004f 18       		.uleb128 0x18
 271 0050 9742     		.uleb128 0x2117
 272 0052 19       		.uleb128 0x19
 273 0053 01       		.uleb128 0x1
 274 0054 13       		.uleb128 0x13
 275 0055 00       		.byte	0
 276 0056 00       		.byte	0
 277 0057 07       		.uleb128 0x7
 278 0058 898201   		.uleb128 0x4109
 279 005b 00       		.byte	0
 280 005c 11       		.uleb128 0x11
 281 005d 01       		.uleb128 0x1
 282 005e 31       		.uleb128 0x31
 283 005f 13       		.uleb128 0x13
 284 0060 00       		.byte	0
 285 0061 00       		.byte	0
 286 0062 08       		.uleb128 0x8
 287 0063 34       		.uleb128 0x34
 288 0064 00       		.byte	0
 289 0065 03       		.uleb128 0x3
 290 0066 0E       		.uleb128 0xe
 291 0067 3A       		.uleb128 0x3a
 292 0068 0B       		.uleb128 0xb
 293 0069 3B       		.uleb128 0x3b
 294 006a 0B       		.uleb128 0xb
 295 006b 49       		.uleb128 0x49
 296 006c 13       		.uleb128 0x13
 297 006d 3F       		.uleb128 0x3f
 298 006e 19       		.uleb128 0x19
 299 006f 02       		.uleb128 0x2
 300 0070 18       		.uleb128 0x18
 301 0071 00       		.byte	0
 302 0072 00       		.byte	0
 303 0073 09       		.uleb128 0x9
 304 0074 34       		.uleb128 0x34
 305 0075 00       		.byte	0
 306 0076 03       		.uleb128 0x3
 307 0077 0E       		.uleb128 0xe
 308 0078 3A       		.uleb128 0x3a
 309 0079 0B       		.uleb128 0xb
 310 007a 3B       		.uleb128 0x3b
 311 007b 05       		.uleb128 0x5
 312 007c 49       		.uleb128 0x49
 313 007d 13       		.uleb128 0x13
 314 007e 3F       		.uleb128 0x3f
 315 007f 19       		.uleb128 0x19
 316 0080 3C       		.uleb128 0x3c
 317 0081 19       		.uleb128 0x19
 318 0082 00       		.byte	0
 319 0083 00       		.byte	0
 320 0084 0A       		.uleb128 0xa
 321 0085 2E       		.uleb128 0x2e
ARM GAS  C:\Users\indya\AppData\Local\Temp\ccZ28gxg.s 			page 7


 322 0086 00       		.byte	0
 323 0087 3F       		.uleb128 0x3f
 324 0088 19       		.uleb128 0x19
 325 0089 3C       		.uleb128 0x3c
 326 008a 19       		.uleb128 0x19
 327 008b 6E       		.uleb128 0x6e
 328 008c 0E       		.uleb128 0xe
 329 008d 03       		.uleb128 0x3
 330 008e 0E       		.uleb128 0xe
 331 008f 3A       		.uleb128 0x3a
 332 0090 0B       		.uleb128 0xb
 333 0091 3B       		.uleb128 0x3b
 334 0092 0B       		.uleb128 0xb
 335 0093 00       		.byte	0
 336 0094 00       		.byte	0
 337 0095 00       		.byte	0
 338              		.section	.debug_aranges,"",%progbits
 339 0000 1C000000 		.4byte	0x1c
 340 0004 0200     		.2byte	0x2
 341 0006 00000000 		.4byte	.Ldebug_info0
 342 000a 04       		.byte	0x4
 343 000b 00       		.byte	0
 344 000c 0000     		.2byte	0
 345 000e 0000     		.2byte	0
 346 0010 00000000 		.4byte	.LFB63
 347 0014 14000000 		.4byte	.LFE63-.LFB63
 348 0018 00000000 		.4byte	0
 349 001c 00000000 		.4byte	0
 350              		.section	.debug_ranges,"",%progbits
 351              	.Ldebug_ranges0:
 352 0000 00000000 		.4byte	.LFB63
 353 0004 14000000 		.4byte	.LFE63
 354 0008 00000000 		.4byte	0
 355 000c 00000000 		.4byte	0
 356              		.section	.debug_line,"",%progbits
 357              	.Ldebug_line0:
 358 0000 85010000 		.section	.debug_str,"MS",%progbits,1
 358      02006E01 
 358      00000201 
 358      FB0E0D00 
 358      01010101 
 359              	.LASF8:
 360 0000 6C6F6E67 		.ascii	"long long int\000"
 360      206C6F6E 
 360      6720696E 
 360      7400
 361              	.LASF3:
 362 000e 73686F72 		.ascii	"short unsigned int\000"
 362      7420756E 
 362      7369676E 
 362      65642069 
 362      6E7400
 363              	.LASF10:
 364 0021 756E7369 		.ascii	"unsigned int\000"
 364      676E6564 
 364      20696E74 
 364      00
ARM GAS  C:\Users\indya\AppData\Local\Temp\ccZ28gxg.s 			page 8


 365              	.LASF20:
 366 002e 474E5520 		.ascii	"GNU C11 5.4.1 20160609 (release) [ARM/embedded-5-br"
 366      43313120 
 366      352E342E 
 366      31203230 
 366      31363036 
 367 0061 616E6368 		.ascii	"anch revision 237715] -mcpu=cortex-m3 -mthumb -g -O"
 367      20726576 
 367      6973696F 
 367      6E203233 
 367      37373135 
 368 0094 67202D66 		.ascii	"g -ffunction-sections -ffat-lto-objects\000"
 368      66756E63 
 368      74696F6E 
 368      2D736563 
 368      74696F6E 
 369              	.LASF24:
 370 00bc 54696D65 		.ascii	"Timer_ReadStatusRegister\000"
 370      725F5265 
 370      61645374 
 370      61747573 
 370      52656769 
 371              	.LASF9:
 372 00d5 6C6F6E67 		.ascii	"long long unsigned int\000"
 372      206C6F6E 
 372      6720756E 
 372      7369676E 
 372      65642069 
 373              	.LASF23:
 374 00ec 63757374 		.ascii	"custom_ISR_TIMER\000"
 374      6F6D5F49 
 374      53525F54 
 374      494D4552 
 374      00
 375              	.LASF21:
 376 00fd 496E7465 		.ascii	"InterruptRoutines.c\000"
 376      72727570 
 376      74526F75 
 376      74696E65 
 376      732E6300 
 377              	.LASF11:
 378 0111 75696E74 		.ascii	"uint8_t\000"
 378      385F7400 
 379              	.LASF1:
 380 0119 756E7369 		.ascii	"unsigned char\000"
 380      676E6564 
 380      20636861 
 380      7200
 381              	.LASF4:
 382 0127 5F5F7569 		.ascii	"__uint8_t\000"
 382      6E74385F 
 382      7400
 383              	.LASF15:
 384 0131 63686172 		.ascii	"char\000"
 384      00
 385              	.LASF6:
 386 0136 6C6F6E67 		.ascii	"long int\000"
ARM GAS  C:\Users\indya\AppData\Local\Temp\ccZ28gxg.s 			page 9


 386      20696E74 
 386      00
 387              	.LASF18:
 388 013f 74696D65 		.ascii	"timer_flag\000"
 388      725F666C 
 388      616700
 389              	.LASF7:
 390 014a 6C6F6E67 		.ascii	"long unsigned int\000"
 390      20756E73 
 390      69676E65 
 390      6420696E 
 390      7400
 391              	.LASF14:
 392 015c 646F7562 		.ascii	"double\000"
 392      6C6500
 393              	.LASF19:
 394 0163 49544D5F 		.ascii	"ITM_RxBuffer\000"
 394      52784275 
 394      66666572 
 394      00
 395              	.LASF0:
 396 0170 7369676E 		.ascii	"signed char\000"
 396      65642063 
 396      68617200 
 397              	.LASF16:
 398 017c 6C6F6E67 		.ascii	"long double\000"
 398      20646F75 
 398      626C6500 
 399              	.LASF5:
 400 0188 5F5F696E 		.ascii	"__int32_t\000"
 400      7433325F 
 400      7400
 401              	.LASF13:
 402 0192 666C6F61 		.ascii	"float\000"
 402      7400
 403              	.LASF2:
 404 0198 73686F72 		.ascii	"short int\000"
 404      7420696E 
 404      7400
 405              	.LASF12:
 406 01a2 696E7433 		.ascii	"int32_t\000"
 406      325F7400 
 407              	.LASF22:
 408 01aa 433A5C55 		.ascii	"C:\\Users\\indya\\Desktop\\PSoC_03\\AY1920_II_HW_05"
 408      73657273 
 408      5C696E64 
 408      79615C44 
 408      65736B74 
 409 01d8 5F50524F 		.ascii	"_PROJ_2.cydsn\000"
 409      4A5F322E 
 409      63796473 
 409      6E00
 410              	.LASF17:
 411 01e6 73697A65 		.ascii	"sizetype\000"
 411      74797065 
 411      00
 412              		.ident	"GCC: (GNU Tools for ARM Embedded Processors) 5.4.1 20160609 (release) [ARM/embedded-5-bran
ARM GAS  C:\Users\indya\AppData\Local\Temp\ccZ28gxg.s 			page 10


