ARM GAS  C:\Users\indya\AppData\Local\Temp\ccOkwUHj.s 			page 1


   1              		.syntax unified
   2              		.cpu cortex-m3
   3              		.fpu softvfp
   4              		.eabi_attribute 20, 1
   5              		.eabi_attribute 21, 1
   6              		.eabi_attribute 23, 3
   7              		.eabi_attribute 24, 1
   8              		.eabi_attribute 25, 1
   9              		.eabi_attribute 26, 1
  10              		.eabi_attribute 30, 1
  11              		.eabi_attribute 34, 1
  12              		.eabi_attribute 18, 4
  13              		.thumb
  14              		.syntax unified
  15              		.file	"main.c"
  16              		.text
  17              	.Ltext0:
  18              		.cfi_sections	.debug_frame
  19              		.section	.text.main,"ax",%progbits
  20              		.align	2
  21              		.global	main
  22              		.thumb
  23              		.thumb_func
  24              		.type	main, %function
  25              	main:
  26              	.LFB64:
  27              		.file 1 "main.c"
   1:main.c        **** /**
   2:main.c        **** * \brief Main source file for the I2C-Master project.
   3:main.c        **** *
   4:main.c        **** * In this project we set up a I2C master device with
   5:main.c        **** * to understand the I2C protocol and communicate with a
   6:main.c        **** * a I2C Slave device (LIS3DH Accelerometer).
   7:main.c        **** *
   8:main.c        **** * \author Gabriele Belotti
   9:main.c        **** * \date , 2020
  10:main.c        **** */
  11:main.c        **** 
  12:main.c        **** // Include required header files
  13:main.c        **** #include "I2C_Interface.h"
  14:main.c        **** #include "InterruptRoutines.h"
  15:main.c        **** #include "project.h"
  16:main.c        **** #include "stdio.h"
  17:main.c        **** #include "stdlib.h"
  18:main.c        **** 
  19:main.c        **** /**
  20:main.c        **** *   \brief 7-bit I2C address of the slave device.
  21:main.c        **** */
  22:main.c        **** #define LIS3DH_DEVICE_ADDRESS 0x18
  23:main.c        **** 
  24:main.c        **** 
  25:main.c        **** /**
  26:main.c        **** *   \brief Address of the Status register
  27:main.c        **** */
  28:main.c        **** #define LIS3DH_STATUS_REG 0x27
  29:main.c        **** 
  30:main.c        **** #define LIS3DH_STATUS_REG_DATA_AVAILABLE 0x4 //X, Y and Z axis new data available 
ARM GAS  C:\Users\indya\AppData\Local\Temp\ccOkwUHj.s 			page 2


  31:main.c        **** 
  32:main.c        **** /**
  33:main.c        **** *   \brief Address of the Control register 1
  34:main.c        **** */
  35:main.c        **** #define LIS3DH_CTRL_REG1 0x20
  36:main.c        **** 
  37:main.c        **** #define LIS3DH_CTRL_REG1_SET 0x57  //set the accelerometer to output 3-Axis data in normal mode at 
  38:main.c        **** 
  39:main.c        **** 
  40:main.c        **** /**
  41:main.c        **** *   \brief Address of the Control register 4
  42:main.c        **** */
  43:main.c        **** #define LIS3DH_CTRL_REG4 0x23
  44:main.c        **** 
  45:main.c        **** #define LIS3DH_CTRL_REG4_BDU_ACTIVE 0x80 //output registers not updated until MSB and LSB reading 
  46:main.c        **** 
  47:main.c        **** 
  48:main.c        **** #define LIS3DH_OUT_X_L  0x28
  49:main.c        **** 
  50:main.c        **** #define LIS3DH_OUT_X_H  0x29
  51:main.c        **** 
  52:main.c        **** #define LIS3DH_OUT_Y_L  0x2A
  53:main.c        **** 
  54:main.c        **** #define LIS3DH_OUT_Y_H  0x2B
  55:main.c        **** 
  56:main.c        **** #define LIS3DH_OUT_Z_L  0x2C
  57:main.c        **** 
  58:main.c        **** #define LIS3DH_OUT_Z_H  0x2D
  59:main.c        **** 
  60:main.c        **** 
  61:main.c        **** 
  62:main.c        **** int main(void)
  63:main.c        **** {
  28              		.loc 1 63 0
  29              		.cfi_startproc
  30              		@ args = 0, pretend = 0, frame = 72
  31              		@ frame_needed = 0, uses_anonymous_args = 0
  32 0000 10B5     		push	{r4, lr}
  33              		.cfi_def_cfa_offset 8
  34              		.cfi_offset 4, -8
  35              		.cfi_offset 14, -4
  36 0002 92B0     		sub	sp, sp, #72
  37              		.cfi_def_cfa_offset 80
  64:main.c        ****     CyGlobalIntEnable; /* Enable global interrupts. */
  38              		.loc 1 64 0
  39              		.syntax unified
  40              	@ 64 "main.c" 1
  41 0004 62B6     		CPSIE   i
  42              	@ 0 "" 2
  65:main.c        **** 
  66:main.c        ****     /* Place your initialization/startup code here (e.g. MyInst_Start()) */
  67:main.c        ****     I2C_Peripheral_Start();
  43              		.loc 1 67 0
  44              		.thumb
  45              		.syntax unified
  46 0006 FFF7FEFF 		bl	I2C_Peripheral_Start
  47              	.LVL0:
ARM GAS  C:\Users\indya\AppData\Local\Temp\ccOkwUHj.s 			page 3


  68:main.c        ****     UART_Debug_Start();
  48              		.loc 1 68 0
  49 000a FFF7FEFF 		bl	UART_Debug_Start
  50              	.LVL1:
  69:main.c        ****     
  70:main.c        ****     CyDelay(5); //"The boot procedure is complete about 5 milliseconds after device power-up."
  51              		.loc 1 70 0
  52 000e 0520     		movs	r0, #5
  53 0010 FFF7FEFF 		bl	CyDelay
  54              	.LVL2:
  55              	.LBB2:
  71:main.c        ****     
  72:main.c        ****     // String to print out messages on the UART
  73:main.c        ****     char message[50];
  74:main.c        **** 
  75:main.c        ****     // Check which devices are present on the I2C bus
  76:main.c        ****     for (int i = 0 ; i < 128; i++)
  56              		.loc 1 76 0
  57 0014 0024     		movs	r4, #0
  58 0016 0CE0     		b	.L2
  59              	.LVL3:
  60              	.L4:
  77:main.c        ****     {
  78:main.c        ****         if (I2C_Peripheral_IsDeviceConnected(i))
  61              		.loc 1 78 0
  62 0018 E0B2     		uxtb	r0, r4
  63 001a FFF7FEFF 		bl	I2C_Peripheral_IsDeviceConnected
  64              	.LVL4:
  65 001e 38B1     		cbz	r0, .L3
  79:main.c        ****         {
  80:main.c        ****             // print out the address is hex format
  81:main.c        ****             sprintf(message, "Device 0x%02X is connected\r\n", i);
  66              		.loc 1 81 0
  67 0020 2246     		mov	r2, r4
  68 0022 7449     		ldr	r1, .L21
  69 0024 05A8     		add	r0, sp, #20
  70 0026 FFF7FEFF 		bl	sprintf
  71              	.LVL5:
  82:main.c        ****             UART_Debug_PutString(message); 
  72              		.loc 1 82 0
  73 002a 05A8     		add	r0, sp, #20
  74 002c FFF7FEFF 		bl	UART_Debug_PutString
  75              	.LVL6:
  76              	.L3:
  76:main.c        ****     {
  77              		.loc 1 76 0 discriminator 2
  78 0030 0134     		adds	r4, r4, #1
  79              	.LVL7:
  80              	.L2:
  76:main.c        ****     {
  81              		.loc 1 76 0 is_stmt 0 discriminator 1
  82 0032 7F2C     		cmp	r4, #127
  83 0034 F0DD     		ble	.L4
  84              	.LBE2:
  83:main.c        ****         }
  84:main.c        ****         
  85:main.c        ****     }
ARM GAS  C:\Users\indya\AppData\Local\Temp\ccOkwUHj.s 			page 4


  86:main.c        ****     
  87:main.c        ****     /******************************************/
  88:main.c        ****     /*            I2C Reading                 */
  89:main.c        ****     /******************************************/
  90:main.c        ****     
  91:main.c        ****  
  92:main.c        ****     ErrorCode error;
  93:main.c        ****     
  94:main.c        ****     /*      I2C Reading Status Register       */
  95:main.c        ****     
  96:main.c        ****     uint8_t status_register; 
  97:main.c        ****     error = I2C_Peripheral_ReadRegister(LIS3DH_DEVICE_ADDRESS,
  85              		.loc 1 97 0 is_stmt 1
  86 0036 0DF11302 		add	r2, sp, #19
  87 003a 2721     		movs	r1, #39
  88 003c 1820     		movs	r0, #24
  89 003e FFF7FEFF 		bl	I2C_Peripheral_ReadRegister
  90              	.LVL8:
  98:main.c        ****                                         LIS3DH_STATUS_REG,
  99:main.c        ****                                         &status_register);
 100:main.c        ****     
 101:main.c        ****     if (error == NO_ERROR)
  91              		.loc 1 101 0
  92 0042 48B9     		cbnz	r0, .L5
 102:main.c        ****     {
 103:main.c        ****         sprintf(message, "STATUS REGISTER: 0x%02X\r\n", status_register);
  93              		.loc 1 103 0
  94 0044 9DF81320 		ldrb	r2, [sp, #19]	@ zero_extendqisi2
  95 0048 6B49     		ldr	r1, .L21+4
  96 004a 05A8     		add	r0, sp, #20
  97              	.LVL9:
  98 004c FFF7FEFF 		bl	sprintf
  99              	.LVL10:
 104:main.c        ****         UART_Debug_PutString(message); 
 100              		.loc 1 104 0
 101 0050 05A8     		add	r0, sp, #20
 102 0052 FFF7FEFF 		bl	UART_Debug_PutString
 103              	.LVL11:
 104 0056 02E0     		b	.L6
 105              	.LVL12:
 106              	.L5:
 105:main.c        ****     }
 106:main.c        ****     else
 107:main.c        ****     {
 108:main.c        ****         UART_Debug_PutString("Error occurred during I2C comm to read status register\r\n");   
 107              		.loc 1 108 0
 108 0058 6848     		ldr	r0, .L21+8
 109              	.LVL13:
 110 005a FFF7FEFF 		bl	UART_Debug_PutString
 111              	.LVL14:
 112              	.L6:
 109:main.c        ****     }
 110:main.c        ****     
 111:main.c        ****     /******************************************/
 112:main.c        ****     /*        Read Control Register 1         */
 113:main.c        ****     /******************************************/
 114:main.c        ****     uint8_t ctrl_reg1; 
ARM GAS  C:\Users\indya\AppData\Local\Temp\ccOkwUHj.s 			page 5


 115:main.c        ****     error = I2C_Peripheral_ReadRegister(LIS3DH_DEVICE_ADDRESS,
 113              		.loc 1 115 0
 114 005e 0DF11202 		add	r2, sp, #18
 115 0062 2021     		movs	r1, #32
 116 0064 1820     		movs	r0, #24
 117 0066 FFF7FEFF 		bl	I2C_Peripheral_ReadRegister
 118              	.LVL15:
 116:main.c        ****                                         LIS3DH_CTRL_REG1,
 117:main.c        ****                                         &ctrl_reg1);
 118:main.c        ****     
 119:main.c        ****     if (error == NO_ERROR)
 119              		.loc 1 119 0
 120 006a 48B9     		cbnz	r0, .L7
 120:main.c        ****     {
 121:main.c        ****         sprintf(message, "CONTROL REGISTER 1: 0x%02X\r\n", ctrl_reg1);
 121              		.loc 1 121 0
 122 006c 9DF81220 		ldrb	r2, [sp, #18]	@ zero_extendqisi2
 123 0070 6349     		ldr	r1, .L21+12
 124 0072 05A8     		add	r0, sp, #20
 125              	.LVL16:
 126 0074 FFF7FEFF 		bl	sprintf
 127              	.LVL17:
 122:main.c        ****         UART_Debug_PutString(message); 
 128              		.loc 1 122 0
 129 0078 05A8     		add	r0, sp, #20
 130 007a FFF7FEFF 		bl	UART_Debug_PutString
 131              	.LVL18:
 132 007e 02E0     		b	.L8
 133              	.LVL19:
 134              	.L7:
 123:main.c        ****     }
 124:main.c        ****     else
 125:main.c        ****     {
 126:main.c        ****         UART_Debug_PutString("Error occurred during I2C comm to read control register 1\r\n");   
 135              		.loc 1 126 0
 136 0080 6048     		ldr	r0, .L21+16
 137              	.LVL20:
 138 0082 FFF7FEFF 		bl	UART_Debug_PutString
 139              	.LVL21:
 140              	.L8:
 127:main.c        ****     }
 128:main.c        ****     
 129:main.c        ****     /******************************************/
 130:main.c        ****     /*            I2C Writing                 */
 131:main.c        ****     /******************************************/
 132:main.c        ****     
 133:main.c        ****         
 134:main.c        ****     UART_Debug_PutString("\r\nWriting new values..\r\n");
 141              		.loc 1 134 0
 142 0086 6048     		ldr	r0, .L21+20
 143 0088 FFF7FEFF 		bl	UART_Debug_PutString
 144              	.LVL22:
 135:main.c        ****     
 136:main.c        ****     if (ctrl_reg1 != LIS3DH_CTRL_REG1_SET)
 145              		.loc 1 136 0
 146 008c 9DF81230 		ldrb	r3, [sp, #18]	@ zero_extendqisi2
 147 0090 572B     		cmp	r3, #87
ARM GAS  C:\Users\indya\AppData\Local\Temp\ccOkwUHj.s 			page 6


 148 0092 14D0     		beq	.L9
 137:main.c        ****     {
 138:main.c        ****         ctrl_reg1 = LIS3DH_CTRL_REG1_SET;
 149              		.loc 1 138 0
 150 0094 5722     		movs	r2, #87
 151 0096 8DF81220 		strb	r2, [sp, #18]
 139:main.c        ****     
 140:main.c        ****         error = I2C_Peripheral_WriteRegister(LIS3DH_DEVICE_ADDRESS,
 152              		.loc 1 140 0
 153 009a 2021     		movs	r1, #32
 154 009c 1820     		movs	r0, #24
 155 009e FFF7FEFF 		bl	I2C_Peripheral_WriteRegister
 156              	.LVL23:
 141:main.c        ****                                              LIS3DH_CTRL_REG1,
 142:main.c        ****                                              ctrl_reg1);
 143:main.c        ****     
 144:main.c        ****         if (error == NO_ERROR)
 157              		.loc 1 144 0
 158 00a2 48B9     		cbnz	r0, .L10
 145:main.c        ****         {
 146:main.c        ****             sprintf(message, "CONTROL REGISTER 1 successfully written as: 0x%02X\r\n", ctrl_reg1);
 159              		.loc 1 146 0
 160 00a4 9DF81220 		ldrb	r2, [sp, #18]	@ zero_extendqisi2
 161 00a8 5849     		ldr	r1, .L21+24
 162 00aa 05A8     		add	r0, sp, #20
 163              	.LVL24:
 164 00ac FFF7FEFF 		bl	sprintf
 165              	.LVL25:
 147:main.c        ****             UART_Debug_PutString(message); 
 166              		.loc 1 147 0
 167 00b0 05A8     		add	r0, sp, #20
 168 00b2 FFF7FEFF 		bl	UART_Debug_PutString
 169              	.LVL26:
 170 00b6 02E0     		b	.L9
 171              	.LVL27:
 172              	.L10:
 148:main.c        ****         }
 149:main.c        ****         else
 150:main.c        ****         {
 151:main.c        ****             UART_Debug_PutString("Error occurred during I2C comm to set control register 1\r\n");  
 173              		.loc 1 151 0
 174 00b8 5548     		ldr	r0, .L21+28
 175              	.LVL28:
 176 00ba FFF7FEFF 		bl	UART_Debug_PutString
 177              	.LVL29:
 178              	.L9:
 152:main.c        ****         }
 153:main.c        ****     }
 154:main.c        ****     
 155:main.c        ****     /******************************************/
 156:main.c        ****     /*     Read Control Register 1 again      */
 157:main.c        ****     /******************************************/
 158:main.c        **** 
 159:main.c        ****     error = I2C_Peripheral_ReadRegister(LIS3DH_DEVICE_ADDRESS,
 179              		.loc 1 159 0
 180 00be 0DF11202 		add	r2, sp, #18
 181 00c2 2021     		movs	r1, #32
ARM GAS  C:\Users\indya\AppData\Local\Temp\ccOkwUHj.s 			page 7


 182 00c4 1820     		movs	r0, #24
 183 00c6 FFF7FEFF 		bl	I2C_Peripheral_ReadRegister
 184              	.LVL30:
 160:main.c        ****                                         LIS3DH_CTRL_REG1,
 161:main.c        ****                                         &ctrl_reg1);
 162:main.c        ****     
 163:main.c        ****     if (error == NO_ERROR)
 185              		.loc 1 163 0
 186 00ca 48B9     		cbnz	r0, .L11
 164:main.c        ****     {
 165:main.c        ****         sprintf(message, "CONTROL REGISTER 1 after overwrite operation: 0x%02X\r\n", ctrl_reg1);
 187              		.loc 1 165 0
 188 00cc 9DF81220 		ldrb	r2, [sp, #18]	@ zero_extendqisi2
 189 00d0 5049     		ldr	r1, .L21+32
 190 00d2 05A8     		add	r0, sp, #20
 191              	.LVL31:
 192 00d4 FFF7FEFF 		bl	sprintf
 193              	.LVL32:
 166:main.c        ****         UART_Debug_PutString(message); 
 194              		.loc 1 166 0
 195 00d8 05A8     		add	r0, sp, #20
 196 00da FFF7FEFF 		bl	UART_Debug_PutString
 197              	.LVL33:
 198 00de 02E0     		b	.L12
 199              	.LVL34:
 200              	.L11:
 167:main.c        ****     }
 168:main.c        ****     else
 169:main.c        ****     {
 170:main.c        ****         UART_Debug_PutString("Error occurred during I2C comm to read control register 1\r\n");   
 201              		.loc 1 170 0
 202 00e0 4848     		ldr	r0, .L21+16
 203              	.LVL35:
 204 00e2 FFF7FEFF 		bl	UART_Debug_PutString
 205              	.LVL36:
 206              	.L12:
 171:main.c        ****     }
 172:main.c        ****     
 173:main.c        ****      
 174:main.c        ****     /******************************************/
 175:main.c        ****     /*            set BDU option              */
 176:main.c        ****     /******************************************/
 177:main.c        **** 
 178:main.c        ****        
 179:main.c        ****     
 180:main.c        ****     uint8_t ctrl_reg4;
 181:main.c        **** 
 182:main.c        ****     error = I2C_Peripheral_ReadRegister(LIS3DH_DEVICE_ADDRESS,
 207              		.loc 1 182 0
 208 00e6 0DF11102 		add	r2, sp, #17
 209 00ea 2321     		movs	r1, #35
 210 00ec 1820     		movs	r0, #24
 211 00ee FFF7FEFF 		bl	I2C_Peripheral_ReadRegister
 212              	.LVL37:
 183:main.c        ****                                         LIS3DH_CTRL_REG4,
 184:main.c        ****                                         &ctrl_reg4);
 185:main.c        ****     
ARM GAS  C:\Users\indya\AppData\Local\Temp\ccOkwUHj.s 			page 8


 186:main.c        ****     if (error == NO_ERROR)
 213              		.loc 1 186 0
 214 00f2 48B9     		cbnz	r0, .L13
 187:main.c        ****     {
 188:main.c        ****         sprintf(message, "CONTROL REGISTER 4: 0x%02X\r\n", ctrl_reg4);
 215              		.loc 1 188 0
 216 00f4 9DF81120 		ldrb	r2, [sp, #17]	@ zero_extendqisi2
 217 00f8 4749     		ldr	r1, .L21+36
 218 00fa 05A8     		add	r0, sp, #20
 219              	.LVL38:
 220 00fc FFF7FEFF 		bl	sprintf
 221              	.LVL39:
 189:main.c        ****         UART_Debug_PutString(message); 
 222              		.loc 1 189 0
 223 0100 05A8     		add	r0, sp, #20
 224 0102 FFF7FEFF 		bl	UART_Debug_PutString
 225              	.LVL40:
 226 0106 02E0     		b	.L14
 227              	.LVL41:
 228              	.L13:
 190:main.c        ****     }
 191:main.c        ****     else
 192:main.c        ****     {
 193:main.c        ****         UART_Debug_PutString("Error occurred during I2C comm to read control register4\r\n");   
 229              		.loc 1 193 0
 230 0108 4448     		ldr	r0, .L21+40
 231              	.LVL42:
 232 010a FFF7FEFF 		bl	UART_Debug_PutString
 233              	.LVL43:
 234              	.L14:
 194:main.c        ****     }
 195:main.c        ****     
 196:main.c        ****     
 197:main.c        ****     ctrl_reg4 = LIS3DH_CTRL_REG4_BDU_ACTIVE; // non cambierei altro a parte il BDU
 235              		.loc 1 197 0
 236 010e 8022     		movs	r2, #128
 237 0110 12AC     		add	r4, sp, #72
 238              	.LVL44:
 239 0112 04F8372D 		strb	r2, [r4, #-55]!
 198:main.c        ****     
 199:main.c        ****     error = I2C_Peripheral_WriteRegister(LIS3DH_DEVICE_ADDRESS,
 240              		.loc 1 199 0
 241 0116 2321     		movs	r1, #35
 242 0118 1820     		movs	r0, #24
 243 011a FFF7FEFF 		bl	I2C_Peripheral_WriteRegister
 244              	.LVL45:
 200:main.c        ****                                          LIS3DH_CTRL_REG4,
 201:main.c        ****                                          ctrl_reg4);
 202:main.c        ****     
 203:main.c        ****     error = I2C_Peripheral_ReadRegister(LIS3DH_DEVICE_ADDRESS,
 245              		.loc 1 203 0
 246 011e 2246     		mov	r2, r4
 247 0120 2321     		movs	r1, #35
 248 0122 1820     		movs	r0, #24
 249 0124 FFF7FEFF 		bl	I2C_Peripheral_ReadRegister
 250              	.LVL46:
 204:main.c        ****                                         LIS3DH_CTRL_REG4,
ARM GAS  C:\Users\indya\AppData\Local\Temp\ccOkwUHj.s 			page 9


 205:main.c        ****                                         &ctrl_reg4);
 206:main.c        ****     
 207:main.c        ****     
 208:main.c        ****     if (error == NO_ERROR)
 251              		.loc 1 208 0
 252 0128 48B9     		cbnz	r0, .L15
 209:main.c        ****     {
 210:main.c        ****         sprintf(message, "CONTROL REGISTER 4 after being updated: 0x%02X\r\n", ctrl_reg4);
 253              		.loc 1 210 0
 254 012a 9DF81120 		ldrb	r2, [sp, #17]	@ zero_extendqisi2
 255 012e 3C49     		ldr	r1, .L21+44
 256 0130 05A8     		add	r0, sp, #20
 257              	.LVL47:
 258 0132 FFF7FEFF 		bl	sprintf
 259              	.LVL48:
 211:main.c        ****         UART_Debug_PutString(message); 
 260              		.loc 1 211 0
 261 0136 05A8     		add	r0, sp, #20
 262 0138 FFF7FEFF 		bl	UART_Debug_PutString
 263              	.LVL49:
 264 013c 02E0     		b	.L16
 265              	.LVL50:
 266              	.L15:
 212:main.c        ****     }
 213:main.c        ****     else
 214:main.c        ****     {
 215:main.c        ****         UART_Debug_PutString("Error occurred during I2C comm to read control register4\r\n");   
 267              		.loc 1 215 0
 268 013e 3748     		ldr	r0, .L21+40
 269              	.LVL51:
 270 0140 FFF7FEFF 		bl	UART_Debug_PutString
 271              	.LVL52:
 272              	.L16:
 216:main.c        ****     }
 217:main.c        ****     
 218:main.c        ****     
 219:main.c        ****     
 220:main.c        ****     int16_t OutX;
 221:main.c        ****     int16_t OutX_shifted;
 222:main.c        ****     
 223:main.c        ****     int16_t OutY;
 224:main.c        ****     int16_t OutY_shifted;
 225:main.c        ****     
 226:main.c        ****     int16_t OutZ;
 227:main.c        ****     int16_t OutZ_shifted;
 228:main.c        ****     
 229:main.c        ****     uint8_t header = 0xA0;
 230:main.c        ****     uint8_t footer = 0xC0;
 231:main.c        ****     
 232:main.c        ****     
 233:main.c        ****     
 234:main.c        ****     uint8_t Out_Array[8];
 235:main.c        ****     
 236:main.c        ****     Out_Array[0]= header;
 273              		.loc 1 236 0
 274 0144 A023     		movs	r3, #160
 275 0146 8DF80830 		strb	r3, [sp, #8]
ARM GAS  C:\Users\indya\AppData\Local\Temp\ccOkwUHj.s 			page 10


 237:main.c        ****     Out_Array[7]= footer;
 276              		.loc 1 237 0
 277 014a C023     		movs	r3, #192
 278 014c 8DF80F30 		strb	r3, [sp, #15]
 238:main.c        ****     
 239:main.c        ****     
 240:main.c        ****     uint8_t AccelerationData[6];
 241:main.c        ****     
 242:main.c        **** 
 243:main.c        ****     
 244:main.c        ****     timer_flag=0;
 279              		.loc 1 244 0
 280 0150 0022     		movs	r2, #0
 281 0152 344B     		ldr	r3, .L21+48
 282 0154 1A70     		strb	r2, [r3]
 245:main.c        ****     isr_StartEx(custom_ISR_TIMER);
 283              		.loc 1 245 0
 284 0156 3448     		ldr	r0, .L21+52
 285 0158 FFF7FEFF 		bl	isr_StartEx
 286              	.LVL53:
 246:main.c        ****     
 247:main.c        ****     Timer_Start();
 287              		.loc 1 247 0
 288 015c FFF7FEFF 		bl	Timer_Start
 289              	.LVL54:
 290              	.L17:
 248:main.c        ****     
 249:main.c        ****     for(;;)
 250:main.c        ****     {
 251:main.c        ****         if(timer_flag ==1)
 291              		.loc 1 251 0
 292 0160 304B     		ldr	r3, .L21+48
 293 0162 1B78     		ldrb	r3, [r3]	@ zero_extendqisi2
 294 0164 DBB2     		uxtb	r3, r3
 295 0166 012B     		cmp	r3, #1
 296 0168 FAD1     		bne	.L17
 252:main.c        ****         {
 253:main.c        ****             
 254:main.c        ****             while(!(LIS3DH_STATUS_REG & LIS3DH_STATUS_REG_DATA_AVAILABLE)){};  //credo che sia megl
 255:main.c        ****             
 256:main.c        ****                 
 257:main.c        ****                 
 258:main.c        ****                 
 259:main.c        ****                 timer_flag=0;
 297              		.loc 1 259 0
 298 016a 0022     		movs	r2, #0
 299 016c 2D4B     		ldr	r3, .L21+48
 300 016e 1A70     		strb	r2, [r3]
 260:main.c        ****                 error = I2C_Peripheral_ReadRegisterMulti(LIS3DH_DEVICE_ADDRESS,
 301              		.loc 1 260 0
 302 0170 6B46     		mov	r3, sp
 303 0172 0622     		movs	r2, #6
 304 0174 2821     		movs	r1, #40
 305 0176 1820     		movs	r0, #24
 306 0178 FFF7FEFF 		bl	I2C_Peripheral_ReadRegisterMulti
 307              	.LVL55:
 261:main.c        ****                                                         LIS3DH_OUT_X_L,6,
ARM GAS  C:\Users\indya\AppData\Local\Temp\ccOkwUHj.s 			page 11


 262:main.c        ****                                                         &AccelerationData[0]);
 263:main.c        ****         
 264:main.c        ****         
 265:main.c        ****                 if(error == NO_ERROR)
 308              		.loc 1 265 0
 309 017c 0028     		cmp	r0, #0
 310 017e EFD1     		bne	.L17
 266:main.c        ****                 {
 267:main.c        ****                     
 268:main.c        ****                     OutX= (int16)((AccelerationData[0] | (AccelerationData[1]<<8))); //>>4 perchè 
 311              		.loc 1 268 0
 312 0180 9DF80020 		ldrb	r2, [sp]	@ zero_extendqisi2
 313 0184 9DF80130 		ldrb	r3, [sp, #1]	@ zero_extendqisi2
 314 0188 1B02     		lsls	r3, r3, #8
 315 018a 1BB2     		sxth	r3, r3
 316 018c 1343     		orrs	r3, r3, r2
 317              	.LVL56:
 269:main.c        ****                     
 270:main.c        ****                     OutX_shifted= (abs(OutX))>>4;
 318              		.loc 1 270 0
 319 018e 002B     		cmp	r3, #0
 320 0190 B8BF     		it	lt
 321 0192 5B42     		rsblt	r3, r3, #0
 322              	.LVL57:
 323 0194 1B11     		asrs	r3, r3, #4
 324              	.LVL58:
 271:main.c        ****                     
 272:main.c        ****                     Out_Array[1]= (uint8_t)(OutX_shifted & 0xFF);  //seleziono il LSB
 325              		.loc 1 272 0
 326 0196 8DF80930 		strb	r3, [sp, #9]
 273:main.c        ****                     Out_Array[2]= (uint8_t)(OutX_shifted >> 8);    //seleziono il MSB
 327              		.loc 1 273 0
 328 019a C3F30723 		ubfx	r3, r3, #8, #8
 329              	.LVL59:
 330 019e 8DF80A30 		strb	r3, [sp, #10]
 274:main.c        ****                     
 275:main.c        ****                     OutY= (int16)((AccelerationData[2] | (AccelerationData[3]<<8)));
 331              		.loc 1 275 0
 332 01a2 9DF80220 		ldrb	r2, [sp, #2]	@ zero_extendqisi2
 333              	.LVL60:
 334 01a6 9DF80330 		ldrb	r3, [sp, #3]	@ zero_extendqisi2
 335 01aa 1B02     		lsls	r3, r3, #8
 336 01ac 1BB2     		sxth	r3, r3
 337 01ae 1343     		orrs	r3, r3, r2
 338              	.LVL61:
 276:main.c        ****                     
 277:main.c        ****                     OutY_shifted = (abs(OutY))>>4;
 339              		.loc 1 277 0
 340 01b0 002B     		cmp	r3, #0
 341              	.LVL62:
 342 01b2 B8BF     		it	lt
 343 01b4 5B42     		rsblt	r3, r3, #0
 344              	.LVL63:
 345 01b6 1B11     		asrs	r3, r3, #4
 346              	.LVL64:
 278:main.c        ****                     
 279:main.c        ****                     Out_Array[3]= (uint8_t)(OutY_shifted & 0xFF);
ARM GAS  C:\Users\indya\AppData\Local\Temp\ccOkwUHj.s 			page 12


 347              		.loc 1 279 0
 348 01b8 8DF80B30 		strb	r3, [sp, #11]
 280:main.c        ****                     Out_Array[4]= (uint8_t)(OutY_shifted >> 8);
 349              		.loc 1 280 0
 350 01bc C3F30723 		ubfx	r3, r3, #8, #8
 351              	.LVL65:
 352 01c0 8DF80C30 		strb	r3, [sp, #12]
 281:main.c        ****                     
 282:main.c        ****                     OutZ= (int16)((AccelerationData[4] | (AccelerationData[5]<<8)));
 353              		.loc 1 282 0
 354 01c4 9DF80420 		ldrb	r2, [sp, #4]	@ zero_extendqisi2
 355              	.LVL66:
 356 01c8 9DF80530 		ldrb	r3, [sp, #5]	@ zero_extendqisi2
 357 01cc 1B02     		lsls	r3, r3, #8
 358 01ce 1BB2     		sxth	r3, r3
 359 01d0 1343     		orrs	r3, r3, r2
 360              	.LVL67:
 283:main.c        ****                     
 284:main.c        ****                     OutZ_shifted= (abs(OutZ))>>4;
 361              		.loc 1 284 0
 362 01d2 002B     		cmp	r3, #0
 363              	.LVL68:
 364 01d4 B8BF     		it	lt
 365 01d6 5B42     		rsblt	r3, r3, #0
 366              	.LVL69:
 367 01d8 1B11     		asrs	r3, r3, #4
 368              	.LVL70:
 285:main.c        ****                     
 286:main.c        ****                     Out_Array[5]= (uint8_t)(OutZ_shifted & 0xFF);
 369              		.loc 1 286 0
 370 01da 8DF80D30 		strb	r3, [sp, #13]
 287:main.c        ****                     Out_Array[6]= (uint8_t)(OutZ_shifted >> 8);
 371              		.loc 1 287 0
 372 01de C3F30723 		ubfx	r3, r3, #8, #8
 373              	.LVL71:
 374 01e2 8DF80E30 		strb	r3, [sp, #14]
 288:main.c        ****                     
 289:main.c        ****                     UART_Debug_PutArray(Out_Array, 8);
 375              		.loc 1 289 0
 376 01e6 0821     		movs	r1, #8
 377 01e8 0DEB0100 		add	r0, sp, r1
 378              	.LVL72:
 379 01ec FFF7FEFF 		bl	UART_Debug_PutArray
 380              	.LVL73:
 381 01f0 B6E7     		b	.L17
 382              	.L22:
 383 01f2 00BF     		.align	2
 384              	.L21:
 385 01f4 00000000 		.word	.LC0
 386 01f8 20000000 		.word	.LC1
 387 01fc 3C000000 		.word	.LC2
 388 0200 78000000 		.word	.LC3
 389 0204 98000000 		.word	.LC4
 390 0208 D4000000 		.word	.LC5
 391 020c F0000000 		.word	.LC6
 392 0210 28010000 		.word	.LC7
 393 0214 64010000 		.word	.LC8
ARM GAS  C:\Users\indya\AppData\Local\Temp\ccOkwUHj.s 			page 13


 394 0218 9C010000 		.word	.LC9
 395 021c BC010000 		.word	.LC10
 396 0220 F8010000 		.word	.LC11
 397 0224 00000000 		.word	timer_flag
 398 0228 00000000 		.word	custom_ISR_TIMER
 399              		.cfi_endproc
 400              	.LFE64:
 401              		.size	main, .-main
 402              		.comm	timer_flag,1,1
 403              		.section	.rodata.str1.4,"aMS",%progbits,1
 404              		.align	2
 405              	.LC0:
 406 0000 44657669 		.ascii	"Device 0x%02X is connected\015\012\000"
 406      63652030 
 406      78253032 
 406      58206973 
 406      20636F6E 
 407 001d 000000   		.space	3
 408              	.LC1:
 409 0020 53544154 		.ascii	"STATUS REGISTER: 0x%02X\015\012\000"
 409      55532052 
 409      45474953 
 409      5445523A 
 409      20307825 
 410 003a 0000     		.space	2
 411              	.LC2:
 412 003c 4572726F 		.ascii	"Error occurred during I2C comm to read status regis"
 412      72206F63 
 412      63757272 
 412      65642064 
 412      7572696E 
 413 006f 7465720D 		.ascii	"ter\015\012\000"
 413      0A00
 414 0075 000000   		.space	3
 415              	.LC3:
 416 0078 434F4E54 		.ascii	"CONTROL REGISTER 1: 0x%02X\015\012\000"
 416      524F4C20 
 416      52454749 
 416      53544552 
 416      20313A20 
 417 0095 000000   		.space	3
 418              	.LC4:
 419 0098 4572726F 		.ascii	"Error occurred during I2C comm to read control regi"
 419      72206F63 
 419      63757272 
 419      65642064 
 419      7572696E 
 420 00cb 73746572 		.ascii	"ster 1\015\012\000"
 420      20310D0A 
 420      00
 421              	.LC5:
 422 00d4 0D0A5772 		.ascii	"\015\012Writing new values..\015\012\000"
 422      6974696E 
 422      67206E65 
 422      77207661 
 422      6C756573 
 423 00ed 000000   		.space	3
ARM GAS  C:\Users\indya\AppData\Local\Temp\ccOkwUHj.s 			page 14


 424              	.LC6:
 425 00f0 434F4E54 		.ascii	"CONTROL REGISTER 1 successfully written as: 0x%02X\015"
 425      524F4C20 
 425      52454749 
 425      53544552 
 425      20312073 
 426 0123 0A00     		.ascii	"\012\000"
 427 0125 000000   		.space	3
 428              	.LC7:
 429 0128 4572726F 		.ascii	"Error occurred during I2C comm to set control regis"
 429      72206F63 
 429      63757272 
 429      65642064 
 429      7572696E 
 430 015b 74657220 		.ascii	"ter 1\015\012\000"
 430      310D0A00 
 431 0163 00       		.space	1
 432              	.LC8:
 433 0164 434F4E54 		.ascii	"CONTROL REGISTER 1 after overwrite operation: 0x%02"
 433      524F4C20 
 433      52454749 
 433      53544552 
 433      20312061 
 434 0197 580D0A00 		.ascii	"X\015\012\000"
 435 019b 00       		.space	1
 436              	.LC9:
 437 019c 434F4E54 		.ascii	"CONTROL REGISTER 4: 0x%02X\015\012\000"
 437      524F4C20 
 437      52454749 
 437      53544552 
 437      20343A20 
 438 01b9 000000   		.space	3
 439              	.LC10:
 440 01bc 4572726F 		.ascii	"Error occurred during I2C comm to read control regi"
 440      72206F63 
 440      63757272 
 440      65642064 
 440      7572696E 
 441 01ef 73746572 		.ascii	"ster4\015\012\000"
 441      340D0A00 
 442 01f7 00       		.space	1
 443              	.LC11:
 444 01f8 434F4E54 		.ascii	"CONTROL REGISTER 4 after being updated: 0x%02X\015\012"
 444      524F4C20 
 444      52454749 
 444      53544552 
 444      20342061 
 445 0228 00       		.ascii	"\000"
 446              		.text
 447              	.Letext0:
 448              		.file 2 "c:\\program files (x86)\\cypress\\psoc creator\\4.3\\psoc creator\\import\\gnu\\arm\\5.4.
 449              		.file 3 "c:\\program files (x86)\\cypress\\psoc creator\\4.3\\psoc creator\\import\\gnu\\arm\\5.4.
 450              		.file 4 "Generated_Source\\PSoC5/cytypes.h"
 451              		.file 5 "ErrorCodes.h"
 452              		.file 6 "InterruptRoutines.h"
 453              		.file 7 "Generated_Source\\PSoC5/core_cm3.h"
 454              		.file 8 "I2C_Interface.h"
ARM GAS  C:\Users\indya\AppData\Local\Temp\ccOkwUHj.s 			page 15


 455              		.file 9 "c:\\program files (x86)\\cypress\\psoc creator\\4.3\\psoc creator\\import\\gnu\\arm\\5.4.
 456              		.file 10 "Generated_Source\\PSoC5/UART_Debug.h"
 457              		.file 11 "Generated_Source\\PSoC5/CyLib.h"
 458              		.file 12 "Generated_Source\\PSoC5/isr.h"
 459              		.file 13 "Generated_Source\\PSoC5/Timer.h"
 460              		.section	.debug_info,"",%progbits
 461              	.Ldebug_info0:
 462 0000 3D060000 		.4byte	0x63d
 463 0004 0400     		.2byte	0x4
 464 0006 00000000 		.4byte	.Ldebug_abbrev0
 465 000a 04       		.byte	0x4
 466 000b 01       		.uleb128 0x1
 467 000c 0F000000 		.4byte	.LASF53
 468 0010 0C       		.byte	0xc
 469 0011 D2020000 		.4byte	.LASF54
 470 0015 1B010000 		.4byte	.LASF55
 471 0019 00000000 		.4byte	.Ldebug_ranges0+0
 472 001d 00000000 		.4byte	0
 473 0021 00000000 		.4byte	.Ldebug_line0
 474 0025 02       		.uleb128 0x2
 475 0026 01       		.byte	0x1
 476 0027 06       		.byte	0x6
 477 0028 2F030000 		.4byte	.LASF0
 478 002c 03       		.uleb128 0x3
 479 002d 9D000000 		.4byte	.LASF2
 480 0031 02       		.byte	0x2
 481 0032 1D       		.byte	0x1d
 482 0033 37000000 		.4byte	0x37
 483 0037 02       		.uleb128 0x2
 484 0038 01       		.byte	0x1
 485 0039 08       		.byte	0x8
 486 003a 70010000 		.4byte	.LASF1
 487 003e 03       		.uleb128 0x3
 488 003f 1D020000 		.4byte	.LASF3
 489 0043 02       		.byte	0x2
 490 0044 29       		.byte	0x29
 491 0045 49000000 		.4byte	0x49
 492 0049 02       		.uleb128 0x2
 493 004a 02       		.byte	0x2
 494 004b 05       		.byte	0x5
 495 004c FA020000 		.4byte	.LASF4
 496 0050 02       		.uleb128 0x2
 497 0051 02       		.byte	0x2
 498 0052 07       		.byte	0x7
 499 0053 A0010000 		.4byte	.LASF5
 500 0057 03       		.uleb128 0x3
 501 0058 EA000000 		.4byte	.LASF6
 502 005c 02       		.byte	0x2
 503 005d 3F       		.byte	0x3f
 504 005e 62000000 		.4byte	0x62
 505 0062 02       		.uleb128 0x2
 506 0063 04       		.byte	0x4
 507 0064 05       		.byte	0x5
 508 0065 F4000000 		.4byte	.LASF7
 509 0069 02       		.uleb128 0x2
 510 006a 04       		.byte	0x4
 511 006b 07       		.byte	0x7
ARM GAS  C:\Users\indya\AppData\Local\Temp\ccOkwUHj.s 			page 16


 512 006c 8E010000 		.4byte	.LASF8
 513 0070 02       		.uleb128 0x2
 514 0071 08       		.byte	0x8
 515 0072 05       		.byte	0x5
 516 0073 B3020000 		.4byte	.LASF9
 517 0077 02       		.uleb128 0x2
 518 0078 08       		.byte	0x8
 519 0079 07       		.byte	0x7
 520 007a 54020000 		.4byte	.LASF10
 521 007e 04       		.uleb128 0x4
 522 007f 04       		.byte	0x4
 523 0080 05       		.byte	0x5
 524 0081 696E7400 		.ascii	"int\000"
 525 0085 02       		.uleb128 0x2
 526 0086 04       		.byte	0x4
 527 0087 07       		.byte	0x7
 528 0088 47020000 		.4byte	.LASF11
 529 008c 03       		.uleb128 0x3
 530 008d 6B020000 		.4byte	.LASF12
 531 0091 03       		.byte	0x3
 532 0092 18       		.byte	0x18
 533 0093 2C000000 		.4byte	0x2c
 534 0097 03       		.uleb128 0x3
 535 0098 73020000 		.4byte	.LASF13
 536 009c 03       		.byte	0x3
 537 009d 20       		.byte	0x20
 538 009e 3E000000 		.4byte	0x3e
 539 00a2 03       		.uleb128 0x3
 540 00a3 57010000 		.4byte	.LASF14
 541 00a7 03       		.byte	0x3
 542 00a8 2C       		.byte	0x2c
 543 00a9 57000000 		.4byte	0x57
 544 00ad 05       		.uleb128 0x5
 545 00ae 88010000 		.4byte	.LASF15
 546 00b2 04       		.byte	0x4
 547 00b3 E801     		.2byte	0x1e8
 548 00b5 49000000 		.4byte	0x49
 549 00b9 02       		.uleb128 0x2
 550 00ba 04       		.byte	0x4
 551 00bb 04       		.byte	0x4
 552 00bc 6A010000 		.4byte	.LASF16
 553 00c0 02       		.uleb128 0x2
 554 00c1 08       		.byte	0x8
 555 00c2 04       		.byte	0x4
 556 00c3 BA010000 		.4byte	.LASF17
 557 00c7 02       		.uleb128 0x2
 558 00c8 01       		.byte	0x1
 559 00c9 08       		.byte	0x8
 560 00ca D9020000 		.4byte	.LASF18
 561 00ce 06       		.uleb128 0x6
 562 00cf 01       		.byte	0x1
 563 00d0 37000000 		.4byte	0x37
 564 00d4 05       		.byte	0x5
 565 00d5 15       		.byte	0x15
 566 00d6 E7000000 		.4byte	0xe7
 567 00da 07       		.uleb128 0x7
 568 00db 04030000 		.4byte	.LASF19
ARM GAS  C:\Users\indya\AppData\Local\Temp\ccOkwUHj.s 			page 17


 569 00df 00       		.byte	0
 570 00e0 07       		.uleb128 0x7
 571 00e1 0D030000 		.4byte	.LASF20
 572 00e5 01       		.byte	0x1
 573 00e6 00       		.byte	0
 574 00e7 03       		.uleb128 0x3
 575 00e8 11010000 		.4byte	.LASF21
 576 00ec 05       		.byte	0x5
 577 00ed 18       		.byte	0x18
 578 00ee CE000000 		.4byte	0xce
 579 00f2 02       		.uleb128 0x2
 580 00f3 08       		.byte	0x8
 581 00f4 04       		.byte	0x4
 582 00f5 23030000 		.4byte	.LASF22
 583 00f9 02       		.uleb128 0x2
 584 00fa 04       		.byte	0x4
 585 00fb 07       		.byte	0x7
 586 00fc 97020000 		.4byte	.LASF23
 587 0100 08       		.uleb128 0x8
 588 0101 8C000000 		.4byte	0x8c
 589 0105 09       		.uleb128 0x9
 590 0106 0C020000 		.4byte	.LASF56
 591 010a 01       		.byte	0x1
 592 010b 3E       		.byte	0x3e
 593 010c 7E000000 		.4byte	0x7e
 594 0110 00000000 		.4byte	.LFB64
 595 0114 2C020000 		.4byte	.LFE64-.LFB64
 596 0118 01       		.uleb128 0x1
 597 0119 9C       		.byte	0x9c
 598 011a 6A050000 		.4byte	0x56a
 599 011e 0A       		.uleb128 0xa
 600 011f 00000000 		.4byte	.LASF24
 601 0123 01       		.byte	0x1
 602 0124 49       		.byte	0x49
 603 0125 6A050000 		.4byte	0x56a
 604 0129 02       		.uleb128 0x2
 605 012a 91       		.byte	0x91
 606 012b 44       		.sleb128 -60
 607 012c 0B       		.uleb128 0xb
 608 012d AD020000 		.4byte	.LASF25
 609 0131 01       		.byte	0x1
 610 0132 5C       		.byte	0x5c
 611 0133 E7000000 		.4byte	0xe7
 612 0137 00000000 		.4byte	.LLST0
 613 013b 0A       		.uleb128 0xa
 614 013c 13030000 		.4byte	.LASF26
 615 0140 01       		.byte	0x1
 616 0141 60       		.byte	0x60
 617 0142 8C000000 		.4byte	0x8c
 618 0146 02       		.uleb128 0x2
 619 0147 91       		.byte	0x91
 620 0148 43       		.sleb128 -61
 621 0149 0A       		.uleb128 0xa
 622 014a 27020000 		.4byte	.LASF27
 623 014e 01       		.byte	0x1
 624 014f 72       		.byte	0x72
 625 0150 8C000000 		.4byte	0x8c
ARM GAS  C:\Users\indya\AppData\Local\Temp\ccOkwUHj.s 			page 18


 626 0154 02       		.uleb128 0x2
 627 0155 91       		.byte	0x91
 628 0156 42       		.sleb128 -62
 629 0157 0A       		.uleb128 0xa
 630 0158 3D020000 		.4byte	.LASF28
 631 015c 01       		.byte	0x1
 632 015d B4       		.byte	0xb4
 633 015e 8C000000 		.4byte	0x8c
 634 0162 02       		.uleb128 0x2
 635 0163 91       		.byte	0x91
 636 0164 41       		.sleb128 -63
 637 0165 0B       		.uleb128 0xb
 638 0166 88020000 		.4byte	.LASF29
 639 016a 01       		.byte	0x1
 640 016b DC       		.byte	0xdc
 641 016c 97000000 		.4byte	0x97
 642 0170 97000000 		.4byte	.LLST1
 643 0174 0B       		.uleb128 0xb
 644 0175 A0020000 		.4byte	.LASF30
 645 0179 01       		.byte	0x1
 646 017a DD       		.byte	0xdd
 647 017b 97000000 		.4byte	0x97
 648 017f E7000000 		.4byte	.LLST2
 649 0183 0B       		.uleb128 0xb
 650 0184 8D020000 		.4byte	.LASF31
 651 0188 01       		.byte	0x1
 652 0189 DF       		.byte	0xdf
 653 018a 97000000 		.4byte	0x97
 654 018e 51010000 		.4byte	.LLST3
 655 0192 0B       		.uleb128 0xb
 656 0193 BC000000 		.4byte	.LASF32
 657 0197 01       		.byte	0x1
 658 0198 E0       		.byte	0xe0
 659 0199 97000000 		.4byte	0x97
 660 019d A2010000 		.4byte	.LLST4
 661 01a1 0B       		.uleb128 0xb
 662 01a2 92020000 		.4byte	.LASF33
 663 01a6 01       		.byte	0x1
 664 01a7 E2       		.byte	0xe2
 665 01a8 97000000 		.4byte	0x97
 666 01ac 0F020000 		.4byte	.LLST5
 667 01b0 0B       		.uleb128 0xb
 668 01b1 E2010000 		.4byte	.LASF34
 669 01b5 01       		.byte	0x1
 670 01b6 E3       		.byte	0xe3
 671 01b7 97000000 		.4byte	0x97
 672 01bb 3E020000 		.4byte	.LLST6
 673 01bf 0C       		.uleb128 0xc
 674 01c0 08000000 		.4byte	.LASF35
 675 01c4 01       		.byte	0x1
 676 01c5 E5       		.byte	0xe5
 677 01c6 8C000000 		.4byte	0x8c
 678 01ca A07F     		.sleb128 -96
 679 01cc 0C       		.uleb128 0xc
 680 01cd B3010000 		.4byte	.LASF36
 681 01d1 01       		.byte	0x1
 682 01d2 E6       		.byte	0xe6
ARM GAS  C:\Users\indya\AppData\Local\Temp\ccOkwUHj.s 			page 19


 683 01d3 8C000000 		.4byte	0x8c
 684 01d7 40       		.sleb128 -64
 685 01d8 0A       		.uleb128 0xa
 686 01d9 7E010000 		.4byte	.LASF37
 687 01dd 01       		.byte	0x1
 688 01de EA       		.byte	0xea
 689 01df 7A050000 		.4byte	0x57a
 690 01e3 03       		.uleb128 0x3
 691 01e4 91       		.byte	0x91
 692 01e5 B87F     		.sleb128 -72
 693 01e7 0A       		.uleb128 0xa
 694 01e8 4B030000 		.4byte	.LASF38
 695 01ec 01       		.byte	0x1
 696 01ed F0       		.byte	0xf0
 697 01ee 8A050000 		.4byte	0x58a
 698 01f2 03       		.uleb128 0x3
 699 01f3 91       		.byte	0x91
 700 01f4 B07F     		.sleb128 -80
 701 01f6 0D       		.uleb128 0xd
 702 01f7 14000000 		.4byte	.LBB2
 703 01fb 22000000 		.4byte	.LBE2-.LBB2
 704 01ff 58020000 		.4byte	0x258
 705 0203 0E       		.uleb128 0xe
 706 0204 6900     		.ascii	"i\000"
 707 0206 01       		.byte	0x1
 708 0207 4C       		.byte	0x4c
 709 0208 7E000000 		.4byte	0x7e
 710 020c 51020000 		.4byte	.LLST7
 711 0210 0F       		.uleb128 0xf
 712 0211 1E000000 		.4byte	.LVL4
 713 0215 BC050000 		.4byte	0x5bc
 714 0219 24020000 		.4byte	0x224
 715 021d 10       		.uleb128 0x10
 716 021e 01       		.uleb128 0x1
 717 021f 50       		.byte	0x50
 718 0220 02       		.uleb128 0x2
 719 0221 74       		.byte	0x74
 720 0222 00       		.sleb128 0
 721 0223 00       		.byte	0
 722 0224 0F       		.uleb128 0xf
 723 0225 2A000000 		.4byte	.LVL5
 724 0229 C7050000 		.4byte	0x5c7
 725 022d 47020000 		.4byte	0x247
 726 0231 10       		.uleb128 0x10
 727 0232 01       		.uleb128 0x1
 728 0233 50       		.byte	0x50
 729 0234 02       		.uleb128 0x2
 730 0235 91       		.byte	0x91
 731 0236 44       		.sleb128 -60
 732 0237 10       		.uleb128 0x10
 733 0238 01       		.uleb128 0x1
 734 0239 51       		.byte	0x51
 735 023a 05       		.uleb128 0x5
 736 023b 03       		.byte	0x3
 737 023c 00000000 		.4byte	.LC0
 738 0240 10       		.uleb128 0x10
 739 0241 01       		.uleb128 0x1
ARM GAS  C:\Users\indya\AppData\Local\Temp\ccOkwUHj.s 			page 20


 740 0242 52       		.byte	0x52
 741 0243 02       		.uleb128 0x2
 742 0244 74       		.byte	0x74
 743 0245 00       		.sleb128 0
 744 0246 00       		.byte	0
 745 0247 11       		.uleb128 0x11
 746 0248 30000000 		.4byte	.LVL6
 747 024c D2050000 		.4byte	0x5d2
 748 0250 10       		.uleb128 0x10
 749 0251 01       		.uleb128 0x1
 750 0252 50       		.byte	0x50
 751 0253 02       		.uleb128 0x2
 752 0254 91       		.byte	0x91
 753 0255 44       		.sleb128 -60
 754 0256 00       		.byte	0
 755 0257 00       		.byte	0
 756 0258 12       		.uleb128 0x12
 757 0259 0A000000 		.4byte	.LVL0
 758 025d DD050000 		.4byte	0x5dd
 759 0261 12       		.uleb128 0x12
 760 0262 0E000000 		.4byte	.LVL1
 761 0266 E8050000 		.4byte	0x5e8
 762 026a 0F       		.uleb128 0xf
 763 026b 14000000 		.4byte	.LVL2
 764 026f F3050000 		.4byte	0x5f3
 765 0273 7D020000 		.4byte	0x27d
 766 0277 10       		.uleb128 0x10
 767 0278 01       		.uleb128 0x1
 768 0279 50       		.byte	0x50
 769 027a 01       		.uleb128 0x1
 770 027b 35       		.byte	0x35
 771 027c 00       		.byte	0
 772 027d 0F       		.uleb128 0xf
 773 027e 42000000 		.4byte	.LVL8
 774 0282 FE050000 		.4byte	0x5fe
 775 0286 9C020000 		.4byte	0x29c
 776 028a 10       		.uleb128 0x10
 777 028b 01       		.uleb128 0x1
 778 028c 50       		.byte	0x50
 779 028d 01       		.uleb128 0x1
 780 028e 48       		.byte	0x48
 781 028f 10       		.uleb128 0x10
 782 0290 01       		.uleb128 0x1
 783 0291 51       		.byte	0x51
 784 0292 02       		.uleb128 0x2
 785 0293 08       		.byte	0x8
 786 0294 27       		.byte	0x27
 787 0295 10       		.uleb128 0x10
 788 0296 01       		.uleb128 0x1
 789 0297 52       		.byte	0x52
 790 0298 02       		.uleb128 0x2
 791 0299 91       		.byte	0x91
 792 029a 43       		.sleb128 -61
 793 029b 00       		.byte	0
 794 029c 0F       		.uleb128 0xf
 795 029d 50000000 		.4byte	.LVL10
 796 02a1 C7050000 		.4byte	0x5c7
ARM GAS  C:\Users\indya\AppData\Local\Temp\ccOkwUHj.s 			page 21


 797 02a5 B9020000 		.4byte	0x2b9
 798 02a9 10       		.uleb128 0x10
 799 02aa 01       		.uleb128 0x1
 800 02ab 50       		.byte	0x50
 801 02ac 02       		.uleb128 0x2
 802 02ad 91       		.byte	0x91
 803 02ae 44       		.sleb128 -60
 804 02af 10       		.uleb128 0x10
 805 02b0 01       		.uleb128 0x1
 806 02b1 51       		.byte	0x51
 807 02b2 05       		.uleb128 0x5
 808 02b3 03       		.byte	0x3
 809 02b4 20000000 		.4byte	.LC1
 810 02b8 00       		.byte	0
 811 02b9 0F       		.uleb128 0xf
 812 02ba 56000000 		.4byte	.LVL11
 813 02be D2050000 		.4byte	0x5d2
 814 02c2 CD020000 		.4byte	0x2cd
 815 02c6 10       		.uleb128 0x10
 816 02c7 01       		.uleb128 0x1
 817 02c8 50       		.byte	0x50
 818 02c9 02       		.uleb128 0x2
 819 02ca 91       		.byte	0x91
 820 02cb 44       		.sleb128 -60
 821 02cc 00       		.byte	0
 822 02cd 0F       		.uleb128 0xf
 823 02ce 5E000000 		.4byte	.LVL14
 824 02d2 D2050000 		.4byte	0x5d2
 825 02d6 E4020000 		.4byte	0x2e4
 826 02da 10       		.uleb128 0x10
 827 02db 01       		.uleb128 0x1
 828 02dc 50       		.byte	0x50
 829 02dd 05       		.uleb128 0x5
 830 02de 03       		.byte	0x3
 831 02df 3C000000 		.4byte	.LC2
 832 02e3 00       		.byte	0
 833 02e4 0F       		.uleb128 0xf
 834 02e5 6A000000 		.4byte	.LVL15
 835 02e9 FE050000 		.4byte	0x5fe
 836 02ed 03030000 		.4byte	0x303
 837 02f1 10       		.uleb128 0x10
 838 02f2 01       		.uleb128 0x1
 839 02f3 50       		.byte	0x50
 840 02f4 01       		.uleb128 0x1
 841 02f5 48       		.byte	0x48
 842 02f6 10       		.uleb128 0x10
 843 02f7 01       		.uleb128 0x1
 844 02f8 51       		.byte	0x51
 845 02f9 02       		.uleb128 0x2
 846 02fa 08       		.byte	0x8
 847 02fb 20       		.byte	0x20
 848 02fc 10       		.uleb128 0x10
 849 02fd 01       		.uleb128 0x1
 850 02fe 52       		.byte	0x52
 851 02ff 02       		.uleb128 0x2
 852 0300 91       		.byte	0x91
 853 0301 42       		.sleb128 -62
ARM GAS  C:\Users\indya\AppData\Local\Temp\ccOkwUHj.s 			page 22


 854 0302 00       		.byte	0
 855 0303 0F       		.uleb128 0xf
 856 0304 78000000 		.4byte	.LVL17
 857 0308 C7050000 		.4byte	0x5c7
 858 030c 20030000 		.4byte	0x320
 859 0310 10       		.uleb128 0x10
 860 0311 01       		.uleb128 0x1
 861 0312 50       		.byte	0x50
 862 0313 02       		.uleb128 0x2
 863 0314 91       		.byte	0x91
 864 0315 44       		.sleb128 -60
 865 0316 10       		.uleb128 0x10
 866 0317 01       		.uleb128 0x1
 867 0318 51       		.byte	0x51
 868 0319 05       		.uleb128 0x5
 869 031a 03       		.byte	0x3
 870 031b 78000000 		.4byte	.LC3
 871 031f 00       		.byte	0
 872 0320 0F       		.uleb128 0xf
 873 0321 7E000000 		.4byte	.LVL18
 874 0325 D2050000 		.4byte	0x5d2
 875 0329 34030000 		.4byte	0x334
 876 032d 10       		.uleb128 0x10
 877 032e 01       		.uleb128 0x1
 878 032f 50       		.byte	0x50
 879 0330 02       		.uleb128 0x2
 880 0331 91       		.byte	0x91
 881 0332 44       		.sleb128 -60
 882 0333 00       		.byte	0
 883 0334 0F       		.uleb128 0xf
 884 0335 86000000 		.4byte	.LVL21
 885 0339 D2050000 		.4byte	0x5d2
 886 033d 4B030000 		.4byte	0x34b
 887 0341 10       		.uleb128 0x10
 888 0342 01       		.uleb128 0x1
 889 0343 50       		.byte	0x50
 890 0344 05       		.uleb128 0x5
 891 0345 03       		.byte	0x3
 892 0346 98000000 		.4byte	.LC4
 893 034a 00       		.byte	0
 894 034b 0F       		.uleb128 0xf
 895 034c 8C000000 		.4byte	.LVL22
 896 0350 D2050000 		.4byte	0x5d2
 897 0354 62030000 		.4byte	0x362
 898 0358 10       		.uleb128 0x10
 899 0359 01       		.uleb128 0x1
 900 035a 50       		.byte	0x50
 901 035b 05       		.uleb128 0x5
 902 035c 03       		.byte	0x3
 903 035d D4000000 		.4byte	.LC5
 904 0361 00       		.byte	0
 905 0362 0F       		.uleb128 0xf
 906 0363 A2000000 		.4byte	.LVL23
 907 0367 09060000 		.4byte	0x609
 908 036b 81030000 		.4byte	0x381
 909 036f 10       		.uleb128 0x10
 910 0370 01       		.uleb128 0x1
ARM GAS  C:\Users\indya\AppData\Local\Temp\ccOkwUHj.s 			page 23


 911 0371 50       		.byte	0x50
 912 0372 01       		.uleb128 0x1
 913 0373 48       		.byte	0x48
 914 0374 10       		.uleb128 0x10
 915 0375 01       		.uleb128 0x1
 916 0376 51       		.byte	0x51
 917 0377 02       		.uleb128 0x2
 918 0378 08       		.byte	0x8
 919 0379 20       		.byte	0x20
 920 037a 10       		.uleb128 0x10
 921 037b 01       		.uleb128 0x1
 922 037c 52       		.byte	0x52
 923 037d 02       		.uleb128 0x2
 924 037e 08       		.byte	0x8
 925 037f 57       		.byte	0x57
 926 0380 00       		.byte	0
 927 0381 0F       		.uleb128 0xf
 928 0382 B0000000 		.4byte	.LVL25
 929 0386 C7050000 		.4byte	0x5c7
 930 038a 9E030000 		.4byte	0x39e
 931 038e 10       		.uleb128 0x10
 932 038f 01       		.uleb128 0x1
 933 0390 50       		.byte	0x50
 934 0391 02       		.uleb128 0x2
 935 0392 91       		.byte	0x91
 936 0393 44       		.sleb128 -60
 937 0394 10       		.uleb128 0x10
 938 0395 01       		.uleb128 0x1
 939 0396 51       		.byte	0x51
 940 0397 05       		.uleb128 0x5
 941 0398 03       		.byte	0x3
 942 0399 F0000000 		.4byte	.LC6
 943 039d 00       		.byte	0
 944 039e 0F       		.uleb128 0xf
 945 039f B6000000 		.4byte	.LVL26
 946 03a3 D2050000 		.4byte	0x5d2
 947 03a7 B2030000 		.4byte	0x3b2
 948 03ab 10       		.uleb128 0x10
 949 03ac 01       		.uleb128 0x1
 950 03ad 50       		.byte	0x50
 951 03ae 02       		.uleb128 0x2
 952 03af 91       		.byte	0x91
 953 03b0 44       		.sleb128 -60
 954 03b1 00       		.byte	0
 955 03b2 0F       		.uleb128 0xf
 956 03b3 BE000000 		.4byte	.LVL29
 957 03b7 D2050000 		.4byte	0x5d2
 958 03bb C9030000 		.4byte	0x3c9
 959 03bf 10       		.uleb128 0x10
 960 03c0 01       		.uleb128 0x1
 961 03c1 50       		.byte	0x50
 962 03c2 05       		.uleb128 0x5
 963 03c3 03       		.byte	0x3
 964 03c4 28010000 		.4byte	.LC7
 965 03c8 00       		.byte	0
 966 03c9 0F       		.uleb128 0xf
 967 03ca CA000000 		.4byte	.LVL30
ARM GAS  C:\Users\indya\AppData\Local\Temp\ccOkwUHj.s 			page 24


 968 03ce FE050000 		.4byte	0x5fe
 969 03d2 E8030000 		.4byte	0x3e8
 970 03d6 10       		.uleb128 0x10
 971 03d7 01       		.uleb128 0x1
 972 03d8 50       		.byte	0x50
 973 03d9 01       		.uleb128 0x1
 974 03da 48       		.byte	0x48
 975 03db 10       		.uleb128 0x10
 976 03dc 01       		.uleb128 0x1
 977 03dd 51       		.byte	0x51
 978 03de 02       		.uleb128 0x2
 979 03df 08       		.byte	0x8
 980 03e0 20       		.byte	0x20
 981 03e1 10       		.uleb128 0x10
 982 03e2 01       		.uleb128 0x1
 983 03e3 52       		.byte	0x52
 984 03e4 02       		.uleb128 0x2
 985 03e5 91       		.byte	0x91
 986 03e6 42       		.sleb128 -62
 987 03e7 00       		.byte	0
 988 03e8 0F       		.uleb128 0xf
 989 03e9 D8000000 		.4byte	.LVL32
 990 03ed C7050000 		.4byte	0x5c7
 991 03f1 05040000 		.4byte	0x405
 992 03f5 10       		.uleb128 0x10
 993 03f6 01       		.uleb128 0x1
 994 03f7 50       		.byte	0x50
 995 03f8 02       		.uleb128 0x2
 996 03f9 91       		.byte	0x91
 997 03fa 44       		.sleb128 -60
 998 03fb 10       		.uleb128 0x10
 999 03fc 01       		.uleb128 0x1
 1000 03fd 51       		.byte	0x51
 1001 03fe 05       		.uleb128 0x5
 1002 03ff 03       		.byte	0x3
 1003 0400 64010000 		.4byte	.LC8
 1004 0404 00       		.byte	0
 1005 0405 0F       		.uleb128 0xf
 1006 0406 DE000000 		.4byte	.LVL33
 1007 040a D2050000 		.4byte	0x5d2
 1008 040e 19040000 		.4byte	0x419
 1009 0412 10       		.uleb128 0x10
 1010 0413 01       		.uleb128 0x1
 1011 0414 50       		.byte	0x50
 1012 0415 02       		.uleb128 0x2
 1013 0416 91       		.byte	0x91
 1014 0417 44       		.sleb128 -60
 1015 0418 00       		.byte	0
 1016 0419 0F       		.uleb128 0xf
 1017 041a E6000000 		.4byte	.LVL36
 1018 041e D2050000 		.4byte	0x5d2
 1019 0422 30040000 		.4byte	0x430
 1020 0426 10       		.uleb128 0x10
 1021 0427 01       		.uleb128 0x1
 1022 0428 50       		.byte	0x50
 1023 0429 05       		.uleb128 0x5
 1024 042a 03       		.byte	0x3
ARM GAS  C:\Users\indya\AppData\Local\Temp\ccOkwUHj.s 			page 25


 1025 042b 98000000 		.4byte	.LC4
 1026 042f 00       		.byte	0
 1027 0430 0F       		.uleb128 0xf
 1028 0431 F2000000 		.4byte	.LVL37
 1029 0435 FE050000 		.4byte	0x5fe
 1030 0439 4F040000 		.4byte	0x44f
 1031 043d 10       		.uleb128 0x10
 1032 043e 01       		.uleb128 0x1
 1033 043f 50       		.byte	0x50
 1034 0440 01       		.uleb128 0x1
 1035 0441 48       		.byte	0x48
 1036 0442 10       		.uleb128 0x10
 1037 0443 01       		.uleb128 0x1
 1038 0444 51       		.byte	0x51
 1039 0445 02       		.uleb128 0x2
 1040 0446 08       		.byte	0x8
 1041 0447 23       		.byte	0x23
 1042 0448 10       		.uleb128 0x10
 1043 0449 01       		.uleb128 0x1
 1044 044a 52       		.byte	0x52
 1045 044b 02       		.uleb128 0x2
 1046 044c 91       		.byte	0x91
 1047 044d 41       		.sleb128 -63
 1048 044e 00       		.byte	0
 1049 044f 0F       		.uleb128 0xf
 1050 0450 00010000 		.4byte	.LVL39
 1051 0454 C7050000 		.4byte	0x5c7
 1052 0458 6C040000 		.4byte	0x46c
 1053 045c 10       		.uleb128 0x10
 1054 045d 01       		.uleb128 0x1
 1055 045e 50       		.byte	0x50
 1056 045f 02       		.uleb128 0x2
 1057 0460 91       		.byte	0x91
 1058 0461 44       		.sleb128 -60
 1059 0462 10       		.uleb128 0x10
 1060 0463 01       		.uleb128 0x1
 1061 0464 51       		.byte	0x51
 1062 0465 05       		.uleb128 0x5
 1063 0466 03       		.byte	0x3
 1064 0467 9C010000 		.4byte	.LC9
 1065 046b 00       		.byte	0
 1066 046c 0F       		.uleb128 0xf
 1067 046d 06010000 		.4byte	.LVL40
 1068 0471 D2050000 		.4byte	0x5d2
 1069 0475 80040000 		.4byte	0x480
 1070 0479 10       		.uleb128 0x10
 1071 047a 01       		.uleb128 0x1
 1072 047b 50       		.byte	0x50
 1073 047c 02       		.uleb128 0x2
 1074 047d 91       		.byte	0x91
 1075 047e 44       		.sleb128 -60
 1076 047f 00       		.byte	0
 1077 0480 0F       		.uleb128 0xf
 1078 0481 0E010000 		.4byte	.LVL43
 1079 0485 D2050000 		.4byte	0x5d2
 1080 0489 97040000 		.4byte	0x497
 1081 048d 10       		.uleb128 0x10
ARM GAS  C:\Users\indya\AppData\Local\Temp\ccOkwUHj.s 			page 26


 1082 048e 01       		.uleb128 0x1
 1083 048f 50       		.byte	0x50
 1084 0490 05       		.uleb128 0x5
 1085 0491 03       		.byte	0x3
 1086 0492 BC010000 		.4byte	.LC10
 1087 0496 00       		.byte	0
 1088 0497 0F       		.uleb128 0xf
 1089 0498 1E010000 		.4byte	.LVL45
 1090 049c 09060000 		.4byte	0x609
 1091 04a0 B6040000 		.4byte	0x4b6
 1092 04a4 10       		.uleb128 0x10
 1093 04a5 01       		.uleb128 0x1
 1094 04a6 50       		.byte	0x50
 1095 04a7 01       		.uleb128 0x1
 1096 04a8 48       		.byte	0x48
 1097 04a9 10       		.uleb128 0x10
 1098 04aa 01       		.uleb128 0x1
 1099 04ab 51       		.byte	0x51
 1100 04ac 02       		.uleb128 0x2
 1101 04ad 08       		.byte	0x8
 1102 04ae 23       		.byte	0x23
 1103 04af 10       		.uleb128 0x10
 1104 04b0 01       		.uleb128 0x1
 1105 04b1 52       		.byte	0x52
 1106 04b2 02       		.uleb128 0x2
 1107 04b3 09       		.byte	0x9
 1108 04b4 80       		.byte	0x80
 1109 04b5 00       		.byte	0
 1110 04b6 0F       		.uleb128 0xf
 1111 04b7 28010000 		.4byte	.LVL46
 1112 04bb FE050000 		.4byte	0x5fe
 1113 04bf D5040000 		.4byte	0x4d5
 1114 04c3 10       		.uleb128 0x10
 1115 04c4 01       		.uleb128 0x1
 1116 04c5 50       		.byte	0x50
 1117 04c6 01       		.uleb128 0x1
 1118 04c7 48       		.byte	0x48
 1119 04c8 10       		.uleb128 0x10
 1120 04c9 01       		.uleb128 0x1
 1121 04ca 51       		.byte	0x51
 1122 04cb 02       		.uleb128 0x2
 1123 04cc 08       		.byte	0x8
 1124 04cd 23       		.byte	0x23
 1125 04ce 10       		.uleb128 0x10
 1126 04cf 01       		.uleb128 0x1
 1127 04d0 52       		.byte	0x52
 1128 04d1 02       		.uleb128 0x2
 1129 04d2 74       		.byte	0x74
 1130 04d3 00       		.sleb128 0
 1131 04d4 00       		.byte	0
 1132 04d5 0F       		.uleb128 0xf
 1133 04d6 36010000 		.4byte	.LVL48
 1134 04da C7050000 		.4byte	0x5c7
 1135 04de F2040000 		.4byte	0x4f2
 1136 04e2 10       		.uleb128 0x10
 1137 04e3 01       		.uleb128 0x1
 1138 04e4 50       		.byte	0x50
ARM GAS  C:\Users\indya\AppData\Local\Temp\ccOkwUHj.s 			page 27


 1139 04e5 02       		.uleb128 0x2
 1140 04e6 91       		.byte	0x91
 1141 04e7 44       		.sleb128 -60
 1142 04e8 10       		.uleb128 0x10
 1143 04e9 01       		.uleb128 0x1
 1144 04ea 51       		.byte	0x51
 1145 04eb 05       		.uleb128 0x5
 1146 04ec 03       		.byte	0x3
 1147 04ed F8010000 		.4byte	.LC11
 1148 04f1 00       		.byte	0
 1149 04f2 0F       		.uleb128 0xf
 1150 04f3 3C010000 		.4byte	.LVL49
 1151 04f7 D2050000 		.4byte	0x5d2
 1152 04fb 06050000 		.4byte	0x506
 1153 04ff 10       		.uleb128 0x10
 1154 0500 01       		.uleb128 0x1
 1155 0501 50       		.byte	0x50
 1156 0502 02       		.uleb128 0x2
 1157 0503 91       		.byte	0x91
 1158 0504 44       		.sleb128 -60
 1159 0505 00       		.byte	0
 1160 0506 0F       		.uleb128 0xf
 1161 0507 44010000 		.4byte	.LVL52
 1162 050b D2050000 		.4byte	0x5d2
 1163 050f 1D050000 		.4byte	0x51d
 1164 0513 10       		.uleb128 0x10
 1165 0514 01       		.uleb128 0x1
 1166 0515 50       		.byte	0x50
 1167 0516 05       		.uleb128 0x5
 1168 0517 03       		.byte	0x3
 1169 0518 BC010000 		.4byte	.LC10
 1170 051c 00       		.byte	0
 1171 051d 12       		.uleb128 0x12
 1172 051e 5C010000 		.4byte	.LVL53
 1173 0522 14060000 		.4byte	0x614
 1174 0526 12       		.uleb128 0x12
 1175 0527 60010000 		.4byte	.LVL54
 1176 052b 1F060000 		.4byte	0x61f
 1177 052f 0F       		.uleb128 0xf
 1178 0530 7C010000 		.4byte	.LVL55
 1179 0534 2A060000 		.4byte	0x62a
 1180 0538 53050000 		.4byte	0x553
 1181 053c 10       		.uleb128 0x10
 1182 053d 01       		.uleb128 0x1
 1183 053e 50       		.byte	0x50
 1184 053f 01       		.uleb128 0x1
 1185 0540 48       		.byte	0x48
 1186 0541 10       		.uleb128 0x10
 1187 0542 01       		.uleb128 0x1
 1188 0543 51       		.byte	0x51
 1189 0544 02       		.uleb128 0x2
 1190 0545 08       		.byte	0x8
 1191 0546 28       		.byte	0x28
 1192 0547 10       		.uleb128 0x10
 1193 0548 01       		.uleb128 0x1
 1194 0549 52       		.byte	0x52
 1195 054a 01       		.uleb128 0x1
ARM GAS  C:\Users\indya\AppData\Local\Temp\ccOkwUHj.s 			page 28


 1196 054b 36       		.byte	0x36
 1197 054c 10       		.uleb128 0x10
 1198 054d 01       		.uleb128 0x1
 1199 054e 53       		.byte	0x53
 1200 054f 02       		.uleb128 0x2
 1201 0550 7D       		.byte	0x7d
 1202 0551 00       		.sleb128 0
 1203 0552 00       		.byte	0
 1204 0553 11       		.uleb128 0x11
 1205 0554 F0010000 		.4byte	.LVL73
 1206 0558 35060000 		.4byte	0x635
 1207 055c 10       		.uleb128 0x10
 1208 055d 01       		.uleb128 0x1
 1209 055e 50       		.byte	0x50
 1210 055f 03       		.uleb128 0x3
 1211 0560 91       		.byte	0x91
 1212 0561 B87F     		.sleb128 -72
 1213 0563 10       		.uleb128 0x10
 1214 0564 01       		.uleb128 0x1
 1215 0565 51       		.byte	0x51
 1216 0566 01       		.uleb128 0x1
 1217 0567 38       		.byte	0x38
 1218 0568 00       		.byte	0
 1219 0569 00       		.byte	0
 1220 056a 13       		.uleb128 0x13
 1221 056b C7000000 		.4byte	0xc7
 1222 056f 7A050000 		.4byte	0x57a
 1223 0573 14       		.uleb128 0x14
 1224 0574 F9000000 		.4byte	0xf9
 1225 0578 31       		.byte	0x31
 1226 0579 00       		.byte	0
 1227 057a 13       		.uleb128 0x13
 1228 057b 8C000000 		.4byte	0x8c
 1229 057f 8A050000 		.4byte	0x58a
 1230 0583 14       		.uleb128 0x14
 1231 0584 F9000000 		.4byte	0xf9
 1232 0588 07       		.byte	0x7
 1233 0589 00       		.byte	0
 1234 058a 13       		.uleb128 0x13
 1235 058b 8C000000 		.4byte	0x8c
 1236 058f 9A050000 		.4byte	0x59a
 1237 0593 14       		.uleb128 0x14
 1238 0594 F9000000 		.4byte	0xf9
 1239 0598 05       		.byte	0x5
 1240 0599 00       		.byte	0
 1241 059a 15       		.uleb128 0x15
 1242 059b 5F010000 		.4byte	.LASF39
 1243 059f 06       		.byte	0x6
 1244 05a0 13       		.byte	0x13
 1245 05a1 00010000 		.4byte	0x100
 1246 05a5 05       		.uleb128 0x5
 1247 05a6 03       		.byte	0x3
 1248 05a7 00000000 		.4byte	timer_flag
 1249 05ab 16       		.uleb128 0x16
 1250 05ac 7B020000 		.4byte	.LASF40
 1251 05b0 07       		.byte	0x7
 1252 05b1 1207     		.2byte	0x712
ARM GAS  C:\Users\indya\AppData\Local\Temp\ccOkwUHj.s 			page 29


 1253 05b3 B7050000 		.4byte	0x5b7
 1254 05b7 08       		.uleb128 0x8
 1255 05b8 A2000000 		.4byte	0xa2
 1256 05bc 17       		.uleb128 0x17
 1257 05bd C9000000 		.4byte	.LASF41
 1258 05c1 C9000000 		.4byte	.LASF41
 1259 05c5 08       		.byte	0x8
 1260 05c6 5D       		.byte	0x5d
 1261 05c7 17       		.uleb128 0x17
 1262 05c8 3B030000 		.4byte	.LASF42
 1263 05cc 3B030000 		.4byte	.LASF42
 1264 05d0 09       		.byte	0x9
 1265 05d1 E7       		.byte	0xe7
 1266 05d2 17       		.uleb128 0x17
 1267 05d3 A7000000 		.4byte	.LASF43
 1268 05d7 A7000000 		.4byte	.LASF43
 1269 05db 0A       		.byte	0xa
 1270 05dc 8B       		.byte	0x8b
 1271 05dd 17       		.uleb128 0x17
 1272 05de 5C030000 		.4byte	.LASF44
 1273 05e2 5C030000 		.4byte	.LASF44
 1274 05e6 08       		.byte	0x8
 1275 05e7 17       		.byte	0x17
 1276 05e8 17       		.uleb128 0x17
 1277 05e9 C1020000 		.4byte	.LASF45
 1278 05ed C1020000 		.4byte	.LASF45
 1279 05f1 0A       		.byte	0xa
 1280 05f2 54       		.byte	0x54
 1281 05f3 17       		.uleb128 0x17
 1282 05f4 43030000 		.4byte	.LASF46
 1283 05f8 43030000 		.4byte	.LASF46
 1284 05fc 0B       		.byte	0xb
 1285 05fd 76       		.byte	0x76
 1286 05fe 17       		.uleb128 0x17
 1287 05ff DE020000 		.4byte	.LASF47
 1288 0603 DE020000 		.4byte	.LASF47
 1289 0607 08       		.byte	0x8
 1290 0608 28       		.byte	0x28
 1291 0609 17       		.uleb128 0x17
 1292 060a EF010000 		.4byte	.LASF48
 1293 060e EF010000 		.4byte	.LASF48
 1294 0612 08       		.byte	0x8
 1295 0613 43       		.byte	0x43
 1296 0614 17       		.uleb128 0x17
 1297 0615 11020000 		.4byte	.LASF49
 1298 0619 11020000 		.4byte	.LASF49
 1299 061d 0C       		.byte	0xc
 1300 061e 18       		.byte	0x18
 1301 061f 17       		.uleb128 0x17
 1302 0620 31020000 		.4byte	.LASF50
 1303 0624 31020000 		.4byte	.LASF50
 1304 0628 0D       		.byte	0xd
 1305 0629 5A       		.byte	0x5a
 1306 062a 17       		.uleb128 0x17
 1307 062b C1010000 		.4byte	.LASF51
 1308 062f C1010000 		.4byte	.LASF51
 1309 0633 08       		.byte	0x8
ARM GAS  C:\Users\indya\AppData\Local\Temp\ccOkwUHj.s 			page 30


 1310 0634 36       		.byte	0x36
 1311 0635 17       		.uleb128 0x17
 1312 0636 FD000000 		.4byte	.LASF52
 1313 063a FD000000 		.4byte	.LASF52
 1314 063e 0A       		.byte	0xa
 1315 063f 8C       		.byte	0x8c
 1316 0640 00       		.byte	0
 1317              		.section	.debug_abbrev,"",%progbits
 1318              	.Ldebug_abbrev0:
 1319 0000 01       		.uleb128 0x1
 1320 0001 11       		.uleb128 0x11
 1321 0002 01       		.byte	0x1
 1322 0003 25       		.uleb128 0x25
 1323 0004 0E       		.uleb128 0xe
 1324 0005 13       		.uleb128 0x13
 1325 0006 0B       		.uleb128 0xb
 1326 0007 03       		.uleb128 0x3
 1327 0008 0E       		.uleb128 0xe
 1328 0009 1B       		.uleb128 0x1b
 1329 000a 0E       		.uleb128 0xe
 1330 000b 55       		.uleb128 0x55
 1331 000c 17       		.uleb128 0x17
 1332 000d 11       		.uleb128 0x11
 1333 000e 01       		.uleb128 0x1
 1334 000f 10       		.uleb128 0x10
 1335 0010 17       		.uleb128 0x17
 1336 0011 00       		.byte	0
 1337 0012 00       		.byte	0
 1338 0013 02       		.uleb128 0x2
 1339 0014 24       		.uleb128 0x24
 1340 0015 00       		.byte	0
 1341 0016 0B       		.uleb128 0xb
 1342 0017 0B       		.uleb128 0xb
 1343 0018 3E       		.uleb128 0x3e
 1344 0019 0B       		.uleb128 0xb
 1345 001a 03       		.uleb128 0x3
 1346 001b 0E       		.uleb128 0xe
 1347 001c 00       		.byte	0
 1348 001d 00       		.byte	0
 1349 001e 03       		.uleb128 0x3
 1350 001f 16       		.uleb128 0x16
 1351 0020 00       		.byte	0
 1352 0021 03       		.uleb128 0x3
 1353 0022 0E       		.uleb128 0xe
 1354 0023 3A       		.uleb128 0x3a
 1355 0024 0B       		.uleb128 0xb
 1356 0025 3B       		.uleb128 0x3b
 1357 0026 0B       		.uleb128 0xb
 1358 0027 49       		.uleb128 0x49
 1359 0028 13       		.uleb128 0x13
 1360 0029 00       		.byte	0
 1361 002a 00       		.byte	0
 1362 002b 04       		.uleb128 0x4
 1363 002c 24       		.uleb128 0x24
 1364 002d 00       		.byte	0
 1365 002e 0B       		.uleb128 0xb
 1366 002f 0B       		.uleb128 0xb
ARM GAS  C:\Users\indya\AppData\Local\Temp\ccOkwUHj.s 			page 31


 1367 0030 3E       		.uleb128 0x3e
 1368 0031 0B       		.uleb128 0xb
 1369 0032 03       		.uleb128 0x3
 1370 0033 08       		.uleb128 0x8
 1371 0034 00       		.byte	0
 1372 0035 00       		.byte	0
 1373 0036 05       		.uleb128 0x5
 1374 0037 16       		.uleb128 0x16
 1375 0038 00       		.byte	0
 1376 0039 03       		.uleb128 0x3
 1377 003a 0E       		.uleb128 0xe
 1378 003b 3A       		.uleb128 0x3a
 1379 003c 0B       		.uleb128 0xb
 1380 003d 3B       		.uleb128 0x3b
 1381 003e 05       		.uleb128 0x5
 1382 003f 49       		.uleb128 0x49
 1383 0040 13       		.uleb128 0x13
 1384 0041 00       		.byte	0
 1385 0042 00       		.byte	0
 1386 0043 06       		.uleb128 0x6
 1387 0044 04       		.uleb128 0x4
 1388 0045 01       		.byte	0x1
 1389 0046 0B       		.uleb128 0xb
 1390 0047 0B       		.uleb128 0xb
 1391 0048 49       		.uleb128 0x49
 1392 0049 13       		.uleb128 0x13
 1393 004a 3A       		.uleb128 0x3a
 1394 004b 0B       		.uleb128 0xb
 1395 004c 3B       		.uleb128 0x3b
 1396 004d 0B       		.uleb128 0xb
 1397 004e 01       		.uleb128 0x1
 1398 004f 13       		.uleb128 0x13
 1399 0050 00       		.byte	0
 1400 0051 00       		.byte	0
 1401 0052 07       		.uleb128 0x7
 1402 0053 28       		.uleb128 0x28
 1403 0054 00       		.byte	0
 1404 0055 03       		.uleb128 0x3
 1405 0056 0E       		.uleb128 0xe
 1406 0057 1C       		.uleb128 0x1c
 1407 0058 0B       		.uleb128 0xb
 1408 0059 00       		.byte	0
 1409 005a 00       		.byte	0
 1410 005b 08       		.uleb128 0x8
 1411 005c 35       		.uleb128 0x35
 1412 005d 00       		.byte	0
 1413 005e 49       		.uleb128 0x49
 1414 005f 13       		.uleb128 0x13
 1415 0060 00       		.byte	0
 1416 0061 00       		.byte	0
 1417 0062 09       		.uleb128 0x9
 1418 0063 2E       		.uleb128 0x2e
 1419 0064 01       		.byte	0x1
 1420 0065 3F       		.uleb128 0x3f
 1421 0066 19       		.uleb128 0x19
 1422 0067 03       		.uleb128 0x3
 1423 0068 0E       		.uleb128 0xe
ARM GAS  C:\Users\indya\AppData\Local\Temp\ccOkwUHj.s 			page 32


 1424 0069 3A       		.uleb128 0x3a
 1425 006a 0B       		.uleb128 0xb
 1426 006b 3B       		.uleb128 0x3b
 1427 006c 0B       		.uleb128 0xb
 1428 006d 27       		.uleb128 0x27
 1429 006e 19       		.uleb128 0x19
 1430 006f 49       		.uleb128 0x49
 1431 0070 13       		.uleb128 0x13
 1432 0071 8701     		.uleb128 0x87
 1433 0073 19       		.uleb128 0x19
 1434 0074 11       		.uleb128 0x11
 1435 0075 01       		.uleb128 0x1
 1436 0076 12       		.uleb128 0x12
 1437 0077 06       		.uleb128 0x6
 1438 0078 40       		.uleb128 0x40
 1439 0079 18       		.uleb128 0x18
 1440 007a 9742     		.uleb128 0x2117
 1441 007c 19       		.uleb128 0x19
 1442 007d 01       		.uleb128 0x1
 1443 007e 13       		.uleb128 0x13
 1444 007f 00       		.byte	0
 1445 0080 00       		.byte	0
 1446 0081 0A       		.uleb128 0xa
 1447 0082 34       		.uleb128 0x34
 1448 0083 00       		.byte	0
 1449 0084 03       		.uleb128 0x3
 1450 0085 0E       		.uleb128 0xe
 1451 0086 3A       		.uleb128 0x3a
 1452 0087 0B       		.uleb128 0xb
 1453 0088 3B       		.uleb128 0x3b
 1454 0089 0B       		.uleb128 0xb
 1455 008a 49       		.uleb128 0x49
 1456 008b 13       		.uleb128 0x13
 1457 008c 02       		.uleb128 0x2
 1458 008d 18       		.uleb128 0x18
 1459 008e 00       		.byte	0
 1460 008f 00       		.byte	0
 1461 0090 0B       		.uleb128 0xb
 1462 0091 34       		.uleb128 0x34
 1463 0092 00       		.byte	0
 1464 0093 03       		.uleb128 0x3
 1465 0094 0E       		.uleb128 0xe
 1466 0095 3A       		.uleb128 0x3a
 1467 0096 0B       		.uleb128 0xb
 1468 0097 3B       		.uleb128 0x3b
 1469 0098 0B       		.uleb128 0xb
 1470 0099 49       		.uleb128 0x49
 1471 009a 13       		.uleb128 0x13
 1472 009b 02       		.uleb128 0x2
 1473 009c 17       		.uleb128 0x17
 1474 009d 00       		.byte	0
 1475 009e 00       		.byte	0
 1476 009f 0C       		.uleb128 0xc
 1477 00a0 34       		.uleb128 0x34
 1478 00a1 00       		.byte	0
 1479 00a2 03       		.uleb128 0x3
 1480 00a3 0E       		.uleb128 0xe
ARM GAS  C:\Users\indya\AppData\Local\Temp\ccOkwUHj.s 			page 33


 1481 00a4 3A       		.uleb128 0x3a
 1482 00a5 0B       		.uleb128 0xb
 1483 00a6 3B       		.uleb128 0x3b
 1484 00a7 0B       		.uleb128 0xb
 1485 00a8 49       		.uleb128 0x49
 1486 00a9 13       		.uleb128 0x13
 1487 00aa 1C       		.uleb128 0x1c
 1488 00ab 0D       		.uleb128 0xd
 1489 00ac 00       		.byte	0
 1490 00ad 00       		.byte	0
 1491 00ae 0D       		.uleb128 0xd
 1492 00af 0B       		.uleb128 0xb
 1493 00b0 01       		.byte	0x1
 1494 00b1 11       		.uleb128 0x11
 1495 00b2 01       		.uleb128 0x1
 1496 00b3 12       		.uleb128 0x12
 1497 00b4 06       		.uleb128 0x6
 1498 00b5 01       		.uleb128 0x1
 1499 00b6 13       		.uleb128 0x13
 1500 00b7 00       		.byte	0
 1501 00b8 00       		.byte	0
 1502 00b9 0E       		.uleb128 0xe
 1503 00ba 34       		.uleb128 0x34
 1504 00bb 00       		.byte	0
 1505 00bc 03       		.uleb128 0x3
 1506 00bd 08       		.uleb128 0x8
 1507 00be 3A       		.uleb128 0x3a
 1508 00bf 0B       		.uleb128 0xb
 1509 00c0 3B       		.uleb128 0x3b
 1510 00c1 0B       		.uleb128 0xb
 1511 00c2 49       		.uleb128 0x49
 1512 00c3 13       		.uleb128 0x13
 1513 00c4 02       		.uleb128 0x2
 1514 00c5 17       		.uleb128 0x17
 1515 00c6 00       		.byte	0
 1516 00c7 00       		.byte	0
 1517 00c8 0F       		.uleb128 0xf
 1518 00c9 898201   		.uleb128 0x4109
 1519 00cc 01       		.byte	0x1
 1520 00cd 11       		.uleb128 0x11
 1521 00ce 01       		.uleb128 0x1
 1522 00cf 31       		.uleb128 0x31
 1523 00d0 13       		.uleb128 0x13
 1524 00d1 01       		.uleb128 0x1
 1525 00d2 13       		.uleb128 0x13
 1526 00d3 00       		.byte	0
 1527 00d4 00       		.byte	0
 1528 00d5 10       		.uleb128 0x10
 1529 00d6 8A8201   		.uleb128 0x410a
 1530 00d9 00       		.byte	0
 1531 00da 02       		.uleb128 0x2
 1532 00db 18       		.uleb128 0x18
 1533 00dc 9142     		.uleb128 0x2111
 1534 00de 18       		.uleb128 0x18
 1535 00df 00       		.byte	0
 1536 00e0 00       		.byte	0
 1537 00e1 11       		.uleb128 0x11
ARM GAS  C:\Users\indya\AppData\Local\Temp\ccOkwUHj.s 			page 34


 1538 00e2 898201   		.uleb128 0x4109
 1539 00e5 01       		.byte	0x1
 1540 00e6 11       		.uleb128 0x11
 1541 00e7 01       		.uleb128 0x1
 1542 00e8 31       		.uleb128 0x31
 1543 00e9 13       		.uleb128 0x13
 1544 00ea 00       		.byte	0
 1545 00eb 00       		.byte	0
 1546 00ec 12       		.uleb128 0x12
 1547 00ed 898201   		.uleb128 0x4109
 1548 00f0 00       		.byte	0
 1549 00f1 11       		.uleb128 0x11
 1550 00f2 01       		.uleb128 0x1
 1551 00f3 31       		.uleb128 0x31
 1552 00f4 13       		.uleb128 0x13
 1553 00f5 00       		.byte	0
 1554 00f6 00       		.byte	0
 1555 00f7 13       		.uleb128 0x13
 1556 00f8 01       		.uleb128 0x1
 1557 00f9 01       		.byte	0x1
 1558 00fa 49       		.uleb128 0x49
 1559 00fb 13       		.uleb128 0x13
 1560 00fc 01       		.uleb128 0x1
 1561 00fd 13       		.uleb128 0x13
 1562 00fe 00       		.byte	0
 1563 00ff 00       		.byte	0
 1564 0100 14       		.uleb128 0x14
 1565 0101 21       		.uleb128 0x21
 1566 0102 00       		.byte	0
 1567 0103 49       		.uleb128 0x49
 1568 0104 13       		.uleb128 0x13
 1569 0105 2F       		.uleb128 0x2f
 1570 0106 0B       		.uleb128 0xb
 1571 0107 00       		.byte	0
 1572 0108 00       		.byte	0
 1573 0109 15       		.uleb128 0x15
 1574 010a 34       		.uleb128 0x34
 1575 010b 00       		.byte	0
 1576 010c 03       		.uleb128 0x3
 1577 010d 0E       		.uleb128 0xe
 1578 010e 3A       		.uleb128 0x3a
 1579 010f 0B       		.uleb128 0xb
 1580 0110 3B       		.uleb128 0x3b
 1581 0111 0B       		.uleb128 0xb
 1582 0112 49       		.uleb128 0x49
 1583 0113 13       		.uleb128 0x13
 1584 0114 3F       		.uleb128 0x3f
 1585 0115 19       		.uleb128 0x19
 1586 0116 02       		.uleb128 0x2
 1587 0117 18       		.uleb128 0x18
 1588 0118 00       		.byte	0
 1589 0119 00       		.byte	0
 1590 011a 16       		.uleb128 0x16
 1591 011b 34       		.uleb128 0x34
 1592 011c 00       		.byte	0
 1593 011d 03       		.uleb128 0x3
 1594 011e 0E       		.uleb128 0xe
ARM GAS  C:\Users\indya\AppData\Local\Temp\ccOkwUHj.s 			page 35


 1595 011f 3A       		.uleb128 0x3a
 1596 0120 0B       		.uleb128 0xb
 1597 0121 3B       		.uleb128 0x3b
 1598 0122 05       		.uleb128 0x5
 1599 0123 49       		.uleb128 0x49
 1600 0124 13       		.uleb128 0x13
 1601 0125 3F       		.uleb128 0x3f
 1602 0126 19       		.uleb128 0x19
 1603 0127 3C       		.uleb128 0x3c
 1604 0128 19       		.uleb128 0x19
 1605 0129 00       		.byte	0
 1606 012a 00       		.byte	0
 1607 012b 17       		.uleb128 0x17
 1608 012c 2E       		.uleb128 0x2e
 1609 012d 00       		.byte	0
 1610 012e 3F       		.uleb128 0x3f
 1611 012f 19       		.uleb128 0x19
 1612 0130 3C       		.uleb128 0x3c
 1613 0131 19       		.uleb128 0x19
 1614 0132 6E       		.uleb128 0x6e
 1615 0133 0E       		.uleb128 0xe
 1616 0134 03       		.uleb128 0x3
 1617 0135 0E       		.uleb128 0xe
 1618 0136 3A       		.uleb128 0x3a
 1619 0137 0B       		.uleb128 0xb
 1620 0138 3B       		.uleb128 0x3b
 1621 0139 0B       		.uleb128 0xb
 1622 013a 00       		.byte	0
 1623 013b 00       		.byte	0
 1624 013c 00       		.byte	0
 1625              		.section	.debug_loc,"",%progbits
 1626              	.Ldebug_loc0:
 1627              	.LLST0:
 1628 0000 42000000 		.4byte	.LVL8
 1629 0004 4C000000 		.4byte	.LVL9
 1630 0008 0100     		.2byte	0x1
 1631 000a 50       		.byte	0x50
 1632 000b 58000000 		.4byte	.LVL12
 1633 000f 5A000000 		.4byte	.LVL13
 1634 0013 0100     		.2byte	0x1
 1635 0015 50       		.byte	0x50
 1636 0016 6A000000 		.4byte	.LVL15
 1637 001a 74000000 		.4byte	.LVL16
 1638 001e 0100     		.2byte	0x1
 1639 0020 50       		.byte	0x50
 1640 0021 80000000 		.4byte	.LVL19
 1641 0025 82000000 		.4byte	.LVL20
 1642 0029 0100     		.2byte	0x1
 1643 002b 50       		.byte	0x50
 1644 002c A2000000 		.4byte	.LVL23
 1645 0030 AC000000 		.4byte	.LVL24
 1646 0034 0100     		.2byte	0x1
 1647 0036 50       		.byte	0x50
 1648 0037 B8000000 		.4byte	.LVL27
 1649 003b BA000000 		.4byte	.LVL28
 1650 003f 0100     		.2byte	0x1
 1651 0041 50       		.byte	0x50
ARM GAS  C:\Users\indya\AppData\Local\Temp\ccOkwUHj.s 			page 36


 1652 0042 CA000000 		.4byte	.LVL30
 1653 0046 D4000000 		.4byte	.LVL31
 1654 004a 0100     		.2byte	0x1
 1655 004c 50       		.byte	0x50
 1656 004d E0000000 		.4byte	.LVL34
 1657 0051 E2000000 		.4byte	.LVL35
 1658 0055 0100     		.2byte	0x1
 1659 0057 50       		.byte	0x50
 1660 0058 F2000000 		.4byte	.LVL37
 1661 005c FC000000 		.4byte	.LVL38
 1662 0060 0100     		.2byte	0x1
 1663 0062 50       		.byte	0x50
 1664 0063 08010000 		.4byte	.LVL41
 1665 0067 0A010000 		.4byte	.LVL42
 1666 006b 0100     		.2byte	0x1
 1667 006d 50       		.byte	0x50
 1668 006e 28010000 		.4byte	.LVL46
 1669 0072 32010000 		.4byte	.LVL47
 1670 0076 0100     		.2byte	0x1
 1671 0078 50       		.byte	0x50
 1672 0079 3E010000 		.4byte	.LVL50
 1673 007d 40010000 		.4byte	.LVL51
 1674 0081 0100     		.2byte	0x1
 1675 0083 50       		.byte	0x50
 1676 0084 7C010000 		.4byte	.LVL55
 1677 0088 EC010000 		.4byte	.LVL72
 1678 008c 0100     		.2byte	0x1
 1679 008e 50       		.byte	0x50
 1680 008f 00000000 		.4byte	0
 1681 0093 00000000 		.4byte	0
 1682              	.LLST1:
 1683 0097 8E010000 		.4byte	.LVL56
 1684 009b 94010000 		.4byte	.LVL57
 1685 009f 0100     		.2byte	0x1
 1686 00a1 53       		.byte	0x53
 1687 00a2 94010000 		.4byte	.LVL57
 1688 00a6 A6010000 		.4byte	.LVL60
 1689 00aa 1200     		.2byte	0x12
 1690 00ac 91       		.byte	0x91
 1691 00ad B17F     		.sleb128 -79
 1692 00af 94       		.byte	0x94
 1693 00b0 01       		.byte	0x1
 1694 00b1 08       		.byte	0x8
 1695 00b2 FF       		.byte	0xff
 1696 00b3 1A       		.byte	0x1a
 1697 00b4 38       		.byte	0x38
 1698 00b5 24       		.byte	0x24
 1699 00b6 40       		.byte	0x40
 1700 00b7 24       		.byte	0x24
 1701 00b8 40       		.byte	0x40
 1702 00b9 26       		.byte	0x26
 1703 00ba 72       		.byte	0x72
 1704 00bb 00       		.sleb128 0
 1705 00bc 21       		.byte	0x21
 1706 00bd 9F       		.byte	0x9f
 1707 00be A6010000 		.4byte	.LVL60
 1708 00c2 EF010000 		.4byte	.LVL73-1
ARM GAS  C:\Users\indya\AppData\Local\Temp\ccOkwUHj.s 			page 37


 1709 00c6 1700     		.2byte	0x17
 1710 00c8 91       		.byte	0x91
 1711 00c9 B17F     		.sleb128 -79
 1712 00cb 94       		.byte	0x94
 1713 00cc 01       		.byte	0x1
 1714 00cd 08       		.byte	0x8
 1715 00ce FF       		.byte	0xff
 1716 00cf 1A       		.byte	0x1a
 1717 00d0 38       		.byte	0x38
 1718 00d1 24       		.byte	0x24
 1719 00d2 40       		.byte	0x40
 1720 00d3 24       		.byte	0x24
 1721 00d4 40       		.byte	0x40
 1722 00d5 26       		.byte	0x26
 1723 00d6 7D       		.byte	0x7d
 1724 00d7 00       		.sleb128 0
 1725 00d8 94       		.byte	0x94
 1726 00d9 01       		.byte	0x1
 1727 00da 08       		.byte	0x8
 1728 00db FF       		.byte	0xff
 1729 00dc 1A       		.byte	0x1a
 1730 00dd 21       		.byte	0x21
 1731 00de 9F       		.byte	0x9f
 1732 00df 00000000 		.4byte	0
 1733 00e3 00000000 		.4byte	0
 1734              	.LLST2:
 1735 00e7 96010000 		.4byte	.LVL58
 1736 00eb 9E010000 		.4byte	.LVL59
 1737 00ef 0100     		.2byte	0x1
 1738 00f1 53       		.byte	0x53
 1739 00f2 B2010000 		.4byte	.LVL62
 1740 00f6 EF010000 		.4byte	.LVL73-1
 1741 00fa 4D00     		.2byte	0x4d
 1742 00fc 91       		.byte	0x91
 1743 00fd B17F     		.sleb128 -79
 1744 00ff 94       		.byte	0x94
 1745 0100 01       		.byte	0x1
 1746 0101 08       		.byte	0x8
 1747 0102 FF       		.byte	0xff
 1748 0103 1A       		.byte	0x1a
 1749 0104 38       		.byte	0x38
 1750 0105 24       		.byte	0x24
 1751 0106 40       		.byte	0x40
 1752 0107 24       		.byte	0x24
 1753 0108 40       		.byte	0x40
 1754 0109 26       		.byte	0x26
 1755 010a 7D       		.byte	0x7d
 1756 010b 00       		.sleb128 0
 1757 010c 94       		.byte	0x94
 1758 010d 01       		.byte	0x1
 1759 010e 08       		.byte	0x8
 1760 010f FF       		.byte	0xff
 1761 0110 1A       		.byte	0x1a
 1762 0111 21       		.byte	0x21
 1763 0112 1F       		.byte	0x1f
 1764 0113 91       		.byte	0x91
 1765 0114 B17F     		.sleb128 -79
ARM GAS  C:\Users\indya\AppData\Local\Temp\ccOkwUHj.s 			page 38


 1766 0116 94       		.byte	0x94
 1767 0117 01       		.byte	0x1
 1768 0118 08       		.byte	0x8
 1769 0119 FF       		.byte	0xff
 1770 011a 1A       		.byte	0x1a
 1771 011b 38       		.byte	0x38
 1772 011c 24       		.byte	0x24
 1773 011d 40       		.byte	0x40
 1774 011e 24       		.byte	0x24
 1775 011f 40       		.byte	0x40
 1776 0120 26       		.byte	0x26
 1777 0121 7D       		.byte	0x7d
 1778 0122 00       		.sleb128 0
 1779 0123 94       		.byte	0x94
 1780 0124 01       		.byte	0x1
 1781 0125 08       		.byte	0x8
 1782 0126 FF       		.byte	0xff
 1783 0127 1A       		.byte	0x1a
 1784 0128 21       		.byte	0x21
 1785 0129 91       		.byte	0x91
 1786 012a B17F     		.sleb128 -79
 1787 012c 94       		.byte	0x94
 1788 012d 01       		.byte	0x1
 1789 012e 08       		.byte	0x8
 1790 012f FF       		.byte	0xff
 1791 0130 1A       		.byte	0x1a
 1792 0131 38       		.byte	0x38
 1793 0132 24       		.byte	0x24
 1794 0133 40       		.byte	0x40
 1795 0134 24       		.byte	0x24
 1796 0135 40       		.byte	0x40
 1797 0136 26       		.byte	0x26
 1798 0137 7D       		.byte	0x7d
 1799 0138 00       		.sleb128 0
 1800 0139 94       		.byte	0x94
 1801 013a 01       		.byte	0x1
 1802 013b 08       		.byte	0x8
 1803 013c FF       		.byte	0xff
 1804 013d 1A       		.byte	0x1a
 1805 013e 21       		.byte	0x21
 1806 013f 30       		.byte	0x30
 1807 0140 2D       		.byte	0x2d
 1808 0141 28       		.byte	0x28
 1809 0142 0100     		.2byte	0x1
 1810 0144 16       		.byte	0x16
 1811 0145 13       		.byte	0x13
 1812 0146 34       		.byte	0x34
 1813 0147 26       		.byte	0x26
 1814 0148 9F       		.byte	0x9f
 1815 0149 00000000 		.4byte	0
 1816 014d 00000000 		.4byte	0
 1817              	.LLST3:
 1818 0151 B0010000 		.4byte	.LVL61
 1819 0155 B6010000 		.4byte	.LVL63
 1820 0159 0100     		.2byte	0x1
 1821 015b 53       		.byte	0x53
 1822 015c B6010000 		.4byte	.LVL63
ARM GAS  C:\Users\indya\AppData\Local\Temp\ccOkwUHj.s 			page 39


 1823 0160 C8010000 		.4byte	.LVL66
 1824 0164 1200     		.2byte	0x12
 1825 0166 91       		.byte	0x91
 1826 0167 B37F     		.sleb128 -77
 1827 0169 94       		.byte	0x94
 1828 016a 01       		.byte	0x1
 1829 016b 08       		.byte	0x8
 1830 016c FF       		.byte	0xff
 1831 016d 1A       		.byte	0x1a
 1832 016e 38       		.byte	0x38
 1833 016f 24       		.byte	0x24
 1834 0170 40       		.byte	0x40
 1835 0171 24       		.byte	0x24
 1836 0172 40       		.byte	0x40
 1837 0173 26       		.byte	0x26
 1838 0174 72       		.byte	0x72
 1839 0175 00       		.sleb128 0
 1840 0176 21       		.byte	0x21
 1841 0177 9F       		.byte	0x9f
 1842 0178 C8010000 		.4byte	.LVL66
 1843 017c EF010000 		.4byte	.LVL73-1
 1844 0180 1800     		.2byte	0x18
 1845 0182 91       		.byte	0x91
 1846 0183 B37F     		.sleb128 -77
 1847 0185 94       		.byte	0x94
 1848 0186 01       		.byte	0x1
 1849 0187 08       		.byte	0x8
 1850 0188 FF       		.byte	0xff
 1851 0189 1A       		.byte	0x1a
 1852 018a 38       		.byte	0x38
 1853 018b 24       		.byte	0x24
 1854 018c 40       		.byte	0x40
 1855 018d 24       		.byte	0x24
 1856 018e 40       		.byte	0x40
 1857 018f 26       		.byte	0x26
 1858 0190 91       		.byte	0x91
 1859 0191 B27F     		.sleb128 -78
 1860 0193 94       		.byte	0x94
 1861 0194 01       		.byte	0x1
 1862 0195 08       		.byte	0x8
 1863 0196 FF       		.byte	0xff
 1864 0197 1A       		.byte	0x1a
 1865 0198 21       		.byte	0x21
 1866 0199 9F       		.byte	0x9f
 1867 019a 00000000 		.4byte	0
 1868 019e 00000000 		.4byte	0
 1869              	.LLST4:
 1870 01a2 B8010000 		.4byte	.LVL64
 1871 01a6 C0010000 		.4byte	.LVL65
 1872 01aa 0100     		.2byte	0x1
 1873 01ac 53       		.byte	0x53
 1874 01ad D4010000 		.4byte	.LVL68
 1875 01b1 EF010000 		.4byte	.LVL73-1
 1876 01b5 5000     		.2byte	0x50
 1877 01b7 91       		.byte	0x91
 1878 01b8 B37F     		.sleb128 -77
 1879 01ba 94       		.byte	0x94
ARM GAS  C:\Users\indya\AppData\Local\Temp\ccOkwUHj.s 			page 40


 1880 01bb 01       		.byte	0x1
 1881 01bc 08       		.byte	0x8
 1882 01bd FF       		.byte	0xff
 1883 01be 1A       		.byte	0x1a
 1884 01bf 38       		.byte	0x38
 1885 01c0 24       		.byte	0x24
 1886 01c1 40       		.byte	0x40
 1887 01c2 24       		.byte	0x24
 1888 01c3 40       		.byte	0x40
 1889 01c4 26       		.byte	0x26
 1890 01c5 91       		.byte	0x91
 1891 01c6 B27F     		.sleb128 -78
 1892 01c8 94       		.byte	0x94
 1893 01c9 01       		.byte	0x1
 1894 01ca 08       		.byte	0x8
 1895 01cb FF       		.byte	0xff
 1896 01cc 1A       		.byte	0x1a
 1897 01cd 21       		.byte	0x21
 1898 01ce 1F       		.byte	0x1f
 1899 01cf 91       		.byte	0x91
 1900 01d0 B37F     		.sleb128 -77
 1901 01d2 94       		.byte	0x94
 1902 01d3 01       		.byte	0x1
 1903 01d4 08       		.byte	0x8
 1904 01d5 FF       		.byte	0xff
 1905 01d6 1A       		.byte	0x1a
 1906 01d7 38       		.byte	0x38
 1907 01d8 24       		.byte	0x24
 1908 01d9 40       		.byte	0x40
 1909 01da 24       		.byte	0x24
 1910 01db 40       		.byte	0x40
 1911 01dc 26       		.byte	0x26
 1912 01dd 91       		.byte	0x91
 1913 01de B27F     		.sleb128 -78
 1914 01e0 94       		.byte	0x94
 1915 01e1 01       		.byte	0x1
 1916 01e2 08       		.byte	0x8
 1917 01e3 FF       		.byte	0xff
 1918 01e4 1A       		.byte	0x1a
 1919 01e5 21       		.byte	0x21
 1920 01e6 91       		.byte	0x91
 1921 01e7 B37F     		.sleb128 -77
 1922 01e9 94       		.byte	0x94
 1923 01ea 01       		.byte	0x1
 1924 01eb 08       		.byte	0x8
 1925 01ec FF       		.byte	0xff
 1926 01ed 1A       		.byte	0x1a
 1927 01ee 38       		.byte	0x38
 1928 01ef 24       		.byte	0x24
 1929 01f0 40       		.byte	0x40
 1930 01f1 24       		.byte	0x24
 1931 01f2 40       		.byte	0x40
 1932 01f3 26       		.byte	0x26
 1933 01f4 91       		.byte	0x91
 1934 01f5 B27F     		.sleb128 -78
 1935 01f7 94       		.byte	0x94
 1936 01f8 01       		.byte	0x1
ARM GAS  C:\Users\indya\AppData\Local\Temp\ccOkwUHj.s 			page 41


 1937 01f9 08       		.byte	0x8
 1938 01fa FF       		.byte	0xff
 1939 01fb 1A       		.byte	0x1a
 1940 01fc 21       		.byte	0x21
 1941 01fd 30       		.byte	0x30
 1942 01fe 2D       		.byte	0x2d
 1943 01ff 28       		.byte	0x28
 1944 0200 0100     		.2byte	0x1
 1945 0202 16       		.byte	0x16
 1946 0203 13       		.byte	0x13
 1947 0204 34       		.byte	0x34
 1948 0205 26       		.byte	0x26
 1949 0206 9F       		.byte	0x9f
 1950 0207 00000000 		.4byte	0
 1951 020b 00000000 		.4byte	0
 1952              	.LLST5:
 1953 020f D2010000 		.4byte	.LVL67
 1954 0213 D8010000 		.4byte	.LVL69
 1955 0217 0100     		.2byte	0x1
 1956 0219 53       		.byte	0x53
 1957 021a D8010000 		.4byte	.LVL69
 1958 021e EF010000 		.4byte	.LVL73-1
 1959 0222 1200     		.2byte	0x12
 1960 0224 91       		.byte	0x91
 1961 0225 B57F     		.sleb128 -75
 1962 0227 94       		.byte	0x94
 1963 0228 01       		.byte	0x1
 1964 0229 08       		.byte	0x8
 1965 022a FF       		.byte	0xff
 1966 022b 1A       		.byte	0x1a
 1967 022c 38       		.byte	0x38
 1968 022d 24       		.byte	0x24
 1969 022e 40       		.byte	0x40
 1970 022f 24       		.byte	0x24
 1971 0230 40       		.byte	0x40
 1972 0231 26       		.byte	0x26
 1973 0232 72       		.byte	0x72
 1974 0233 00       		.sleb128 0
 1975 0234 21       		.byte	0x21
 1976 0235 9F       		.byte	0x9f
 1977 0236 00000000 		.4byte	0
 1978 023a 00000000 		.4byte	0
 1979              	.LLST6:
 1980 023e DA010000 		.4byte	.LVL70
 1981 0242 E2010000 		.4byte	.LVL71
 1982 0246 0100     		.2byte	0x1
 1983 0248 53       		.byte	0x53
 1984 0249 00000000 		.4byte	0
 1985 024d 00000000 		.4byte	0
 1986              	.LLST7:
 1987 0251 14000000 		.4byte	.LVL2
 1988 0255 18000000 		.4byte	.LVL3
 1989 0259 0200     		.2byte	0x2
 1990 025b 30       		.byte	0x30
 1991 025c 9F       		.byte	0x9f
 1992 025d 18000000 		.4byte	.LVL3
 1993 0261 12010000 		.4byte	.LVL44
ARM GAS  C:\Users\indya\AppData\Local\Temp\ccOkwUHj.s 			page 42


 1994 0265 0100     		.2byte	0x1
 1995 0267 54       		.byte	0x54
 1996 0268 00000000 		.4byte	0
 1997 026c 00000000 		.4byte	0
 1998              		.section	.debug_aranges,"",%progbits
 1999 0000 1C000000 		.4byte	0x1c
 2000 0004 0200     		.2byte	0x2
 2001 0006 00000000 		.4byte	.Ldebug_info0
 2002 000a 04       		.byte	0x4
 2003 000b 00       		.byte	0
 2004 000c 0000     		.2byte	0
 2005 000e 0000     		.2byte	0
 2006 0010 00000000 		.4byte	.LFB64
 2007 0014 2C020000 		.4byte	.LFE64-.LFB64
 2008 0018 00000000 		.4byte	0
 2009 001c 00000000 		.4byte	0
 2010              		.section	.debug_ranges,"",%progbits
 2011              	.Ldebug_ranges0:
 2012 0000 00000000 		.4byte	.LFB64
 2013 0004 2C020000 		.4byte	.LFE64
 2014 0008 00000000 		.4byte	0
 2015 000c 00000000 		.4byte	0
 2016              		.section	.debug_line,"",%progbits
 2017              	.Ldebug_line0:
 2018 0000 92020000 		.section	.debug_str,"MS",%progbits,1
 2018      02002802 
 2018      00000201 
 2018      FB0E0D00 
 2018      01010101 
 2019              	.LASF24:
 2020 0000 6D657373 		.ascii	"message\000"
 2020      61676500 
 2021              	.LASF35:
 2022 0008 68656164 		.ascii	"header\000"
 2022      657200
 2023              	.LASF53:
 2024 000f 474E5520 		.ascii	"GNU C11 5.4.1 20160609 (release) [ARM/embedded-5-br"
 2024      43313120 
 2024      352E342E 
 2024      31203230 
 2024      31363036 
 2025 0042 616E6368 		.ascii	"anch revision 237715] -mcpu=cortex-m3 -mthumb -g -O"
 2025      20726576 
 2025      6973696F 
 2025      6E203233 
 2025      37373135 
 2026 0075 67202D66 		.ascii	"g -ffunction-sections -ffat-lto-objects\000"
 2026      66756E63 
 2026      74696F6E 
 2026      2D736563 
 2026      74696F6E 
 2027              	.LASF2:
 2028 009d 5F5F7569 		.ascii	"__uint8_t\000"
 2028      6E74385F 
 2028      7400
 2029              	.LASF43:
 2030 00a7 55415254 		.ascii	"UART_Debug_PutString\000"
ARM GAS  C:\Users\indya\AppData\Local\Temp\ccOkwUHj.s 			page 43


 2030      5F446562 
 2030      75675F50 
 2030      75745374 
 2030      72696E67 
 2031              	.LASF32:
 2032 00bc 4F757459 		.ascii	"OutY_shifted\000"
 2032      5F736869 
 2032      66746564 
 2032      00
 2033              	.LASF41:
 2034 00c9 4932435F 		.ascii	"I2C_Peripheral_IsDeviceConnected\000"
 2034      50657269 
 2034      70686572 
 2034      616C5F49 
 2034      73446576 
 2035              	.LASF6:
 2036 00ea 5F5F696E 		.ascii	"__int32_t\000"
 2036      7433325F 
 2036      7400
 2037              	.LASF7:
 2038 00f4 6C6F6E67 		.ascii	"long int\000"
 2038      20696E74 
 2038      00
 2039              	.LASF52:
 2040 00fd 55415254 		.ascii	"UART_Debug_PutArray\000"
 2040      5F446562 
 2040      75675F50 
 2040      75744172 
 2040      72617900 
 2041              	.LASF21:
 2042 0111 4572726F 		.ascii	"ErrorCode\000"
 2042      72436F64 
 2042      6500
 2043              	.LASF55:
 2044 011b 433A5C55 		.ascii	"C:\\Users\\indya\\Desktop\\PSoC_03\\AY1920_II_HW_05"
 2044      73657273 
 2044      5C696E64 
 2044      79615C44 
 2044      65736B74 
 2045 0149 5F50524F 		.ascii	"_PROJ_2.cydsn\000"
 2045      4A5F322E 
 2045      63796473 
 2045      6E00
 2046              	.LASF14:
 2047 0157 696E7433 		.ascii	"int32_t\000"
 2047      325F7400 
 2048              	.LASF39:
 2049 015f 74696D65 		.ascii	"timer_flag\000"
 2049      725F666C 
 2049      616700
 2050              	.LASF16:
 2051 016a 666C6F61 		.ascii	"float\000"
 2051      7400
 2052              	.LASF1:
 2053 0170 756E7369 		.ascii	"unsigned char\000"
 2053      676E6564 
 2053      20636861 
ARM GAS  C:\Users\indya\AppData\Local\Temp\ccOkwUHj.s 			page 44


 2053      7200
 2054              	.LASF37:
 2055 017e 4F75745F 		.ascii	"Out_Array\000"
 2055      41727261 
 2055      7900
 2056              	.LASF15:
 2057 0188 696E7431 		.ascii	"int16\000"
 2057      3600
 2058              	.LASF8:
 2059 018e 6C6F6E67 		.ascii	"long unsigned int\000"
 2059      20756E73 
 2059      69676E65 
 2059      6420696E 
 2059      7400
 2060              	.LASF5:
 2061 01a0 73686F72 		.ascii	"short unsigned int\000"
 2061      7420756E 
 2061      7369676E 
 2061      65642069 
 2061      6E7400
 2062              	.LASF36:
 2063 01b3 666F6F74 		.ascii	"footer\000"
 2063      657200
 2064              	.LASF17:
 2065 01ba 646F7562 		.ascii	"double\000"
 2065      6C6500
 2066              	.LASF51:
 2067 01c1 4932435F 		.ascii	"I2C_Peripheral_ReadRegisterMulti\000"
 2067      50657269 
 2067      70686572 
 2067      616C5F52 
 2067      65616452 
 2068              	.LASF34:
 2069 01e2 4F75745A 		.ascii	"OutZ_shifted\000"
 2069      5F736869 
 2069      66746564 
 2069      00
 2070              	.LASF48:
 2071 01ef 4932435F 		.ascii	"I2C_Peripheral_WriteRegister\000"
 2071      50657269 
 2071      70686572 
 2071      616C5F57 
 2071      72697465 
 2072              	.LASF56:
 2073 020c 6D61696E 		.ascii	"main\000"
 2073      00
 2074              	.LASF49:
 2075 0211 6973725F 		.ascii	"isr_StartEx\000"
 2075      53746172 
 2075      74457800 
 2076              	.LASF3:
 2077 021d 5F5F696E 		.ascii	"__int16_t\000"
 2077      7431365F 
 2077      7400
 2078              	.LASF27:
 2079 0227 6374726C 		.ascii	"ctrl_reg1\000"
 2079      5F726567 
ARM GAS  C:\Users\indya\AppData\Local\Temp\ccOkwUHj.s 			page 45


 2079      3100
 2080              	.LASF50:
 2081 0231 54696D65 		.ascii	"Timer_Start\000"
 2081      725F5374 
 2081      61727400 
 2082              	.LASF28:
 2083 023d 6374726C 		.ascii	"ctrl_reg4\000"
 2083      5F726567 
 2083      3400
 2084              	.LASF11:
 2085 0247 756E7369 		.ascii	"unsigned int\000"
 2085      676E6564 
 2085      20696E74 
 2085      00
 2086              	.LASF10:
 2087 0254 6C6F6E67 		.ascii	"long long unsigned int\000"
 2087      206C6F6E 
 2087      6720756E 
 2087      7369676E 
 2087      65642069 
 2088              	.LASF12:
 2089 026b 75696E74 		.ascii	"uint8_t\000"
 2089      385F7400 
 2090              	.LASF13:
 2091 0273 696E7431 		.ascii	"int16_t\000"
 2091      365F7400 
 2092              	.LASF40:
 2093 027b 49544D5F 		.ascii	"ITM_RxBuffer\000"
 2093      52784275 
 2093      66666572 
 2093      00
 2094              	.LASF29:
 2095 0288 4F757458 		.ascii	"OutX\000"
 2095      00
 2096              	.LASF31:
 2097 028d 4F757459 		.ascii	"OutY\000"
 2097      00
 2098              	.LASF33:
 2099 0292 4F75745A 		.ascii	"OutZ\000"
 2099      00
 2100              	.LASF23:
 2101 0297 73697A65 		.ascii	"sizetype\000"
 2101      74797065 
 2101      00
 2102              	.LASF30:
 2103 02a0 4F757458 		.ascii	"OutX_shifted\000"
 2103      5F736869 
 2103      66746564 
 2103      00
 2104              	.LASF25:
 2105 02ad 6572726F 		.ascii	"error\000"
 2105      7200
 2106              	.LASF9:
 2107 02b3 6C6F6E67 		.ascii	"long long int\000"
 2107      206C6F6E 
 2107      6720696E 
 2107      7400
ARM GAS  C:\Users\indya\AppData\Local\Temp\ccOkwUHj.s 			page 46


 2108              	.LASF45:
 2109 02c1 55415254 		.ascii	"UART_Debug_Start\000"
 2109      5F446562 
 2109      75675F53 
 2109      74617274 
 2109      00
 2110              	.LASF54:
 2111 02d2 6D61696E 		.ascii	"main.c\000"
 2111      2E6300
 2112              	.LASF18:
 2113 02d9 63686172 		.ascii	"char\000"
 2113      00
 2114              	.LASF47:
 2115 02de 4932435F 		.ascii	"I2C_Peripheral_ReadRegister\000"
 2115      50657269 
 2115      70686572 
 2115      616C5F52 
 2115      65616452 
 2116              	.LASF4:
 2117 02fa 73686F72 		.ascii	"short int\000"
 2117      7420696E 
 2117      7400
 2118              	.LASF19:
 2119 0304 4E4F5F45 		.ascii	"NO_ERROR\000"
 2119      52524F52 
 2119      00
 2120              	.LASF20:
 2121 030d 4552524F 		.ascii	"ERROR\000"
 2121      5200
 2122              	.LASF26:
 2123 0313 73746174 		.ascii	"status_register\000"
 2123      75735F72 
 2123      65676973 
 2123      74657200 
 2124              	.LASF22:
 2125 0323 6C6F6E67 		.ascii	"long double\000"
 2125      20646F75 
 2125      626C6500 
 2126              	.LASF0:
 2127 032f 7369676E 		.ascii	"signed char\000"
 2127      65642063 
 2127      68617200 
 2128              	.LASF42:
 2129 033b 73707269 		.ascii	"sprintf\000"
 2129      6E746600 
 2130              	.LASF46:
 2131 0343 43794465 		.ascii	"CyDelay\000"
 2131      6C617900 
 2132              	.LASF38:
 2133 034b 41636365 		.ascii	"AccelerationData\000"
 2133      6C657261 
 2133      74696F6E 
 2133      44617461 
 2133      00
 2134              	.LASF44:
 2135 035c 4932435F 		.ascii	"I2C_Peripheral_Start\000"
 2135      50657269 
ARM GAS  C:\Users\indya\AppData\Local\Temp\ccOkwUHj.s 			page 47


 2135      70686572 
 2135      616C5F53 
 2135      74617274 
 2136              		.ident	"GCC: (GNU Tools for ARM Embedded Processors) 5.4.1 20160609 (release) [ARM/embedded-5-bran
